<?xml version="1.0" encoding="UTF-8"?>
<TestRun id="da0df1f0-58e5-44e2-9c18-baff033faea0" name="Hans@HANS-THINKPAD 2016-08-12 08:22:55" runUser="Hans-Thinkpad\Hans" xmlns="http://microsoft.com/schemas/VisualStudio/TeamTest/2010">
  <Times creation="2016-08-12T08:22:55.8738819+08:00" queuing="2016-08-12T08:22:55.8738819+08:00" start="2016-08-12T08:22:55.8778821+08:00" finish="2016-08-12T08:22:56.7109297+08:00" />
  <TestSettings name="default" id="6c7443e9-d5e1-40c8-905d-7eedb729f067">
    <Execution>
      <TestTypeSpecific />
    </Execution>
    <Deployment runDeploymentRoot="Hans_HANS-THINKPAD 2016-08-12 08_22_55" />
    <Properties />
  </TestSettings>
  <Results>
    <UnitTestResult executionId="15cb1204-1bec-4e16-9924-bba2d29c9a2a" testId="8d13645f-ace3-ee52-0b1f-b75f216a1c8a" testName="ExA2_TestWithAName" computerName="HANS-THINKPAD" duration="00:00:00.0093595" startTime="2016-08-12T08:22:55.8008777+08:00" endTime="2016-08-12T08:22:55.8308794+08:00" testType="13cdc9d9-ddb5-4fa4-a97d-d965ccfc6d4b" outcome="Failed" testListId="8c84fa94-04c1-424b-9868-57a2d4851a1d" relativeResultsDirectory="15cb1204-1bec-4e16-9924-bba2d29c9a2a">
      <Output>
        <StdOut>Debug Trace:
John</StdOut>
        <ErrorInfo>
          <Message>Assert.IsTrue failed. There is no output detected</Message>
          <StackTrace>   at ExercisesTest.TestHelper.AssertOutputContains(String expectedOutput) in D:\FOPCSProjects\CSExercisesTemplate\ExercisesTest\TestHelper.cs:line 55
   at ExercisesTest.ExA2Test.ExA2_TestWithAName() in D:\FOPCSProjects\CSExercisesTemplate\ExercisesTest\SectionA\ExA2Test.cs:line 19
</StackTrace>
        </ErrorInfo>
      </Output>
    </UnitTestResult>
    <UnitTestResult executionId="41e74161-e086-4629-9c1e-375aff50cce5" testId="e3d43c25-4879-9987-1b05-886dcab007db" testName="ExC3_TestWithZero" computerName="HANS-THINKPAD" duration="00:00:00.0007092" startTime="2016-08-12T08:22:55.8398799+08:00" endTime="2016-08-12T08:22:55.8408800+08:00" testType="13cdc9d9-ddb5-4fa4-a97d-d965ccfc6d4b" outcome="Failed" testListId="8c84fa94-04c1-424b-9868-57a2d4851a1d" relativeResultsDirectory="41e74161-e086-4629-9c1e-375aff50cce5">
      <Output>
        <ErrorInfo>
          <Message>Assert.AreEqual failed. Expected:&lt;F&gt;. Actual:&lt;(null)&gt;. </Message>
          <StackTrace>   at ExercisesTest.ExC3Test.ExC3_TestWithZero() in D:\FOPCSProjects\CSExercisesTemplate\ExercisesTest\SectionC\ExC3Test.cs:line 14
</StackTrace>
        </ErrorInfo>
      </Output>
    </UnitTestResult>
    <UnitTestResult executionId="a2d14f1d-3d4d-433e-adbd-893a58d73eed" testId="97c4b883-ea03-6670-c7d7-8a5271d03002" testName="ExC3_TestForA" computerName="HANS-THINKPAD" duration="00:00:00.0003991" startTime="2016-08-12T08:22:55.8408800+08:00" endTime="2016-08-12T08:22:55.8418800+08:00" testType="13cdc9d9-ddb5-4fa4-a97d-d965ccfc6d4b" outcome="Failed" testListId="8c84fa94-04c1-424b-9868-57a2d4851a1d" relativeResultsDirectory="a2d14f1d-3d4d-433e-adbd-893a58d73eed">
      <Output>
        <ErrorInfo>
          <Message>Assert.AreEqual failed. Expected:&lt;A&gt;. Actual:&lt;(null)&gt;. </Message>
          <StackTrace>   at ExercisesTest.ExC3Test.ExC3_TestForA() in D:\FOPCSProjects\CSExercisesTemplate\ExercisesTest\SectionC\ExC3Test.cs:line 21
</StackTrace>
        </ErrorInfo>
      </Output>
    </UnitTestResult>
    <UnitTestResult executionId="4843dbac-2fc6-43b0-b3ea-cc9378c9a866" testId="057093fc-37d3-acb2-7e8c-260165b052fe" testName="ExC3_TestForB" computerName="HANS-THINKPAD" duration="00:00:00.0003769" startTime="2016-08-12T08:22:55.8418800+08:00" endTime="2016-08-12T08:22:55.8418800+08:00" testType="13cdc9d9-ddb5-4fa4-a97d-d965ccfc6d4b" outcome="Failed" testListId="8c84fa94-04c1-424b-9868-57a2d4851a1d" relativeResultsDirectory="4843dbac-2fc6-43b0-b3ea-cc9378c9a866">
      <Output>
        <ErrorInfo>
          <Message>Assert.AreEqual failed. Expected:&lt;B&gt;. Actual:&lt;(null)&gt;. </Message>
          <StackTrace>   at ExercisesTest.ExC3Test.ExC3_TestForB() in D:\FOPCSProjects\CSExercisesTemplate\ExercisesTest\SectionC\ExC3Test.cs:line 28
</StackTrace>
        </ErrorInfo>
      </Output>
    </UnitTestResult>
    <UnitTestResult executionId="0418478e-da36-43c8-a81e-36358d810558" testId="9f43dc8a-28c1-8a57-a21b-12b5d329c479" testName="ExC3_TestForC" computerName="HANS-THINKPAD" duration="00:00:00.0004593" startTime="2016-08-12T08:22:55.8428801+08:00" endTime="2016-08-12T08:22:55.8428801+08:00" testType="13cdc9d9-ddb5-4fa4-a97d-d965ccfc6d4b" outcome="Failed" testListId="8c84fa94-04c1-424b-9868-57a2d4851a1d" relativeResultsDirectory="0418478e-da36-43c8-a81e-36358d810558">
      <Output>
        <ErrorInfo>
          <Message>Assert.AreEqual failed. Expected:&lt;C&gt;. Actual:&lt;(null)&gt;. </Message>
          <StackTrace>   at ExercisesTest.ExC3Test.ExC3_TestForC() in D:\FOPCSProjects\CSExercisesTemplate\ExercisesTest\SectionC\ExC3Test.cs:line 35
</StackTrace>
        </ErrorInfo>
      </Output>
    </UnitTestResult>
    <UnitTestResult executionId="ac716a38-73af-401a-82cd-341409d972ef" testId="e77da0c1-e064-d298-63e2-55fde252db14" testName="ExC3_TestWithNegative" computerName="HANS-THINKPAD" duration="00:00:00.0004066" startTime="2016-08-12T08:22:55.8428801+08:00" endTime="2016-08-12T08:22:55.8438801+08:00" testType="13cdc9d9-ddb5-4fa4-a97d-d965ccfc6d4b" outcome="Failed" testListId="8c84fa94-04c1-424b-9868-57a2d4851a1d" relativeResultsDirectory="ac716a38-73af-401a-82cd-341409d972ef">
      <Output>
        <ErrorInfo>
          <Message>Assert.AreEqual failed. Expected:&lt;**Error**&gt;. Actual:&lt;(null)&gt;. </Message>
          <StackTrace>   at ExercisesTest.ExC3Test.ExC3_TestWithNegative() in D:\FOPCSProjects\CSExercisesTemplate\ExercisesTest\SectionC\ExC3Test.cs:line 41
</StackTrace>
        </ErrorInfo>
      </Output>
    </UnitTestResult>
    <UnitTestResult executionId="8126cd69-68d8-4697-bf26-9173e5c01647" testId="736ce668-007a-8538-cb57-b0aa4f59c7ed" testName="ExC3_TestWithLargeNumber" computerName="HANS-THINKPAD" duration="00:00:00.0003914" startTime="2016-08-12T08:22:55.8438801+08:00" endTime="2016-08-12T08:22:55.8438801+08:00" testType="13cdc9d9-ddb5-4fa4-a97d-d965ccfc6d4b" outcome="Failed" testListId="8c84fa94-04c1-424b-9868-57a2d4851a1d" relativeResultsDirectory="8126cd69-68d8-4697-bf26-9173e5c01647">
      <Output>
        <ErrorInfo>
          <Message>Assert.AreEqual failed. Expected:&lt;**Error**&gt;. Actual:&lt;(null)&gt;. </Message>
          <StackTrace>   at ExercisesTest.ExC3Test.ExC3_TestWithLargeNumber() in D:\FOPCSProjects\CSExercisesTemplate\ExercisesTest\SectionC\ExC3Test.cs:line 47
</StackTrace>
        </ErrorInfo>
      </Output>
    </UnitTestResult>
    <UnitTestResult executionId="6e1f151b-0000-45c1-9ef3-a9f295e4e7e2" testId="159ba622-1904-2602-2526-72a12ffa196f" testName="ExB5_TestWithZero" computerName="HANS-THINKPAD" duration="00:00:00.0011080" startTime="2016-08-12T08:22:55.8438801+08:00" endTime="2016-08-12T08:22:55.8458803+08:00" testType="13cdc9d9-ddb5-4fa4-a97d-d965ccfc6d4b" outcome="Failed" testListId="8c84fa94-04c1-424b-9868-57a2d4851a1d" relativeResultsDirectory="6e1f151b-0000-45c1-9ef3-a9f295e4e7e2">
      <Output>
        <StdOut>Debug Trace:</StdOut>
        <ErrorInfo>
          <Message>Assert.IsTrue failed. There is no output detected</Message>
          <StackTrace>   at ExercisesTest.TestHelper.AssertOutput(String expectedOutput) in D:\FOPCSProjects\CSExercisesTemplate\ExercisesTest\TestHelper.cs:line 47
   at ExercisesTest.TestHelper.TestOutputEqual(Type t, String input, String output) in D:\FOPCSProjects\CSExercisesTemplate\ExercisesTest\TestHelper.cs:line 97
   at ExercisesTest.ExB5Test.ExB5_TestWithZero() in D:\FOPCSProjects\CSExercisesTemplate\ExercisesTest\SectionB\ExB5Test.cs:line 13
</StackTrace>
        </ErrorInfo>
      </Output>
    </UnitTestResult>
    <UnitTestResult executionId="10303321-d490-4725-a335-12f3c9320a37" testId="4ce714ee-0184-d714-c26f-c0f025b421a2" testName="ExB5_TestWithRandomPositiveNumber" computerName="HANS-THINKPAD" duration="00:00:00.0005439" startTime="2016-08-12T08:22:55.8458803+08:00" endTime="2016-08-12T08:22:55.8458803+08:00" testType="13cdc9d9-ddb5-4fa4-a97d-d965ccfc6d4b" outcome="Failed" testListId="8c84fa94-04c1-424b-9868-57a2d4851a1d" relativeResultsDirectory="10303321-d490-4725-a335-12f3c9320a37">
      <Output>
        <StdOut>Debug Trace:</StdOut>
        <ErrorInfo>
          <Message>Assert.IsTrue failed. There is no output detected</Message>
          <StackTrace>   at ExercisesTest.TestHelper.AssertOutput(String expectedOutput) in D:\FOPCSProjects\CSExercisesTemplate\ExercisesTest\TestHelper.cs:line 47
   at ExercisesTest.TestHelper.TestOutputEqual(Type t, String input, String output) in D:\FOPCSProjects\CSExercisesTemplate\ExercisesTest\TestHelper.cs:line 97
   at ExercisesTest.ExB5Test.ExB5_TestWithRandomPositiveNumber() in D:\FOPCSProjects\CSExercisesTemplate\ExercisesTest\SectionB\ExB5Test.cs:line 21
</StackTrace>
        </ErrorInfo>
      </Output>
    </UnitTestResult>
    <UnitTestResult executionId="0c2fe726-14ba-4f58-b61e-607778f1d980" testId="56a6c058-ff64-0a54-1bb8-aba4833eba62" testName="ExB5_TestWithRandomNegativeNumber" computerName="HANS-THINKPAD" duration="00:00:00.0005704" startTime="2016-08-12T08:22:55.8498805+08:00" endTime="2016-08-12T08:22:55.8508805+08:00" testType="13cdc9d9-ddb5-4fa4-a97d-d965ccfc6d4b" outcome="Failed" testListId="8c84fa94-04c1-424b-9868-57a2d4851a1d" relativeResultsDirectory="0c2fe726-14ba-4f58-b61e-607778f1d980">
      <Output>
        <StdOut>Debug Trace:</StdOut>
        <ErrorInfo>
          <Message>Assert.IsTrue failed. There is no output detected</Message>
          <StackTrace>   at ExercisesTest.TestHelper.AssertOutput(String expectedOutput) in D:\FOPCSProjects\CSExercisesTemplate\ExercisesTest\TestHelper.cs:line 47
   at ExercisesTest.TestHelper.TestOutputEqual(Type t, String input, String output) in D:\FOPCSProjects\CSExercisesTemplate\ExercisesTest\TestHelper.cs:line 97
   at ExercisesTest.ExB5Test.ExB5_TestWithRandomNegativeNumber() in D:\FOPCSProjects\CSExercisesTemplate\ExercisesTest\SectionB\ExB5Test.cs:line 29
</StackTrace>
        </ErrorInfo>
      </Output>
    </UnitTestResult>
    <UnitTestResult executionId="b72e77e0-b17c-485c-8b78-409f6c758e72" testId="521f27a5-8565-5e7d-7db9-96f0742480e4" testName="ExB4_TestWithZero" computerName="HANS-THINKPAD" duration="00:00:00.0006904" startTime="2016-08-12T08:22:55.8508805+08:00" endTime="2016-08-12T08:22:55.8518806+08:00" testType="13cdc9d9-ddb5-4fa4-a97d-d965ccfc6d4b" outcome="Failed" testListId="8c84fa94-04c1-424b-9868-57a2d4851a1d" relativeResultsDirectory="b72e77e0-b17c-485c-8b78-409f6c758e72">
      <Output>
        <StdOut>Debug Trace:</StdOut>
        <ErrorInfo>
          <Message>Assert.IsTrue failed. There is no output detected</Message>
          <StackTrace>   at ExercisesTest.TestHelper.AssertOutputContains(String expectedOutput) in D:\FOPCSProjects\CSExercisesTemplate\ExercisesTest\TestHelper.cs:line 55
   at ExercisesTest.TestHelper.TestOutputContains(Type t, String input, String output) in D:\FOPCSProjects\CSExercisesTemplate\ExercisesTest\TestHelper.cs:line 115
   at ExercisesTest.ExB4Test.ExB4_TestWithZero() in D:\FOPCSProjects\CSExercisesTemplate\ExercisesTest\SectionB\ExB4Test.cs:line 13
</StackTrace>
        </ErrorInfo>
      </Output>
    </UnitTestResult>
    <UnitTestResult executionId="634c4f67-3e23-4db1-93dd-52a26058f967" testId="d3c73420-c493-2580-26b5-713efb8af071" testName="ExB4_TestWithRandomPositiveNumber" computerName="HANS-THINKPAD" duration="00:00:00.0005244" startTime="2016-08-12T08:22:55.8518806+08:00" endTime="2016-08-12T08:22:55.8518806+08:00" testType="13cdc9d9-ddb5-4fa4-a97d-d965ccfc6d4b" outcome="Failed" testListId="8c84fa94-04c1-424b-9868-57a2d4851a1d" relativeResultsDirectory="634c4f67-3e23-4db1-93dd-52a26058f967">
      <Output>
        <StdOut>Debug Trace:</StdOut>
        <ErrorInfo>
          <Message>Assert.IsTrue failed. There is no output detected</Message>
          <StackTrace>   at ExercisesTest.TestHelper.AssertOutputContains(String expectedOutput) in D:\FOPCSProjects\CSExercisesTemplate\ExercisesTest\TestHelper.cs:line 55
   at ExercisesTest.TestHelper.TestOutputContains(Type t, String input, String output) in D:\FOPCSProjects\CSExercisesTemplate\ExercisesTest\TestHelper.cs:line 115
   at ExercisesTest.ExB4Test.ExB4_TestWithRandomPositiveNumber() in D:\FOPCSProjects\CSExercisesTemplate\ExercisesTest\SectionB\ExB4Test.cs:line 21
</StackTrace>
        </ErrorInfo>
      </Output>
    </UnitTestResult>
    <UnitTestResult executionId="1dcc3151-a5e9-4f40-903b-51e379fc18c3" testId="07543d53-3299-9504-fc22-6f3224244293" testName="ExB4_TestWithRandomNegativeNumber" computerName="HANS-THINKPAD" duration="00:00:00.0005404" startTime="2016-08-12T08:22:55.8528807+08:00" endTime="2016-08-12T08:22:55.8528807+08:00" testType="13cdc9d9-ddb5-4fa4-a97d-d965ccfc6d4b" outcome="Failed" testListId="8c84fa94-04c1-424b-9868-57a2d4851a1d" relativeResultsDirectory="1dcc3151-a5e9-4f40-903b-51e379fc18c3">
      <Output>
        <StdOut>Debug Trace:</StdOut>
        <ErrorInfo>
          <Message>Assert.IsTrue failed. There is no output detected</Message>
          <StackTrace>   at ExercisesTest.TestHelper.AssertOutputContains(String expectedOutput) in D:\FOPCSProjects\CSExercisesTemplate\ExercisesTest\TestHelper.cs:line 55
   at ExercisesTest.TestHelper.TestOutputContains(Type t, String input, String output) in D:\FOPCSProjects\CSExercisesTemplate\ExercisesTest\TestHelper.cs:line 115
   at ExercisesTest.ExB4Test.ExB4_TestWithRandomNegativeNumber() in D:\FOPCSProjects\CSExercisesTemplate\ExercisesTest\SectionB\ExB4Test.cs:line 29
</StackTrace>
        </ErrorInfo>
      </Output>
    </UnitTestResult>
    <UnitTestResult executionId="452a10de-6bcd-457c-bd72-5e4cc1e7443b" testId="547d9154-166e-a709-4ab7-dbf01b9db8a0" testName="ExB3_TestWithZero" computerName="HANS-THINKPAD" duration="00:00:00.0006129" startTime="2016-08-12T08:22:55.8528807+08:00" endTime="2016-08-12T08:22:55.8538807+08:00" testType="13cdc9d9-ddb5-4fa4-a97d-d965ccfc6d4b" outcome="Failed" testListId="8c84fa94-04c1-424b-9868-57a2d4851a1d" relativeResultsDirectory="452a10de-6bcd-457c-bd72-5e4cc1e7443b">
      <Output>
        <StdOut>Debug Trace:</StdOut>
        <ErrorInfo>
          <Message>Assert.IsTrue failed. There is no output detected</Message>
          <StackTrace>   at ExercisesTest.TestHelper.AssertOutputContains(String expectedOutput) in D:\FOPCSProjects\CSExercisesTemplate\ExercisesTest\TestHelper.cs:line 55
   at ExercisesTest.TestHelper.TestOutputContains(Type t, String input, String output) in D:\FOPCSProjects\CSExercisesTemplate\ExercisesTest\TestHelper.cs:line 115
   at ExercisesTest.ExB3Test.ExB3_TestWithZero() in D:\FOPCSProjects\CSExercisesTemplate\ExercisesTest\SectionB\ExB3Test.cs:line 13
</StackTrace>
        </ErrorInfo>
      </Output>
    </UnitTestResult>
    <UnitTestResult executionId="0f2aa0b9-eab4-494a-bd9d-270bc0ac7c4e" testId="ff06b2a1-aac2-2828-23bf-4e83c2715f17" testName="ExB3_TestWithRandomNumber" computerName="HANS-THINKPAD" duration="00:00:00.0006295" startTime="2016-08-12T08:22:55.8538807+08:00" endTime="2016-08-12T08:22:55.8548808+08:00" testType="13cdc9d9-ddb5-4fa4-a97d-d965ccfc6d4b" outcome="Failed" testListId="8c84fa94-04c1-424b-9868-57a2d4851a1d" relativeResultsDirectory="0f2aa0b9-eab4-494a-bd9d-270bc0ac7c4e">
      <Output>
        <StdOut>Debug Trace:</StdOut>
        <ErrorInfo>
          <Message>Assert.IsTrue failed. There is no output detected</Message>
          <StackTrace>   at ExercisesTest.TestHelper.AssertOutputContains(String expectedOutput) in D:\FOPCSProjects\CSExercisesTemplate\ExercisesTest\TestHelper.cs:line 55
   at ExercisesTest.TestHelper.TestOutputContains(Type t, String input, String output) in D:\FOPCSProjects\CSExercisesTemplate\ExercisesTest\TestHelper.cs:line 115
   at ExercisesTest.ExB3Test.ExB3_TestWithRandomNumber() in D:\FOPCSProjects\CSExercisesTemplate\ExercisesTest\SectionB\ExB3Test.cs:line 21
</StackTrace>
        </ErrorInfo>
      </Output>
    </UnitTestResult>
    <UnitTestResult executionId="326e9607-13ad-45db-b16c-8bc5936485f8" testId="dd7a1cf7-7671-a70a-aef5-f365aedd4d0e" testName="ExB2_TestWithZero" computerName="HANS-THINKPAD" duration="00:00:00.0005195" startTime="2016-08-12T08:22:55.8548808+08:00" endTime="2016-08-12T08:22:55.8558808+08:00" testType="13cdc9d9-ddb5-4fa4-a97d-d965ccfc6d4b" outcome="Failed" testListId="8c84fa94-04c1-424b-9868-57a2d4851a1d" relativeResultsDirectory="326e9607-13ad-45db-b16c-8bc5936485f8">
      <Output>
        <ErrorInfo>
          <Message>Assert.AreEqual failed. Expected:&lt;0.000&gt;. Actual:&lt;(null)&gt;. </Message>
          <StackTrace>   at ExercisesTest.ExB2Test.ExB2_TestWithZero() in D:\FOPCSProjects\CSExercisesTemplate\ExercisesTest\SectionB\ExB2Test.cs:line 13
</StackTrace>
        </ErrorInfo>
      </Output>
    </UnitTestResult>
    <UnitTestResult executionId="598e543e-83d8-4e03-a79f-7ff6c9a98b91" testId="1e6e95e5-93d0-8567-b766-24daa399e7a5" testName="ExB2_TestWithRandomNumber" computerName="HANS-THINKPAD" duration="00:00:00.0004593" startTime="2016-08-12T08:22:55.8558808+08:00" endTime="2016-08-12T08:22:55.8558808+08:00" testType="13cdc9d9-ddb5-4fa4-a97d-d965ccfc6d4b" outcome="Failed" testListId="8c84fa94-04c1-424b-9868-57a2d4851a1d" relativeResultsDirectory="598e543e-83d8-4e03-a79f-7ff6c9a98b91">
      <Output>
        <ErrorInfo>
          <Message>Assert.AreEqual failed. Expected:&lt;5.000&gt;. Actual:&lt;(null)&gt;. </Message>
          <StackTrace>   at ExercisesTest.ExB2Test.ExB2_TestWithRandomNumber() in D:\FOPCSProjects\CSExercisesTemplate\ExercisesTest\SectionB\ExB2Test.cs:line 19
</StackTrace>
        </ErrorInfo>
      </Output>
    </UnitTestResult>
    <UnitTestResult executionId="452498ea-f041-4749-ba41-33b9a94b651a" testId="928f0289-fc26-87c9-cbcc-7860f04c41e5" testName="ExB1_TestWithZero" computerName="HANS-THINKPAD" duration="00:00:00.0001450" startTime="2016-08-12T08:22:55.8558808+08:00" endTime="2016-08-12T08:22:55.8568809+08:00" testType="13cdc9d9-ddb5-4fa4-a97d-d965ccfc6d4b" outcome="Passed" testListId="8c84fa94-04c1-424b-9868-57a2d4851a1d" relativeResultsDirectory="452498ea-f041-4749-ba41-33b9a94b651a" />
    <UnitTestResult executionId="50f0cbf5-6d27-4ccd-89e0-6910b7818840" testId="cf3fce46-434f-4b13-6b4c-ced354dd07f6" testName="ExB1_TestWithRandomNumber" computerName="HANS-THINKPAD" duration="00:00:00.0005205" startTime="2016-08-12T08:22:55.8568809+08:00" endTime="2016-08-12T08:22:55.8568809+08:00" testType="13cdc9d9-ddb5-4fa4-a97d-d965ccfc6d4b" outcome="Failed" testListId="8c84fa94-04c1-424b-9868-57a2d4851a1d" relativeResultsDirectory="50f0cbf5-6d27-4ccd-89e0-6910b7818840">
      <Output>
        <ErrorInfo>
          <Message>Assert.AreEqual failed. Expected a difference no greater than &lt;1E-05&gt; between expected value &lt;3.05327365298298&gt; and actual value &lt;0&gt;. </Message>
          <StackTrace>   at ExercisesTest.ExB1Test.ExB1_TestWithRandomNumber() in D:\FOPCSProjects\CSExercisesTemplate\ExercisesTest\SectionB\ExB1Test.cs:line 21
</StackTrace>
        </ErrorInfo>
      </Output>
    </UnitTestResult>
    <UnitTestResult executionId="e61b2594-7d34-4272-a5a6-5abc519cb84e" testId="76d0a13b-ab80-9522-b82c-80ef6e94b587" testName="ExA5_Case1" computerName="HANS-THINKPAD" duration="00:00:00.0006306" startTime="2016-08-12T08:22:55.8568809+08:00" endTime="2016-08-12T08:22:55.8578809+08:00" testType="13cdc9d9-ddb5-4fa4-a97d-d965ccfc6d4b" outcome="Failed" testListId="8c84fa94-04c1-424b-9868-57a2d4851a1d" relativeResultsDirectory="e61b2594-7d34-4272-a5a6-5abc519cb84e">
      <Output>
        <StdOut>Debug Trace:
100.1</StdOut>
        <ErrorInfo>
          <Message>Assert.IsTrue failed. There is no output detected</Message>
          <StackTrace>   at ExercisesTest.TestHelper.AssertOutputContains(String expectedOutput) in D:\FOPCSProjects\CSExercisesTemplate\ExercisesTest\TestHelper.cs:line 55
   at ExercisesTest.ExA5Test.ExA5_Case1() in D:\FOPCSProjects\CSExercisesTemplate\ExercisesTest\SectionA\ExA5Test.cs:line 16
</StackTrace>
        </ErrorInfo>
      </Output>
    </UnitTestResult>
    <UnitTestResult executionId="73c5e07e-fa82-4454-9186-f2b15c3dff05" testId="22a0a7fb-7586-1091-0284-41aa8e900d3a" testName="ExA5_Case2" computerName="HANS-THINKPAD" duration="00:00:00.0004862" startTime="2016-08-12T08:22:55.8578809+08:00" endTime="2016-08-12T08:22:55.8588810+08:00" testType="13cdc9d9-ddb5-4fa4-a97d-d965ccfc6d4b" outcome="Failed" testListId="8c84fa94-04c1-424b-9868-57a2d4851a1d" relativeResultsDirectory="73c5e07e-fa82-4454-9186-f2b15c3dff05">
      <Output>
        <StdOut>Debug Trace:
0</StdOut>
        <ErrorInfo>
          <Message>Assert.IsTrue failed. There is no output detected</Message>
          <StackTrace>   at ExercisesTest.TestHelper.AssertOutputContains(String expectedOutput) in D:\FOPCSProjects\CSExercisesTemplate\ExercisesTest\TestHelper.cs:line 55
   at ExercisesTest.ExA5Test.ExA5_Case2() in D:\FOPCSProjects\CSExercisesTemplate\ExercisesTest\SectionA\ExA5Test.cs:line 25
</StackTrace>
        </ErrorInfo>
      </Output>
    </UnitTestResult>
    <UnitTestResult executionId="5e08d42e-2c22-4104-a729-f9179d14d4ce" testId="220c17f5-86fd-d612-976c-3a2f2514a9ee" testName="ExA5_Case3" computerName="HANS-THINKPAD" duration="00:00:00.0004522" startTime="2016-08-12T08:22:55.8588810+08:00" endTime="2016-08-12T08:22:55.8588810+08:00" testType="13cdc9d9-ddb5-4fa4-a97d-d965ccfc6d4b" outcome="Failed" testListId="8c84fa94-04c1-424b-9868-57a2d4851a1d" relativeResultsDirectory="5e08d42e-2c22-4104-a729-f9179d14d4ce">
      <Output>
        <StdOut>Debug Trace:
3.232</StdOut>
        <ErrorInfo>
          <Message>Assert.IsTrue failed. There is no output detected</Message>
          <StackTrace>   at ExercisesTest.TestHelper.AssertOutputContains(String expectedOutput) in D:\FOPCSProjects\CSExercisesTemplate\ExercisesTest\TestHelper.cs:line 55
   at ExercisesTest.ExA5Test.ExA5_Case3() in D:\FOPCSProjects\CSExercisesTemplate\ExercisesTest\SectionA\ExA5Test.cs:line 34
</StackTrace>
        </ErrorInfo>
      </Output>
    </UnitTestResult>
    <UnitTestResult executionId="be3bd975-f705-4acd-89b1-3e9511c1e2bd" testId="eeda8489-f414-b738-730a-b86d9a065988" testName="ExA5_Case4" computerName="HANS-THINKPAD" duration="00:00:00.0004444" startTime="2016-08-12T08:22:55.8588810+08:00" endTime="2016-08-12T08:22:55.8598811+08:00" testType="13cdc9d9-ddb5-4fa4-a97d-d965ccfc6d4b" outcome="Failed" testListId="8c84fa94-04c1-424b-9868-57a2d4851a1d" relativeResultsDirectory="be3bd975-f705-4acd-89b1-3e9511c1e2bd">
      <Output>
        <StdOut>Debug Trace:
4.555</StdOut>
        <ErrorInfo>
          <Message>Assert.IsTrue failed. There is no output detected</Message>
          <StackTrace>   at ExercisesTest.TestHelper.AssertOutputContains(String expectedOutput) in D:\FOPCSProjects\CSExercisesTemplate\ExercisesTest\TestHelper.cs:line 55
   at ExercisesTest.ExA5Test.ExA5_Case4() in D:\FOPCSProjects\CSExercisesTemplate\ExercisesTest\SectionA\ExA5Test.cs:line 43
</StackTrace>
        </ErrorInfo>
      </Output>
    </UnitTestResult>
    <UnitTestResult executionId="50efc254-2403-43d4-9511-379ff387ea73" testId="7c77c2c8-c4ae-c33d-b32c-0c27ea0a4ea6" testName="ExA4_SquareOf0" computerName="HANS-THINKPAD" duration="00:00:00.0006816" startTime="2016-08-12T08:22:55.8598811+08:00" endTime="2016-08-12T08:22:55.8608811+08:00" testType="13cdc9d9-ddb5-4fa4-a97d-d965ccfc6d4b" outcome="Passed" testListId="8c84fa94-04c1-424b-9868-57a2d4851a1d" relativeResultsDirectory="50efc254-2403-43d4-9511-379ff387ea73" />
    <UnitTestResult executionId="cfe7954b-77fc-47ef-9922-505a6a00894e" testId="06b9133f-4899-3a9e-2fb2-27c70cb6b199" testName="ExA4_SquareOf10" computerName="HANS-THINKPAD" duration="00:00:00.0004947" startTime="2016-08-12T08:22:55.8608811+08:00" endTime="2016-08-12T08:22:55.8618812+08:00" testType="13cdc9d9-ddb5-4fa4-a97d-d965ccfc6d4b" outcome="Failed" testListId="8c84fa94-04c1-424b-9868-57a2d4851a1d" relativeResultsDirectory="cfe7954b-77fc-47ef-9922-505a6a00894e">
      <Output>
        <ErrorInfo>
          <Message>Assert.AreEqual failed. Expected:&lt;100&gt;. Actual:&lt;0&gt;. Square of 10 should be 100</Message>
          <StackTrace>   at ExercisesTest.ExA4Test.ExA4_SquareOf10() in D:\FOPCSProjects\CSExercisesTemplate\ExercisesTest\SectionA\ExA4Test.cs:line 21
</StackTrace>
        </ErrorInfo>
      </Output>
    </UnitTestResult>
    <UnitTestResult executionId="012c92b3-e96b-4c38-9f00-f883c4d82216" testId="bb1830d4-461e-fe67-a1f1-5256b7d4a372" testName="ExA4_SquareOfMin10" computerName="HANS-THINKPAD" duration="00:00:00.0004367" startTime="2016-08-12T08:22:55.8618812+08:00" endTime="2016-08-12T08:22:55.8618812+08:00" testType="13cdc9d9-ddb5-4fa4-a97d-d965ccfc6d4b" outcome="Failed" testListId="8c84fa94-04c1-424b-9868-57a2d4851a1d" relativeResultsDirectory="012c92b3-e96b-4c38-9f00-f883c4d82216">
      <Output>
        <ErrorInfo>
          <Message>Assert.AreEqual failed. Expected:&lt;100&gt;. Actual:&lt;0&gt;. Square of -10 should be 100</Message>
          <StackTrace>   at ExercisesTest.ExA4Test.ExA4_SquareOfMin10() in D:\FOPCSProjects\CSExercisesTemplate\ExercisesTest\SectionA\ExA4Test.cs:line 28
</StackTrace>
        </ErrorInfo>
      </Output>
    </UnitTestResult>
    <UnitTestResult executionId="9fc69771-4dcc-4863-adea-7b7b95fbd1a3" testId="b0fe1b76-85dd-996a-6897-764077fa221a" testName="ExB6_TestWithZero" computerName="HANS-THINKPAD" duration="00:00:00.0006196" startTime="2016-08-12T08:22:55.8618812+08:00" endTime="2016-08-12T08:22:55.8628812+08:00" testType="13cdc9d9-ddb5-4fa4-a97d-d965ccfc6d4b" outcome="Failed" testListId="8c84fa94-04c1-424b-9868-57a2d4851a1d" relativeResultsDirectory="9fc69771-4dcc-4863-adea-7b7b95fbd1a3">
      <Output>
        <StdOut>Debug Trace:</StdOut>
        <ErrorInfo>
          <Message>Assert.IsTrue failed. There is no output detected</Message>
          <StackTrace>   at ExercisesTest.TestHelper.AssertOutput(String expectedOutput) in D:\FOPCSProjects\CSExercisesTemplate\ExercisesTest\TestHelper.cs:line 47
   at ExercisesTest.ExB6Test.ExB6_TestWithZero() in D:\FOPCSProjects\CSExercisesTemplate\ExercisesTest\SectionB\ExB6Test.cs:line 16
</StackTrace>
        </ErrorInfo>
      </Output>
    </UnitTestResult>
    <UnitTestResult executionId="1dc9068b-ba67-4bc7-88ba-2383ce026191" testId="3e2b89e5-e2cc-63c8-e53e-5e4f06942620" testName="ExB6_TestWithPositiveNumber" computerName="HANS-THINKPAD" duration="00:00:00.0005074" startTime="2016-08-12T08:22:55.8628812+08:00" endTime="2016-08-12T08:22:55.8638813+08:00" testType="13cdc9d9-ddb5-4fa4-a97d-d965ccfc6d4b" outcome="Failed" testListId="8c84fa94-04c1-424b-9868-57a2d4851a1d" relativeResultsDirectory="1dc9068b-ba67-4bc7-88ba-2383ce026191">
      <Output>
        <StdOut>Debug Trace:</StdOut>
        <ErrorInfo>
          <Message>Assert.IsTrue failed. There is no output detected</Message>
          <StackTrace>   at ExercisesTest.TestHelper.AssertOutput(String expectedOutput) in D:\FOPCSProjects\CSExercisesTemplate\ExercisesTest\TestHelper.cs:line 47
   at ExercisesTest.ExB6Test.ExB6_TestWithPositiveNumber() in D:\FOPCSProjects\CSExercisesTemplate\ExercisesTest\SectionB\ExB6Test.cs:line 25
</StackTrace>
        </ErrorInfo>
      </Output>
    </UnitTestResult>
    <UnitTestResult executionId="72ae69cd-04a4-40ec-9c64-c35a9cd149bd" testId="09a74379-7aab-b6a3-6c3c-bf77ba90813f" testName="ExB6_TestWithNegativeNumber" computerName="HANS-THINKPAD" duration="00:00:00.0005078" startTime="2016-08-12T08:22:55.8638813+08:00" endTime="2016-08-12T08:22:55.8638813+08:00" testType="13cdc9d9-ddb5-4fa4-a97d-d965ccfc6d4b" outcome="Failed" testListId="8c84fa94-04c1-424b-9868-57a2d4851a1d" relativeResultsDirectory="72ae69cd-04a4-40ec-9c64-c35a9cd149bd">
      <Output>
        <StdOut>Debug Trace:</StdOut>
        <ErrorInfo>
          <Message>Assert.IsTrue failed. There is no output detected</Message>
          <StackTrace>   at ExercisesTest.TestHelper.AssertOutput(String expectedOutput) in D:\FOPCSProjects\CSExercisesTemplate\ExercisesTest\TestHelper.cs:line 47
   at ExercisesTest.ExB6Test.ExB6_TestWithNegativeNumber() in D:\FOPCSProjects\CSExercisesTemplate\ExercisesTest\SectionB\ExB6Test.cs:line 34
</StackTrace>
        </ErrorInfo>
      </Output>
    </UnitTestResult>
    <UnitTestResult executionId="8b339aaf-1ed2-4c7d-9d0e-043c97353284" testId="5d10d8c6-9801-fba8-47ea-4f24d629e64e" testName="ExB7_TestWithZero" computerName="HANS-THINKPAD" duration="00:00:00.0006210" startTime="2016-08-12T08:22:55.8638813+08:00" endTime="2016-08-12T08:22:55.8648813+08:00" testType="13cdc9d9-ddb5-4fa4-a97d-d965ccfc6d4b" outcome="Failed" testListId="8c84fa94-04c1-424b-9868-57a2d4851a1d" relativeResultsDirectory="8b339aaf-1ed2-4c7d-9d0e-043c97353284">
      <Output>
        <StdOut>Debug Trace:</StdOut>
        <ErrorInfo>
          <Message>Assert.IsTrue failed. There is no output detected</Message>
          <StackTrace>   at ExercisesTest.TestHelper.AssertOutput(String expectedOutput) in D:\FOPCSProjects\CSExercisesTemplate\ExercisesTest\TestHelper.cs:line 47
   at ExercisesTest.TestHelper.TestOutputEqual(Type t, String input, String output) in D:\FOPCSProjects\CSExercisesTemplate\ExercisesTest\TestHelper.cs:line 97
   at ExercisesTest.ExB7Test.ExB7_TestWithZero() in D:\FOPCSProjects\CSExercisesTemplate\ExercisesTest\SectionB\ExB7Test.cs:line 13
</StackTrace>
        </ErrorInfo>
      </Output>
    </UnitTestResult>
    <UnitTestResult executionId="3489795f-76df-4a38-81a1-797d230583c1" testId="8a3c2921-0d21-9733-b802-8fd60efda746" testName="ExB7_TestWithRandomPositiveNumber" computerName="HANS-THINKPAD" duration="00:00:00.0005810" startTime="2016-08-12T08:22:55.8648813+08:00" endTime="2016-08-12T08:22:55.8658814+08:00" testType="13cdc9d9-ddb5-4fa4-a97d-d965ccfc6d4b" outcome="Failed" testListId="8c84fa94-04c1-424b-9868-57a2d4851a1d" relativeResultsDirectory="3489795f-76df-4a38-81a1-797d230583c1">
      <Output>
        <StdOut>Debug Trace:</StdOut>
        <ErrorInfo>
          <Message>Assert.IsTrue failed. There is no output detected</Message>
          <StackTrace>   at ExercisesTest.TestHelper.AssertOutput(String expectedOutput) in D:\FOPCSProjects\CSExercisesTemplate\ExercisesTest\TestHelper.cs:line 47
   at ExercisesTest.TestHelper.TestOutputEqual(Type t, String input, String output) in D:\FOPCSProjects\CSExercisesTemplate\ExercisesTest\TestHelper.cs:line 97
   at ExercisesTest.ExB7Test.ExB7_TestWithRandomPositiveNumber() in D:\FOPCSProjects\CSExercisesTemplate\ExercisesTest\SectionB\ExB7Test.cs:line 23
</StackTrace>
        </ErrorInfo>
      </Output>
    </UnitTestResult>
    <UnitTestResult executionId="71e299e8-b421-4046-9a96-a465a4933e99" testId="d8f4ff5b-1da8-68e0-6735-dca747510bd3" testName="ExB8_TestWithZero" computerName="HANS-THINKPAD" duration="00:00:00.0006016" startTime="2016-08-12T08:22:55.8658814+08:00" endTime="2016-08-12T08:22:55.8668815+08:00" testType="13cdc9d9-ddb5-4fa4-a97d-d965ccfc6d4b" outcome="Failed" testListId="8c84fa94-04c1-424b-9868-57a2d4851a1d" relativeResultsDirectory="71e299e8-b421-4046-9a96-a465a4933e99">
      <Output>
        <StdOut>Debug Trace:</StdOut>
        <ErrorInfo>
          <Message>Assert.IsTrue failed. There is no output detected</Message>
          <StackTrace>   at ExercisesTest.TestHelper.AssertOutput(String expectedOutput) in D:\FOPCSProjects\CSExercisesTemplate\ExercisesTest\TestHelper.cs:line 47
   at ExercisesTest.TestHelper.TestOutputEqual(Type t, String input, String output) in D:\FOPCSProjects\CSExercisesTemplate\ExercisesTest\TestHelper.cs:line 97
   at ExercisesTest.ExB8Test.ExB8_TestWithZero() in D:\FOPCSProjects\CSExercisesTemplate\ExercisesTest\SectionB\ExB8Test.cs:line 13
</StackTrace>
        </ErrorInfo>
      </Output>
    </UnitTestResult>
    <UnitTestResult executionId="d12ea409-bfd5-4692-be82-42ecfe325ca7" testId="4c46834b-f4c3-08ad-a27c-3715addd7c00" testName="ExB8_TestWithRandomPositiveNumber" computerName="HANS-THINKPAD" duration="00:00:00.0005856" startTime="2016-08-12T08:22:55.8668815+08:00" endTime="2016-08-12T08:22:55.8668815+08:00" testType="13cdc9d9-ddb5-4fa4-a97d-d965ccfc6d4b" outcome="Failed" testListId="8c84fa94-04c1-424b-9868-57a2d4851a1d" relativeResultsDirectory="d12ea409-bfd5-4692-be82-42ecfe325ca7">
      <Output>
        <StdOut>Debug Trace:</StdOut>
        <ErrorInfo>
          <Message>Assert.IsTrue failed. There is no output detected</Message>
          <StackTrace>   at ExercisesTest.TestHelper.AssertOutput(String expectedOutput) in D:\FOPCSProjects\CSExercisesTemplate\ExercisesTest\TestHelper.cs:line 47
   at ExercisesTest.TestHelper.TestOutputEqual(Type t, String input, String output) in D:\FOPCSProjects\CSExercisesTemplate\ExercisesTest\TestHelper.cs:line 97
   at ExercisesTest.ExB8Test.ExB8_TestWithRandomPositiveNumber() in D:\FOPCSProjects\CSExercisesTemplate\ExercisesTest\SectionB\ExB8Test.cs:line 23
</StackTrace>
        </ErrorInfo>
      </Output>
    </UnitTestResult>
    <UnitTestResult executionId="9986cb55-0b3b-461e-8a06-48b96f05e034" testId="4d421191-ce69-78f3-5526-c5d9422be733" testName="ExB9TestWithZero" computerName="HANS-THINKPAD" duration="00:00:00.0005867" startTime="2016-08-12T08:22:55.8668815+08:00" endTime="2016-08-12T08:22:55.8678815+08:00" testType="13cdc9d9-ddb5-4fa4-a97d-d965ccfc6d4b" outcome="Failed" testListId="8c84fa94-04c1-424b-9868-57a2d4851a1d" relativeResultsDirectory="9986cb55-0b3b-461e-8a06-48b96f05e034">
      <Output>
        <StdOut>Debug Trace:</StdOut>
        <ErrorInfo>
          <Message>Assert.IsTrue failed. There is no output detected</Message>
          <StackTrace>   at ExercisesTest.TestHelper.AssertOutput(String expectedOutput) in D:\FOPCSProjects\CSExercisesTemplate\ExercisesTest\TestHelper.cs:line 47
   at ExercisesTest.TestHelper.TestOutputEqual(Type t, String input, String output) in D:\FOPCSProjects\CSExercisesTemplate\ExercisesTest\TestHelper.cs:line 97
   at ExercisesTest.ExB9Test.ExB9TestWithZero() in D:\FOPCSProjects\CSExercisesTemplate\ExercisesTest\SectionB\ExB9Test.cs:line 13
</StackTrace>
        </ErrorInfo>
      </Output>
    </UnitTestResult>
    <UnitTestResult executionId="2ad6b73b-33ea-455e-8c7c-c46411b812e2" testId="2514325f-8396-182f-50e8-0dd4b88ec67a" testName="ExB9TestWithRandomPositiveNumber" computerName="HANS-THINKPAD" duration="00:00:00.0006076" startTime="2016-08-12T08:22:55.8678815+08:00" endTime="2016-08-12T08:22:55.8688816+08:00" testType="13cdc9d9-ddb5-4fa4-a97d-d965ccfc6d4b" outcome="Failed" testListId="8c84fa94-04c1-424b-9868-57a2d4851a1d" relativeResultsDirectory="2ad6b73b-33ea-455e-8c7c-c46411b812e2">
      <Output>
        <StdOut>Debug Trace:</StdOut>
        <ErrorInfo>
          <Message>Assert.IsTrue failed. There is no output detected</Message>
          <StackTrace>   at ExercisesTest.TestHelper.AssertOutput(String expectedOutput) in D:\FOPCSProjects\CSExercisesTemplate\ExercisesTest\TestHelper.cs:line 47
   at ExercisesTest.TestHelper.TestOutputEqual(Type t, String input, String output) in D:\FOPCSProjects\CSExercisesTemplate\ExercisesTest\TestHelper.cs:line 97
   at ExercisesTest.ExB9Test.ExB9TestWithRandomPositiveNumber() in D:\FOPCSProjects\CSExercisesTemplate\ExercisesTest\SectionB\ExB9Test.cs:line 23
</StackTrace>
        </ErrorInfo>
      </Output>
    </UnitTestResult>
    <UnitTestResult executionId="c986cf22-1674-4a69-8904-7052491b179a" testId="2f64d7d7-397c-497d-5ac2-6f48b2c6e87a" testName="ExB10_TestWithZero" computerName="HANS-THINKPAD" duration="00:00:00.0006713" startTime="2016-08-12T08:22:55.8688816+08:00" endTime="2016-08-12T08:22:55.8698816+08:00" testType="13cdc9d9-ddb5-4fa4-a97d-d965ccfc6d4b" outcome="Failed" testListId="8c84fa94-04c1-424b-9868-57a2d4851a1d" relativeResultsDirectory="c986cf22-1674-4a69-8904-7052491b179a">
      <Output>
        <StdOut>Debug Trace:</StdOut>
        <ErrorInfo>
          <Message>Assert.IsTrue failed. There is no output detected</Message>
          <StackTrace>   at ExercisesTest.TestHelper.AssertOutput(String expectedOutput) in D:\FOPCSProjects\CSExercisesTemplate\ExercisesTest\TestHelper.cs:line 47
   at ExercisesTest.ExB10_Test.ExB10_TestWithZero() in D:\FOPCSProjects\CSExercisesTemplate\ExercisesTest\SectionB\ExB10Test.cs:line 16
</StackTrace>
        </ErrorInfo>
      </Output>
    </UnitTestResult>
    <UnitTestResult executionId="50fc7811-2d24-4670-af52-7f69259ebbf0" testId="2c0176f9-773e-372e-9030-1985551cf0c5" testName="ExB10_TestWithPositiveNumber" computerName="HANS-THINKPAD" duration="00:00:00.0005011" startTime="2016-08-12T08:22:55.8698816+08:00" endTime="2016-08-12T08:22:55.8708817+08:00" testType="13cdc9d9-ddb5-4fa4-a97d-d965ccfc6d4b" outcome="Failed" testListId="8c84fa94-04c1-424b-9868-57a2d4851a1d" relativeResultsDirectory="50fc7811-2d24-4670-af52-7f69259ebbf0">
      <Output>
        <StdOut>Debug Trace:</StdOut>
        <ErrorInfo>
          <Message>Assert.IsTrue failed. There is no output detected</Message>
          <StackTrace>   at ExercisesTest.TestHelper.AssertOutput(String expectedOutput) in D:\FOPCSProjects\CSExercisesTemplate\ExercisesTest\TestHelper.cs:line 47
   at ExercisesTest.ExB10_Test.ExB10_TestWithPositiveNumber() in D:\FOPCSProjects\CSExercisesTemplate\ExercisesTest\SectionB\ExB10Test.cs:line 25
</StackTrace>
        </ErrorInfo>
      </Output>
    </UnitTestResult>
    <UnitTestResult executionId="8735c0a1-a8a9-4758-a59f-4d7126181859" testId="f44f585d-496a-ceff-8ec5-5aa583d03039" testName="ExC5_TestWithAmstrongNumber" computerName="HANS-THINKPAD" duration="00:00:00.0005411" startTime="2016-08-12T08:22:55.8708817+08:00" endTime="2016-08-12T08:22:55.8708817+08:00" testType="13cdc9d9-ddb5-4fa4-a97d-d965ccfc6d4b" outcome="Failed" testListId="8c84fa94-04c1-424b-9868-57a2d4851a1d" relativeResultsDirectory="8735c0a1-a8a9-4758-a59f-4d7126181859">
      <Output>
        <StdOut>Debug Trace:</StdOut>
        <ErrorInfo>
          <Message>Assert.IsTrue failed. There is no output detected</Message>
          <StackTrace>   at ExercisesTest.TestHelper.AssertOutput(String expectedOutput) in D:\FOPCSProjects\CSExercisesTemplate\ExercisesTest\TestHelper.cs:line 47
   at ExercisesTest.TestHelper.TestOutputEqual(Type t, String input, String output) in D:\FOPCSProjects\CSExercisesTemplate\ExercisesTest\TestHelper.cs:line 97
   at ExercisesTest.ExC5Test.ExC5_TestWithAmstrongNumber() in D:\FOPCSProjects\CSExercisesTemplate\ExercisesTest\SectionC\ExC5Test.cs:line 13
</StackTrace>
        </ErrorInfo>
      </Output>
    </UnitTestResult>
    <UnitTestResult executionId="be1206af-591b-46e4-8549-cdbe9131953c" testId="403ee091-5d56-e49f-11e0-a0069db2d71f" testName="ExC5_TestWithRandomPositiveNumber" computerName="HANS-THINKPAD" duration="00:00:00.0006472" startTime="2016-08-12T08:22:55.8708817+08:00" endTime="2016-08-12T08:22:55.8718817+08:00" testType="13cdc9d9-ddb5-4fa4-a97d-d965ccfc6d4b" outcome="Failed" testListId="8c84fa94-04c1-424b-9868-57a2d4851a1d" relativeResultsDirectory="be1206af-591b-46e4-8549-cdbe9131953c">
      <Output>
        <StdOut>Debug Trace:</StdOut>
        <ErrorInfo>
          <Message>Assert.IsTrue failed. There is no output detected</Message>
          <StackTrace>   at ExercisesTest.TestHelper.AssertOutput(String expectedOutput) in D:\FOPCSProjects\CSExercisesTemplate\ExercisesTest\TestHelper.cs:line 47
   at ExercisesTest.TestHelper.TestOutputEqual(Type t, String input, String output) in D:\FOPCSProjects\CSExercisesTemplate\ExercisesTest\TestHelper.cs:line 97
   at ExercisesTest.ExC5Test.ExC5_TestWithRandomPositiveNumber() in D:\FOPCSProjects\CSExercisesTemplate\ExercisesTest\SectionC\ExC5Test.cs:line 27
</StackTrace>
        </ErrorInfo>
      </Output>
    </UnitTestResult>
    <UnitTestResult executionId="94f0ec38-fe8e-4764-9e83-b67b438ff7e7" testId="61d166ef-4cfe-77e3-b543-897aca364290" testName="ExC1_TestWithMale" computerName="HANS-THINKPAD" duration="00:00:00.0008047" startTime="2016-08-12T08:22:55.8718817+08:00" endTime="2016-08-12T08:22:55.8728818+08:00" testType="13cdc9d9-ddb5-4fa4-a97d-d965ccfc6d4b" outcome="Failed" testListId="8c84fa94-04c1-424b-9868-57a2d4851a1d" relativeResultsDirectory="94f0ec38-fe8e-4764-9e83-b67b438ff7e7">
      <Output>
        <StdOut>Debug Trace:
Please enter your name: John Smith
Please enter your gender (M/F): M</StdOut>
        <ErrorInfo>
          <Message>Assert.AreEqual failed. Expected:&lt;good morning mr. john smith&gt;. Actual:&lt;please enter your gender (m/f):&gt;. Program output is different from the expected output.</Message>
          <StackTrace>   at ExercisesTest.TestHelper.AssertOutput(String expectedOutput) in D:\FOPCSProjects\CSExercisesTemplate\ExercisesTest\TestHelper.cs:line 48
   at ExercisesTest.ExC1Test.ExC1_TestWithMale() in D:\FOPCSProjects\CSExercisesTemplate\ExercisesTest\SectionC\ExC1Test.cs:line 15
</StackTrace>
        </ErrorInfo>
      </Output>
    </UnitTestResult>
    <UnitTestResult executionId="ecfbec30-33d1-4300-8506-052801278f77" testId="f01da9c2-186f-f432-e2ea-a4bf6e6db11b" testName="ExC1_TestWithFemale" computerName="HANS-THINKPAD" duration="00:00:00.0005779" startTime="2016-08-12T08:22:55.8728818+08:00" endTime="2016-08-12T08:22:55.8738819+08:00" testType="13cdc9d9-ddb5-4fa4-a97d-d965ccfc6d4b" outcome="Failed" testListId="8c84fa94-04c1-424b-9868-57a2d4851a1d" relativeResultsDirectory="ecfbec30-33d1-4300-8506-052801278f77">
      <Output>
        <StdOut>Debug Trace:
Please enter your name: Jane Austen
Please enter your gender (M/F): F</StdOut>
        <ErrorInfo>
          <Message>Assert.AreEqual failed. Expected:&lt;good morning ms. jane austen&gt;. Actual:&lt;please enter your gender (m/f):&gt;. Program output is different from the expected output.</Message>
          <StackTrace>   at ExercisesTest.TestHelper.AssertOutput(String expectedOutput) in D:\FOPCSProjects\CSExercisesTemplate\ExercisesTest\TestHelper.cs:line 48
   at ExercisesTest.ExC1Test.ExC1_TestWithFemale() in D:\FOPCSProjects\CSExercisesTemplate\ExercisesTest\SectionC\ExC1Test.cs:line 24
</StackTrace>
        </ErrorInfo>
      </Output>
    </UnitTestResult>
    <UnitTestResult executionId="d55d0eb3-46fb-4de8-9255-31d0cc8a746d" testId="437f057a-e785-23b6-2c3b-fdb00373c2ea" testName="ExC1_TestWithUnknown" computerName="HANS-THINKPAD" duration="00:00:00.0003390" startTime="2016-08-12T08:22:55.8738819+08:00" endTime="2016-08-12T08:22:55.8738819+08:00" testType="13cdc9d9-ddb5-4fa4-a97d-d965ccfc6d4b" outcome="Passed" testListId="8c84fa94-04c1-424b-9868-57a2d4851a1d" relativeResultsDirectory="d55d0eb3-46fb-4de8-9255-31d0cc8a746d">
      <Output>
        <StdOut>Debug Trace:
Please enter your name: Jane Austen
Please enter your gender (M/F): X</StdOut>
      </Output>
    </UnitTestResult>
    <UnitTestResult executionId="eba6083f-f771-4f7a-8e85-1f6c9d7bf1e7" testId="2cc7dc39-d769-d794-e8ff-a77afcb7d16c" testName="ExC2_TestWithUncle" computerName="HANS-THINKPAD" duration="00:00:00.0006968" startTime="2016-08-12T08:22:55.8738819+08:00" endTime="2016-08-12T08:22:55.8748819+08:00" testType="13cdc9d9-ddb5-4fa4-a97d-d965ccfc6d4b" outcome="Failed" testListId="8c84fa94-04c1-424b-9868-57a2d4851a1d" relativeResultsDirectory="eba6083f-f771-4f7a-8e85-1f6c9d7bf1e7">
      <Output>
        <StdOut>Debug Trace:
Please enter your name: Arnold
Please enter your gender (M/F): M
Please enter your age: 40</StdOut>
        <ErrorInfo>
          <Message>Assert.AreEqual failed. Expected:&lt;good morning uncle arnold&gt;. Actual:&lt;please enter your age:&gt;. Program output is different from the expected output.</Message>
          <StackTrace>   at ExercisesTest.TestHelper.AssertOutput(String expectedOutput) in D:\FOPCSProjects\CSExercisesTemplate\ExercisesTest\TestHelper.cs:line 48
   at ExercisesTest.ExC2_Test.ExC2_TestWithUncle() in D:\FOPCSProjects\CSExercisesTemplate\ExercisesTest\SectionC\ExC2_Test.cs:line 15
</StackTrace>
        </ErrorInfo>
      </Output>
    </UnitTestResult>
    <UnitTestResult executionId="6c6495f2-8744-43b8-a037-ebbda8a19647" testId="358b895f-9561-e345-43e3-0530571178f3" testName="ExC2_TestWithAunty" computerName="HANS-THINKPAD" duration="00:00:00.0007467" startTime="2016-08-12T08:22:55.8748819+08:00" endTime="2016-08-12T08:22:55.8758820+08:00" testType="13cdc9d9-ddb5-4fa4-a97d-d965ccfc6d4b" outcome="Failed" testListId="8c84fa94-04c1-424b-9868-57a2d4851a1d" relativeResultsDirectory="6c6495f2-8744-43b8-a037-ebbda8a19647">
      <Output>
        <StdOut>Debug Trace:
Please enter your name: Madonna
Please enter your gender (M/F): F
Please enter your age: 51</StdOut>
        <ErrorInfo>
          <Message>Assert.AreEqual failed. Expected:&lt;good morning aunty madonna&gt;. Actual:&lt;please enter your age:&gt;. Program output is different from the expected output.</Message>
          <StackTrace>   at ExercisesTest.TestHelper.AssertOutput(String expectedOutput) in D:\FOPCSProjects\CSExercisesTemplate\ExercisesTest\TestHelper.cs:line 48
   at ExercisesTest.ExC2_Test.ExC2_TestWithAunty() in D:\FOPCSProjects\CSExercisesTemplate\ExercisesTest\SectionC\ExC2_Test.cs:line 24
</StackTrace>
        </ErrorInfo>
      </Output>
    </UnitTestResult>
    <UnitTestResult executionId="c44d37ec-4fad-4b4f-ab21-ad559090b007" testId="5786c8fe-760a-f1e2-51f3-9bf03ba7c133" testName="ExC2_TestWitMr" computerName="HANS-THINKPAD" duration="00:00:00.0007421" startTime="2016-08-12T08:22:55.8758820+08:00" endTime="2016-08-12T08:22:55.8768820+08:00" testType="13cdc9d9-ddb5-4fa4-a97d-d965ccfc6d4b" outcome="Failed" testListId="8c84fa94-04c1-424b-9868-57a2d4851a1d" relativeResultsDirectory="c44d37ec-4fad-4b4f-ab21-ad559090b007">
      <Output>
        <StdOut>Debug Trace:
Please enter your name: Will Smith
Please enter your gender (M/F): M
Please enter your age:</StdOut>
        <ErrorInfo>
          <Message>Assert.AreEqual failed. Expected:&lt;good morning mr. will smith&gt;. Actual:&lt;please enter your age:&gt;. Program output is different from the expected output.</Message>
          <StackTrace>   at ExercisesTest.TestHelper.AssertOutput(String expectedOutput) in D:\FOPCSProjects\CSExercisesTemplate\ExercisesTest\TestHelper.cs:line 48
   at ExercisesTest.ExC2_Test.ExC2_TestWitMr() in D:\FOPCSProjects\CSExercisesTemplate\ExercisesTest\SectionC\ExC2_Test.cs:line 33
</StackTrace>
        </ErrorInfo>
      </Output>
    </UnitTestResult>
    <UnitTestResult executionId="30cd9e24-23c6-4a07-94df-9f6ccf2e9c54" testId="1d1c8a71-2287-e26b-162e-49d36eb500a6" testName="ExC2_TestWithMs" computerName="HANS-THINKPAD" duration="00:00:00.0005577" startTime="2016-08-12T08:22:55.8768820+08:00" endTime="2016-08-12T08:22:55.8778821+08:00" testType="13cdc9d9-ddb5-4fa4-a97d-d965ccfc6d4b" outcome="Failed" testListId="8c84fa94-04c1-424b-9868-57a2d4851a1d" relativeResultsDirectory="30cd9e24-23c6-4a07-94df-9f6ccf2e9c54">
      <Output>
        <StdOut>Debug Trace:
Please enter your name: Ariana Grande
Please enter your gender (M/F): F
Please enter your age: 18</StdOut>
        <ErrorInfo>
          <Message>Assert.AreEqual failed. Expected:&lt;good morning ms. ariana grande&gt;. Actual:&lt;please enter your age:&gt;. Program output is different from the expected output.</Message>
          <StackTrace>   at ExercisesTest.TestHelper.AssertOutput(String expectedOutput) in D:\FOPCSProjects\CSExercisesTemplate\ExercisesTest\TestHelper.cs:line 48
   at ExercisesTest.ExC2_Test.ExC2_TestWithMs() in D:\FOPCSProjects\CSExercisesTemplate\ExercisesTest\SectionC\ExC2_Test.cs:line 42
</StackTrace>
        </ErrorInfo>
      </Output>
    </UnitTestResult>
    <UnitTestResult executionId="30eeb4d9-7ad1-4e57-a4ef-a5feb0448373" testId="3f3b4237-6c70-8c91-dc5f-29e8e770339b" testName="ExC2_TestWithUnknown" computerName="HANS-THINKPAD" duration="00:00:00.0001528" startTime="2016-08-12T08:22:55.8778821+08:00" endTime="2016-08-12T08:22:55.8778821+08:00" testType="13cdc9d9-ddb5-4fa4-a97d-d965ccfc6d4b" outcome="Passed" testListId="8c84fa94-04c1-424b-9868-57a2d4851a1d" relativeResultsDirectory="30eeb4d9-7ad1-4e57-a4ef-a5feb0448373">
      <Output>
        <StdOut>Debug Trace:
Please enter your name: Jane Austen
Please enter your gender (M/F): X
Please enter your age: 20</StdOut>
      </Output>
    </UnitTestResult>
    <UnitTestResult executionId="1f0ab6ec-163d-4b42-a60f-b8bb8f608710" testId="66b3003b-1aa8-40bb-c162-a94b6568685b" testName="ExC4_TestWithZero" computerName="HANS-THINKPAD" duration="00:00:00.0006540" startTime="2016-08-12T08:22:55.8778821+08:00" endTime="2016-08-12T08:22:55.8788821+08:00" testType="13cdc9d9-ddb5-4fa4-a97d-d965ccfc6d4b" outcome="Failed" testListId="8c84fa94-04c1-424b-9868-57a2d4851a1d" relativeResultsDirectory="1f0ab6ec-163d-4b42-a60f-b8bb8f608710">
      <Output>
        <ErrorInfo>
          <Message>Assert.AreEqual failed. Expected:&lt;2.4&gt;. Actual:&lt;0&gt;. </Message>
          <StackTrace>   at ExercisesTest.ExC4Test.ExC4_TestWithZero() in D:\FOPCSProjects\CSExercisesTemplate\ExercisesTest\SectionC\ExC4Test.cs:line 13
</StackTrace>
        </ErrorInfo>
      </Output>
    </UnitTestResult>
    <UnitTestResult executionId="4d03e8ae-329f-4df2-a4a7-f3d2ef18b951" testId="b31774ee-007b-47f0-8e32-c6031c54d16f" testName="ExC4TestWithHalf" computerName="HANS-THINKPAD" duration="00:00:00.0004052" startTime="2016-08-12T08:22:55.8788821+08:00" endTime="2016-08-12T08:22:55.8798822+08:00" testType="13cdc9d9-ddb5-4fa4-a97d-d965ccfc6d4b" outcome="Failed" testListId="8c84fa94-04c1-424b-9868-57a2d4851a1d" relativeResultsDirectory="4d03e8ae-329f-4df2-a4a7-f3d2ef18b951">
      <Output>
        <ErrorInfo>
          <Message>Assert.AreEqual failed. Expected:&lt;2.4&gt;. Actual:&lt;0&gt;. </Message>
          <StackTrace>   at ExercisesTest.ExC4Test.ExC4TestWithHalf() in D:\FOPCSProjects\CSExercisesTemplate\ExercisesTest\SectionC\ExC4Test.cs:line 20
</StackTrace>
        </ErrorInfo>
      </Output>
    </UnitTestResult>
    <UnitTestResult executionId="3400bf27-4202-42e7-8696-003acffc224c" testId="27d651a7-a3b9-7a3a-3e05-60be06064821" testName="ExC4Test9Km" computerName="HANS-THINKPAD" duration="00:00:00.0004476" startTime="2016-08-12T08:22:55.8798822+08:00" endTime="2016-08-12T08:22:55.8798822+08:00" testType="13cdc9d9-ddb5-4fa4-a97d-d965ccfc6d4b" outcome="Failed" testListId="8c84fa94-04c1-424b-9868-57a2d4851a1d" relativeResultsDirectory="3400bf27-4202-42e7-8696-003acffc224c">
      <Output>
        <ErrorInfo>
          <Message>Assert.AreEqual failed. Expected:&lt;5.8&gt;. Actual:&lt;0&gt;. </Message>
          <StackTrace>   at ExercisesTest.ExC4Test.ExC4Test9Km() in D:\FOPCSProjects\CSExercisesTemplate\ExercisesTest\SectionC\ExC4Test.cs:line 26
</StackTrace>
        </ErrorInfo>
      </Output>
    </UnitTestResult>
    <UnitTestResult executionId="80c59c64-ba4d-4e05-9e02-d09e5a46cb84" testId="99cc52e4-4ede-d6f1-699a-639a70caf19e" testName="ExC4Test1213Km" computerName="HANS-THINKPAD" duration="00:00:00.0003928" startTime="2016-08-12T08:22:55.8798822+08:00" endTime="2016-08-12T08:22:55.8808823+08:00" testType="13cdc9d9-ddb5-4fa4-a97d-d965ccfc6d4b" outcome="Failed" testListId="8c84fa94-04c1-424b-9868-57a2d4851a1d" relativeResultsDirectory="80c59c64-ba4d-4e05-9e02-d09e5a46cb84">
      <Output>
        <ErrorInfo>
          <Message>Assert.AreEqual failed. Expected:&lt;7.4&gt;. Actual:&lt;0&gt;. </Message>
          <StackTrace>   at ExercisesTest.ExC4Test.ExC4Test1213Km() in D:\FOPCSProjects\CSExercisesTemplate\ExercisesTest\SectionC\ExC4Test.cs:line 33
</StackTrace>
        </ErrorInfo>
      </Output>
    </UnitTestResult>
    <UnitTestResult executionId="0e567dc5-f2e9-47c7-8cbc-66107b467a76" testId="f232122e-0613-e1ee-dfe5-9b85a22cd2b0" testName="ExC6_TestWithZero" computerName="HANS-THINKPAD" duration="00:00:00.0001309" startTime="2016-08-12T08:22:55.8808823+08:00" endTime="2016-08-12T08:22:55.8808823+08:00" testType="13cdc9d9-ddb5-4fa4-a97d-d965ccfc6d4b" outcome="Passed" testListId="8c84fa94-04c1-424b-9868-57a2d4851a1d" relativeResultsDirectory="0e567dc5-f2e9-47c7-8cbc-66107b467a76" />
    <UnitTestResult executionId="ddbe31a4-323c-4ce5-88dd-503f7d5a4c71" testId="ae4e66b0-9a29-2a92-aee9-fdf389c27fe6" testName="ExC6_TestWithOneProduct1" computerName="HANS-THINKPAD" duration="00:00:00.0004388" startTime="2016-08-12T08:22:55.8808823+08:00" endTime="2016-08-12T08:22:55.8818823+08:00" testType="13cdc9d9-ddb5-4fa4-a97d-d965ccfc6d4b" outcome="Failed" testListId="8c84fa94-04c1-424b-9868-57a2d4851a1d" relativeResultsDirectory="ddbe31a4-323c-4ce5-88dd-503f7d5a4c71">
      <Output>
        <ErrorInfo>
          <Message>Assert.AreEqual failed. Expected:&lt;4860&gt;. Actual:&lt;0&gt;. </Message>
          <StackTrace>   at ExercisesTest.ExC6Test.ExC6_TestWithOneProduct1() in D:\FOPCSProjects\CSExercisesTemplate\ExercisesTest\SectionC\ExC6_Test.cs:line 18
</StackTrace>
        </ErrorInfo>
      </Output>
    </UnitTestResult>
    <UnitTestResult executionId="6826b86e-b70f-41b4-8cb1-e4469c7373b9" testId="4297656f-1197-d292-0489-69d8ad93083c" testName="ExC6_TestWithOneProduct2" computerName="HANS-THINKPAD" duration="00:00:00.0004023" startTime="2016-08-12T08:22:55.8818823+08:00" endTime="2016-08-12T08:22:55.8818823+08:00" testType="13cdc9d9-ddb5-4fa4-a97d-d965ccfc6d4b" outcome="Failed" testListId="8c84fa94-04c1-424b-9868-57a2d4851a1d" relativeResultsDirectory="6826b86e-b70f-41b4-8cb1-e4469c7373b9">
      <Output>
        <ErrorInfo>
          <Message>Assert.AreEqual failed. Expected:&lt;5000&gt;. Actual:&lt;0&gt;. </Message>
          <StackTrace>   at ExercisesTest.ExC6Test.ExC6_TestWithOneProduct2() in D:\FOPCSProjects\CSExercisesTemplate\ExercisesTest\SectionC\ExC6_Test.cs:line 24
</StackTrace>
        </ErrorInfo>
      </Output>
    </UnitTestResult>
    <UnitTestResult executionId="c65c358d-1876-4aa9-8556-60110123b2f3" testId="527da127-2853-1a9b-a2ad-f3585c728530" testName="ExC6_TestWithOneProduct3" computerName="HANS-THINKPAD" duration="00:00:00.0004048" startTime="2016-08-12T08:22:55.8818823+08:00" endTime="2016-08-12T08:22:55.8828824+08:00" testType="13cdc9d9-ddb5-4fa4-a97d-d965ccfc6d4b" outcome="Failed" testListId="8c84fa94-04c1-424b-9868-57a2d4851a1d" relativeResultsDirectory="c65c358d-1876-4aa9-8556-60110123b2f3">
      <Output>
        <ErrorInfo>
          <Message>Assert.AreEqual failed. Expected:&lt;4950&gt;. Actual:&lt;0&gt;. </Message>
          <StackTrace>   at ExercisesTest.ExC6Test.ExC6_TestWithOneProduct3() in D:\FOPCSProjects\CSExercisesTemplate\ExercisesTest\SectionC\ExC6_Test.cs:line 30
</StackTrace>
        </ErrorInfo>
      </Output>
    </UnitTestResult>
    <UnitTestResult executionId="abc65452-e6f9-4b55-aa5d-eb9a86fc026a" testId="62915065-52ff-5fd8-8913-0189d77875c3" testName="ExC6_TestWithOneProduct4" computerName="HANS-THINKPAD" duration="00:00:00.0004002" startTime="2016-08-12T08:22:55.8828824+08:00" endTime="2016-08-12T08:22:55.8828824+08:00" testType="13cdc9d9-ddb5-4fa4-a97d-d965ccfc6d4b" outcome="Failed" testListId="8c84fa94-04c1-424b-9868-57a2d4851a1d" relativeResultsDirectory="abc65452-e6f9-4b55-aa5d-eb9a86fc026a">
      <Output>
        <ErrorInfo>
          <Message>Assert.AreEqual failed. Expected:&lt;9000&gt;. Actual:&lt;0&gt;. </Message>
          <StackTrace>   at ExercisesTest.ExC6Test.ExC6_TestWithOneProduct4() in D:\FOPCSProjects\CSExercisesTemplate\ExercisesTest\SectionC\ExC6_Test.cs:line 36
</StackTrace>
        </ErrorInfo>
      </Output>
    </UnitTestResult>
    <UnitTestResult executionId="e9f88322-3c26-46fa-ad6e-505e30d2ff51" testId="14d8a934-4e3c-5ff4-d896-b004187a9351" testName="ExC6_TestWithOneProduct5" computerName="HANS-THINKPAD" duration="00:00:00.0003935" startTime="2016-08-12T08:22:55.8828824+08:00" endTime="2016-08-12T08:22:55.8838824+08:00" testType="13cdc9d9-ddb5-4fa4-a97d-d965ccfc6d4b" outcome="Failed" testListId="8c84fa94-04c1-424b-9868-57a2d4851a1d" relativeResultsDirectory="e9f88322-3c26-46fa-ad6e-505e30d2ff51">
      <Output>
        <ErrorInfo>
          <Message>Assert.AreEqual failed. Expected:&lt;5600&gt;. Actual:&lt;0&gt;. </Message>
          <StackTrace>   at ExercisesTest.ExC6Test.ExC6_TestWithOneProduct5() in D:\FOPCSProjects\CSExercisesTemplate\ExercisesTest\SectionC\ExC6_Test.cs:line 42
</StackTrace>
        </ErrorInfo>
      </Output>
    </UnitTestResult>
    <UnitTestResult executionId="3332cf9e-a0bd-4a51-8d03-0aca29639c16" testId="8206a26a-e532-85c1-9aad-17a6a0a5bdf0" testName="ExC6_TestWithTwoProducts1" computerName="HANS-THINKPAD" duration="00:00:00.0003974" startTime="2016-08-12T08:22:55.8838824+08:00" endTime="2016-08-12T08:22:55.8838824+08:00" testType="13cdc9d9-ddb5-4fa4-a97d-d965ccfc6d4b" outcome="Failed" testListId="8c84fa94-04c1-424b-9868-57a2d4851a1d" relativeResultsDirectory="3332cf9e-a0bd-4a51-8d03-0aca29639c16">
      <Output>
        <ErrorInfo>
          <Message>Assert.AreEqual failed. Expected:&lt;9265&gt;. Actual:&lt;0&gt;. </Message>
          <StackTrace>   at ExercisesTest.ExC6Test.ExC6_TestWithTwoProducts1() in D:\FOPCSProjects\CSExercisesTemplate\ExercisesTest\SectionC\ExC6_Test.cs:line 48
</StackTrace>
        </ErrorInfo>
      </Output>
    </UnitTestResult>
    <UnitTestResult executionId="1569a73c-dfaf-4303-bdb5-afaa59a2c9f8" testId="59543185-c115-6f05-fde4-7a3a3cf60da3" testName="ExC6_TestWithThreeProducts1" computerName="HANS-THINKPAD" duration="00:00:00.0005743" startTime="2016-08-12T08:22:55.8838824+08:00" endTime="2016-08-12T08:22:55.8848825+08:00" testType="13cdc9d9-ddb5-4fa4-a97d-d965ccfc6d4b" outcome="Failed" testListId="8c84fa94-04c1-424b-9868-57a2d4851a1d" relativeResultsDirectory="1569a73c-dfaf-4303-bdb5-afaa59a2c9f8">
      <Output>
        <ErrorInfo>
          <Message>Assert.AreEqual failed. Expected:&lt;11365&gt;. Actual:&lt;0&gt;. </Message>
          <StackTrace>   at ExercisesTest.ExC6Test.ExC6_TestWithThreeProducts1() in D:\FOPCSProjects\CSExercisesTemplate\ExercisesTest\SectionC\ExC6_Test.cs:line 54
</StackTrace>
        </ErrorInfo>
      </Output>
    </UnitTestResult>
    <UnitTestResult executionId="10175320-7b63-4fac-9a0d-ebd949ed4624" testId="817d2cfb-2701-d099-0d77-7dda9f9ee260" testName="ExD1_TestWith88" computerName="HANS-THINKPAD" duration="00:00:00.0004190" startTime="2016-08-12T08:22:55.8848825+08:00" endTime="2016-08-12T08:22:55.8858825+08:00" testType="13cdc9d9-ddb5-4fa4-a97d-d965ccfc6d4b" outcome="Passed" testListId="8c84fa94-04c1-424b-9868-57a2d4851a1d" relativeResultsDirectory="10175320-7b63-4fac-9a0d-ebd949ed4624">
      <Output>
        <StdOut>Debug Trace:
Enter a number (1-100): 29
Enter a number (1-100): 48
Enter a number (1-100): 14
Enter a number (1-100): 88
Lucky you</StdOut>
      </Output>
    </UnitTestResult>
    <UnitTestResult executionId="96f5c248-82d3-4a13-9a1f-60969eeae14b" testId="b3b356b0-b86d-68eb-f1fa-a1fb7eedeab6" testName="ExD1_TestNo88" computerName="HANS-THINKPAD" duration="00:00:00.1171971" startTime="2016-08-12T08:22:55.8858825+08:00" endTime="2016-08-12T08:22:56.0038893+08:00" testType="13cdc9d9-ddb5-4fa4-a97d-d965ccfc6d4b" outcome="Passed" testListId="8c84fa94-04c1-424b-9868-57a2d4851a1d" relativeResultsDirectory="96f5c248-82d3-4a13-9a1f-60969eeae14b">
      <Output>
        <StdOut>Debug Trace:
Enter a number (1-100): 29
Enter a number (1-100): 48
Enter a number (1-100): 14
Enter a number (1-100): 87
Enter a number (1-100): 
Enter a number (1-100): 
Enter a number (1-100): 
Enter a number (1-100): 
Enter a number (1-100): 
Enter a number (1-100): 
Enter a number (1-100): 
Enter a number (1-100): 
Enter a number (1-100): 
Enter a number (1-100): 
Enter a number (1-100): 
Enter a number (1-100): 
Enter a number (1-100): 
Enter a number (1-100): 
Enter a number (1-100): 
Enter a number (1-100): 
Enter a number (1-100): 
Enter a number (1-100): 
Enter a number (1-100): 
Enter a number (1-100): 
Enter a number (1-100): 
Enter a number (1-100): 
Enter a number (1-100): 
Enter a number (1-100): 
Enter a number (1-100): 
Enter a number (1-100): 
Enter a number (1-100): 
Enter a number (1-100): 
Enter a number (1-100): 
Enter a number (1-100): 
Enter a number (1-100): 
Enter a number (1-100): 
Enter a number (1-100): 
Enter a number (1-100): 
Enter a number (1-100): 
Enter a number (1-100): 
Enter a number (1-100): 
Enter a number (1-100): 
Enter a number (1-100): 
Enter a number (1-100): 
Enter a number (1-100): 
Enter a number (1-100): 
Enter a number (1-100): 
Enter a number (1-100): 
Enter a number (1-100): 
Enter a number (1-100): 
Enter a number (1-100): 
Enter a number (1-100): 
Enter a number (1-100): 
Enter a number (1-100): 
Enter a number (1-100): 
Enter a number (1-100): 
Enter a number (1-100): 
Enter a number (1-100): 
Enter a number (1-100): 
Enter a number (1-100): 
Enter a number (1-100): 
Enter a number (1-100): 
Enter a number (1-100): 
Enter a number (1-100): 
Enter a number (1-100): 
Enter a number (1-100): 
Enter a number (1-100): 
Enter a number (1-100): 
Enter a number (1-100): 
Enter a number (1-100): 
Enter a number (1-100): 
Enter a number (1-100): 
Enter a number (1-100): 
Enter a number (1-100): 
Enter a number (1-100): 
Enter a number (1-100): 
Enter a number (1-100): 
Enter a number (1-100): 
Enter a number (1-100): 
Enter a number (1-100): 
Enter a number (1-100): 
Enter a number (1-100): 
Enter a number (1-100): 
Enter a number (1-100): 
Enter a number (1-100): 
Enter a number (1-100): 
Enter a number (1-100): 
Enter a number (1-100): 
Enter a number (1-100): 
Enter a number (1-100): 
Enter a number (1-100): 
Enter a number (1-100): 
Enter a number (1-100): 
Enter a number (1-100): 
Enter a number (1-100): 
Enter a number (1-100): 
Enter a number (1-100): 
Enter a number (1-100): 
Enter a number (1-100): 
Enter a number (1-100): 
Enter a number (1-100): 
Enter a number (1-100): 
Enter a number (1-100): 
Enter a number (1-100): 
Enter a number (1-100): 
Enter a number (1-100): 
Enter a number (1-100): 
Enter a number (1-100): 
Enter a number (1-100): 
Enter a number (1-100): 
Enter a number (1-100): 
Enter a number (1-100): 
Enter a number (1-100): 
Enter a number (1-100): 
Enter a number (1-100): 
Enter a number (1-100): 
Enter a number (1-100): 
Enter a number (1-100): 
Enter a number (1-100): 
Enter a number (1-100): 
Enter a number (1-100): 
Enter a number (1-100): 
Enter a number (1-100): 
Enter a number (1-100): 
Enter a number (1-100): 
Enter a number (1-100): 
Enter a number (1-100): 
Enter a number (1-100): 
Enter a number (1-100): 
Enter a number (1-100): 
Enter a number (1-100): 
Enter a number (1-100): 
Enter a number (1-100): 
Enter a number (1-100): 
Enter a number (1-100): 
Enter a number (1-100): 
Enter a number (1-100): 
Enter a number (1-100): 
Enter a number (1-100): 
Enter a number (1-100): 
Enter a number (1-100): 
Enter a number (1-100): 
Enter a number (1-100): 
Enter a number (1-100): 
Enter a number (1-100): 
Enter a number (1-100): 
Enter a number (1-100): 
Enter a number (1-100): 
Enter a number (1-100): 
Enter a number (1-100): 
Enter a number (1-100): 
Enter a number (1-100): 
Enter a number (1-100): 
Enter a number (1-100): 
Enter a number (1-100): 
Enter a number (1-100): 
Enter a number (1-100): 
Enter a number (1-100): 
Enter a number (1-100): 
Enter a number (1-100): 
Enter a number (1-100): 
Enter a number (1-100): 
Enter a number (1-100): 
Enter a number (1-100): 
Enter a number (1-100): 
Enter a number (1-100): 
Enter a number (1-100): 
Enter a number (1-100): 
Enter a number (1-100): 
Enter a number (1-100): 
Enter a number (1-100): 
Enter a number (1-100): 
Enter a number (1-100): 
Enter a number (1-100): 
Enter a number (1-100): 
Enter a number (1-100): 
Enter a number (1-100): 
Enter a number (1-100): 
Enter a number (1-100): 
Enter a number (1-100): 
Enter a number (1-100): 
Enter a number (1-100): 
Enter a number (1-100): 
Enter a number (1-100): 
Enter a number (1-100): 
Enter a number (1-100): 
Enter a number (1-100): 
Enter a number (1-100): 
Enter a number (1-100): 
Enter a number (1-100): 
Enter a number (1-100): 
Enter a number (1-100): 
Enter a number (1-100): 
Enter a number (1-100): 
Enter a number (1-100): 
Enter a number (1-100): 
Enter a number (1-100): 
Enter a number (1-100): 
Enter a number (1-100): 
Enter a number (1-100): 
Enter a number (1-100): 
Enter a number (1-100): 
Enter a number (1-100): 
Enter a number (1-100): 
Enter a number (1-100): 
Enter a number (1-100): 
Enter a number (1-100): 
Enter a number (1-100): 
Enter a number (1-100): 
Enter a number (1-100): 
Enter a number (1-100): 
Enter a number (1-100): 
Enter a number (1-100): 
Enter a number (1-100): 
Enter a number (1-100): 
Enter a number (1-100): 
Enter a number (1-100): 
Enter a number (1-100): 
Enter a number (1-100): 
Enter a number (1-100): 
Enter a number (1-100): 
Enter a number (1-100): 
Enter a number (1-100): 
Enter a number (1-100): 
Enter a number (1-100): 
Enter a number (1-100): 
Enter a number (1-100): 
Enter a number (1-100): 
Enter a number (1-100): 
Enter a number (1-100): 
Enter a number (1-100): 
Enter a number (1-100): 
Enter a number (1-100): 
Enter a number (1-100): 
Enter a number (1-100): 
Enter a number (1-100): 
Enter a number (1-100): 
Enter a number (1-100): 
Enter a number (1-100): 
Enter a number (1-100): 
Enter a number (1-100): 
Enter a number (1-100): 
Enter a number (1-100): 
Enter a number (1-100): 
Enter a number (1-100): 
Enter a number (1-100): 
Enter a number (1-100): 
Enter a number (1-100): 
Enter a number (1-100): 
Enter a number (1-100): 
Enter a number (1-100): 
Enter a number (1-100): 
Enter a number (1-100): 
Enter a number (1-100): 
Enter a number (1-100): 
Enter a number (1-100): 
Enter a number (1-100): 
Enter a number (1-100): 
Enter a number (1-100): 
Enter a number (1-100): 
Enter a number (1-100): 
Enter a number (1-100): 
Enter a number (1-100): 
Enter a number (1-100): 
Enter a number (1-100): 
Enter a number (1-100): 
Enter a number (1-100): 
Enter a number (1-100): 
Enter a number (1-100): 
Enter a number (1-100): 
Enter a number (1-100): 
Enter a number (1-100): 
Enter a number (1-100): 
Enter a number (1-100): 
Enter a number (1-100): 
Enter a number (1-100): 
Enter a number (1-100): 
Enter a number (1-100): 
Enter a number (1-100): 
Enter a number (1-100): 
Enter a number (1-100): 
Enter a number (1-100): 
Enter a number (1-100): 
Enter a number (1-100): 
Enter a number (1-100): 
Enter a number (1-100): 
Enter a number (1-100): 
Enter a number (1-100): 
Enter a number (1-100): 
Enter a number (1-100): 
Enter a number (1-100): 
Enter a number (1-100): 
Enter a number (1-100): 
Enter a number (1-100): 
Enter a number (1-100): 
Enter a number (1-100): 
Enter a number (1-100): 
Enter a number (1-100): 
Enter a number (1-100): 
Enter a number (1-100): 
Enter a number (1-100): 
Enter a number (1-100): 
Enter a number (1-100): 
Enter a number (1-100): 
Enter a number (1-100): 
Enter a number (1-100): 
Enter a number (1-100): 
Enter a number (1-100): 
Enter a number (1-100): 
Enter a number (1-100): 
Enter a number (1-100): 
Enter a number (1-100): 
Enter a number (1-100): 
Enter a number (1-100): 
Enter a number (1-100): 
Enter a number (1-100): 
Enter a number (1-100): 
Enter a number (1-100): 
Enter a number (1-100): 
Enter a number (1-100): 
Enter a number (1-100): 
Enter a number (1-100): 
Enter a number (1-100): 
Enter a number (1-100): 
Enter a number (1-100): 
Enter a number (1-100): 
Enter a number (1-100): 
Enter a number (1-100): 
Enter a number (1-100): 
Enter a number (1-100): 
Enter a number (1-100): 
Enter a number (1-100): 
Enter a number (1-100): 
Enter a number (1-100): 
Enter a number (1-100): 
Enter a number (1-100): 
Enter a number (1-100): 
Enter a number (1-100): 
Enter a number (1-100): 
Enter a number (1-100): 
Enter a number (1-100): 
Enter a number (1-100): 
Enter a number (1-100): 
Enter a number (1-100): 
Enter a number (1-100): 
Enter a number (1-100): 
Enter a number (1-100): 
Enter a number (1-100): 
Enter a number (1-100): 
Enter a number (1-100): 
Enter a number (1-100): 
Enter a number (1-100): 
Enter a number (1-100): 
Enter a number (1-100): 
Enter a number (1-100): 
Enter a number (1-100): 
Enter a number (1-100): 
Enter a number (1-100): 
Enter a number (1-100): 
Enter a number (1-100): 
Enter a number (1-100): 
Enter a number (1-100): 
Enter a number (1-100): 
Enter a number (1-100): 
Enter a number (1-100): 
Enter a number (1-100): 
Enter a number (1-100): 
Enter a number (1-100): 
Enter a number (1-100): 
Enter a number (1-100): 
Enter a number (1-100): 
Enter a number (1-100): 
Enter a number (1-100): 
Enter a number (1-100): 
Enter a number (1-100): 
Enter a number (1-100): 
Enter a number (1-100): 
Enter a number (1-100): 
Enter a number (1-100): 
Enter a number (1-100): 
Enter a number (1-100): 
Enter a number (1-100): 
Enter a number (1-100): 
Enter a number (1-100): 
Enter a number (1-100): 
Enter a number (1-100): 
Enter a number (1-100): 
Enter a number (1-100): 
Enter a number (1-100): 
Enter a number (1-100): 
Enter a number (1-100): 
Enter a number (1-100): 
Enter a number (1-100): 
Enter a number (1-100): 
Enter a number (1-100): 
Enter a number (1-100): 
Enter a number (1-100): 
Enter a number (1-100): 
Enter a number (1-100): 
Enter a number (1-100): 
Enter a number (1-100): 
Enter a number (1-100): 
Enter a number (1-100): 
Enter a number (1-100): 
Enter a number (1-100): 
Enter a number (1-100): 
Enter a number (1-100): 
Enter a number (1-100): 
Enter a number (1-100): 
Enter a number (1-100): 
Enter a number (1-100): 
Enter a number (1-100): 
Enter a number (1-100): 
Enter a number (1-100): 
Enter a number (1-100): 
Enter a number (1-100): 
Enter a number (1-100): 
Enter a number (1-100): 
Enter a number (1-100): 
Enter a number (1-100): 
Enter a number (1-100): 
Enter a number (1-100): 
Enter a number (1-100): 
Enter a number (1-100): 
Enter a number (1-100): 
Enter a number (1-100): 
Enter a number (1-100): 
Enter a number (1-100): 
Enter a number (1-100): 
Enter a number (1-100): 
Enter a number (1-100): 
Enter a number (1-100): 
Enter a number (1-100): 
Enter a number (1-100): 
Enter a number (1-100): 
Enter a number (1-100): 
Enter a number (1-100): 
Enter a number (1-100): 
Enter a number (1-100): 
Enter a number (1-100): 
Enter a number (1-100): 
Enter a number (1-100): 
Enter a number (1-100): 
Enter a number (1-100): 
Enter a number (1-100): 
Enter a number (1-100): 
Enter a number (1-100): 
Enter a number (1-100): 
Enter a number (1-100): 
Enter a number (1-100): 
Enter a number (1-100): 
Enter a number (1-100): 
Enter a number (1-100): 
Enter a number (1-100): 
Enter a number (1-100): 
Enter a number (1-100): 
Enter a number (1-100): 
Enter a number (1-100): 
Enter a number (1-100): 
Enter a number (1-100): 
Enter a number (1-100): 
Enter a number (1-100): 
Enter a number (1-100): 
Enter a number (1-100): 
Enter a number (1-100): 
Enter a number (1-100): 
Enter a number (1-100): 
Enter a number (1-100): 
Enter a number (1-100): 
Enter a number (1-100): 
Enter a number (1-100): 
Enter a number (1-100): 
Enter a number (1-100): 
Enter a number (1-100): 
Enter a number (1-100): 
Enter a number (1-100): 
Enter a number (1-100): 
Enter a number (1-100): 
Enter a number (1-100): 
Enter a number (1-100): 
Enter a number (1-100): 
Enter a number (1-100): 
Enter a number (1-100): 
Enter a number (1-100): 
Enter a number (1-100): 
Enter a number (1-100): 
Enter a number (1-100): 
Enter a number (1-100): 
Enter a number (1-100): 
Enter a number (1-100): 
Enter a number (1-100): 
Enter a number (1-100): 
Enter a number (1-100): 
Enter a number (1-100): 
Enter a number (1-100): 
Enter a number (1-100): 
Enter a number (1-100): 
Enter a number (1-100): 
Enter a number (1-100): 
Enter a number (1-100): 
Enter a number (1-100): 
Enter a number (1-100): 
Enter a number (1-100): 
Enter a number (1-100): 
Enter a number (1-100): 
Enter a number (1-100): 
Enter a number (1-100): 
Enter a number (1-100): 
Enter a number (1-100): 
Enter a number (1-100): 
Enter a number (1-100): 
Enter a number (1-100): 
Enter a number (1-100): 
Enter a number (1-100): 
Enter a number (1-100): 
Enter a number (1-100): 
Enter a number (1-100): 
Enter a number (1-100): 
Enter a number (1-100): 
Enter a number (1-100): 
Enter a number (1-100): 
Enter a number (1-100): 
Enter a number (1-100): 
Enter a number (1-100): 
Enter a number (1-100): 
Enter a number (1-100): 
Enter a number (1-100): 
Enter a number (1-100): 
Enter a number (1-100): 
Enter a number (1-100): 
Enter a number (1-100): 
Enter a number (1-100): 
Enter a number (1-100): 
Enter a number (1-100): 
Enter a number (1-100): 
Enter a number (1-100): 
Enter a number (1-100): 
Enter a number (1-100): 
Enter a number (1-100): 
Enter a number (1-100): 
Enter a number (1-100): 
Enter a number (1-100): 
Enter a number (1-100): 
Enter a number (1-100): 
Enter a number (1-100): 
Enter a number (1-100): 
Enter a number (1-100): 
Enter a number (1-100): 
Enter a number (1-100): 
Enter a number (1-100): 
Enter a number (1-100): 
Enter a number (1-100): 
Enter a number (1-100): 
Enter a number (1-100): 
Enter a number (1-100): 
Enter a number (1-100): 
Enter a number (1-100): 
Enter a number (1-100): 
Enter a number (1-100): 
Enter a number (1-100): 
Enter a number (1-100): 
Enter a number (1-100): 
Enter a number (1-100): 
Enter a number (1-100): 
Enter a number (1-100): 
Enter a number (1-100): 
Enter a number (1-100): 
Enter a number (1-100): 
Enter a number (1-100): 
Enter a number (1-100): 
Enter a number (1-100): 
Enter a number (1-100): 
Enter a number (1-100): 
Enter a number (1-100): 
Enter a number (1-100): 
Enter a number (1-100): 
Enter a number (1-100): 
Enter a number (1-100): 
Enter a number (1-100): 
Enter a number (1-100): 
Enter a number (1-100): 
Enter a number (1-100): 
Enter a number (1-100): 
Enter a number (1-100): 
Enter a number (1-100): 
Enter a number (1-100): 
Enter a number (1-100): 
Enter a number (1-100): 
Enter a number (1-100): 
Enter a number (1-100): 
Enter a number (1-100): 
Enter a number (1-100): 
Enter a number (1-100): 
Enter a number (1-100): 
Enter a number (1-100): 
Enter a number (1-100): 
Enter a number (1-100): 
Enter a number (1-100): 
Enter a number (1-100): 
Enter a number (1-100): 
Enter a number (1-100): 
Enter a number (1-100): 
Enter a number (1-100): 
Enter a number (1-100): 
Enter a number (1-100): 
Enter a number (1-100): 
Enter a number (1-100): 
Enter a number (1-100): 
Enter a number (1-100): 
Enter a number (1-100): 
Enter a number (1-100): 
Enter a number (1-100): 
Enter a number (1-100): 
Enter a number (1-100): 
Enter a number (1-100): 
Enter a number (1-100): 
Enter a number (1-100): 
Enter a number (1-100): 
Enter a number (1-100): 
Enter a number (1-100): 
Enter a number (1-100): 
Enter a number (1-100): 
Enter a number (1-100): 
Enter a number (1-100): 
Enter a number (1-100): 
Enter a number (1-100): 
Enter a number (1-100): 
Enter a number (1-100): 
Enter a number (1-100): 
Enter a number (1-100): 
Enter a number (1-100): 
Enter a number (1-100): 
Enter a number (1-100): 
Enter a number (1-100): 
Enter a number (1-100): 
Enter a number (1-100): 
Enter a number (1-100): 
Enter a number (1-100): 
Enter a number (1-100): 
Enter a number (1-100): 
Enter a number (1-100): 
Enter a number (1-100): 
Enter a number (1-100): 
Enter a number (1-100): 
Enter a number (1-100): 
Enter a number (1-100): 
Enter a number (1-100): 
Enter a number (1-100): 
Enter a number (1-100): 
Enter a number (1-100): 
Enter a number (1-100): 
Enter a number (1-100): 
Enter a number (1-100): 
Enter a number (1-100): 
Enter a number (1-100): 
Enter a number (1-100): 
Enter a number (1-100): 
Enter a number (1-100): 
Enter a number (1-100): 
Enter a number (1-100): 
Enter a number (1-100): 
Enter a number (1-100): 
Enter a number (1-100): 
Enter a number (1-100): 
Enter a number (1-100): 
Enter a number (1-100): 
Enter a number (1-100): 
Enter a number (1-100): 
Enter a number (1-100): 
Enter a number (1-100): 
Enter a number (1-100): 
Enter a number (1-100): 
Enter a number (1-100): 
Enter a number (1-100): 
Enter a number (1-100): 
Enter a number (1-100): 
Enter a number (1-100): 
Enter a number (1-100): 
Enter a number (1-100): 
Enter a number (1-100): 
Enter a number (1-100): 
Enter a number (1-100): 
Enter a number (1-100): 
Enter a number (1-100): 
Enter a number (1-100): 
Enter a number (1-100): 
Enter a number (1-100): 
Enter a number (1-100): 
Enter a number (1-100): 
Enter a number (1-100): 
Enter a number (1-100): 
Enter a number (1-100): 
Enter a number (1-100): 
Enter a number (1-100): 
Enter a number (1-100): 
Enter a number (1-100): 
Enter a number (1-100): 
Enter a number (1-100): 
Enter a number (1-100): 
Enter a number (1-100): 
Enter a number (1-100): 
Enter a number (1-100): 
Enter a number (1-100): 
Enter a number (1-100): 
Enter a number (1-100): 
Enter a number (1-100): 
Enter a number (1-100): 
Enter a number (1-100): 
Enter a number (1-100): 
Enter a number (1-100): 
Enter a number (1-100): 
Enter a number (1-100): 
Enter a number (1-100): 
Enter a number (1-100): 
Enter a number (1-100): 
Enter a number (1-100): 
Enter a number (1-100): 
Enter a number (1-100): 
Enter a number (1-100): 
Enter a number (1-100): 
Enter a number (1-100): 
Enter a number (1-100): 
Enter a number (1-100): 
Enter a number (1-100): 
Enter a number (1-100): 
Enter a number (1-100): 
Enter a number (1-100): 
Enter a number (1-100): 
Enter a number (1-100): 
Enter a number (1-100): 
Enter a number (1-100): 
Enter a number (1-100): 
Enter a number (1-100): 
Enter a number (1-100): 
Enter a number (1-100): 
Enter a number (1-100): 
Enter a number (1-100): 
Enter a number (1-100): 
Enter a number (1-100): 
Enter a number (1-100): 
Enter a number (1-100): 
Enter a number (1-100): 
Enter a number (1-100): 
Enter a number (1-100): 
Enter a number (1-100): 
Enter a number (1-100): 
Enter a number (1-100): 
Enter a number (1-100): 
Enter a number (1-100): 
Enter a number (1-100): 
Enter a number (1-100): 
Enter a number (1-100): 
Enter a number (1-100): 
Enter a number (1-100): 
Enter a number (1-100): 
Enter a number (1-100): 
Enter a number (1-100): 
Enter a number (1-100): 
Enter a number (1-100): 
Enter a number (1-100): 
Enter a number (1-100): 
Enter a number (1-100): 
Enter a number (1-100): 
Enter a number (1-100): 
Enter a number (1-100): 
Enter a number (1-100): 
Enter a number (1-100): 
Enter a number (1-100): 
Enter a number (1-100): 
Enter a number (1-100): 
Enter a number (1-100): 
Enter a number (1-100): 
Enter a number (1-100): 
Enter a number (1-100): 
Enter a number (1-100): 
Enter a number (1-100): 
Enter a number (1-100): 
Enter a number (1-100): 
Enter a number (1-100): 
Enter a number (1-100): 
Enter a number (1-100): 
Enter a number (1-100): 
Enter a number (1-100): 
Enter a number (1-100): 
Enter a number (1-100): 
Enter a number (1-100): 
Enter a number (1-100): 
Enter a number (1-100): 
Enter a number (1-100): 
Enter a number (1-100): 
Enter a number (1-100): 
Enter a number (1-100): 
Enter a number (1-100): 
Enter a number (1-100): 
Enter a number (1-100): 
Enter a number (1-100): 
Enter a number (1-100): 
Enter a number (1-100): 
Enter a number (1-100): 
Enter a number (1-100): 
Enter a number (1-100): 
Enter a number (1-100): 
Enter a number (1-100): 
Enter a number (1-100): 
Enter a number (1-100): 
Enter a number (1-100): 
Enter a number (1-100): 
Enter a number (1-100): 
Enter a number (1-100): 
Enter a number (1-100): 
Enter a number (1-100): 
Enter a number (1-100): 
Enter a number (1-100): 
Enter a number (1-100): 
Enter a number (1-100): 
Enter a number (1-100): 
Enter a number (1-100): 
Enter a number (1-100): 
Enter a number (1-100): 
Enter a number (1-100): 
Enter a number (1-100): 
Enter a number (1-100): 
Enter a number (1-100): 
Enter a number (1-100): 
Enter a number (1-100): 
Enter a number (1-100): 
Enter a number (1-100): 
Enter a number (1-100): 
Enter a number (1-100): 
Enter a number (1-100): 
Enter a number (1-100): 
Enter a number (1-100): 
Enter a number (1-100): 
Enter a number (1-100): 
Enter a number (1-100): 
Enter a number (1-100): 
Enter a number (1-100): 
Enter a number (1-100): 
Enter a number (1-100): 
Enter a number (1-100): 
Enter a number (1-100): 
Enter a number (1-100): 
Enter a number (1-100): 
Enter a number (1-100): 
Enter a number (1-100): 
Enter a number (1-100): 
Enter a number (1-100): 
Enter a number (1-100): 
Enter a number (1-100): 
Enter a number (1-100): 
Enter a number (1-100): 
Enter a number (1-100): 
Enter a number (1-100): 
Enter a number (1-100): 
Enter a number (1-100): 
Enter a number (1-100): 
Enter a number (1-100): 
Enter a number (1-100): 
Enter a number (1-100): 
Enter a number (1-100): 
Enter a number (1-100): 
Enter a number (1-100): 
Enter a number (1-100): 
Enter a number (1-100): 
Enter a number (1-100): 
Enter a number (1-100): 
Enter a number (1-100): 
Enter a number (1-100): 
Enter a number (1-100): 
Enter a number (1-100): 
Enter a number (1-100): 
Enter a number (1-100): 
Enter a number (1-100): 
Enter a number (1-100): 
Enter a number (1-100): 
Enter a number (1-100): 
Enter a number (1-100): 
Enter a number (1-100): 
Enter a number (1-100): 
Enter a number (1-100): 
Enter a number (1-100): 
Enter a number (1-100): 
Enter a number (1-100): 
Enter a number (1-100): 
Enter a number (1-100): 
Enter a number (1-100): 
Enter a number (1-100): 
Enter a number (1-100): 
Enter a number (1-100): 
Enter a number (1-100): 
Enter a number (1-100): 
Enter a number (1-100): 
Enter a number (1-100): 
Enter a number (1-100): 
Enter a number (1-100): 
Enter a number (1-100): 
Enter a number (1-100): 
Enter a number (1-100): 
Enter a number (1-100): 
Enter a number (1-100): 
Enter a number (1-100): 
Enter a number (1-100): 
Enter a number (1-100): 
Enter a number (1-100): 
Enter a number (1-100): 
Enter a number (1-100): 
Enter a number (1-100): 
Enter a number (1-100): 
Enter a number (1-100): 
Enter a number (1-100): 
Enter a number (1-100): 
Enter a number (1-100): 
Enter a number (1-100): 
Enter a number (1-100): 
Enter a number (1-100): 
Enter a number (1-100): 
Enter a number (1-100): 
Enter a number (1-100): 
Enter a number (1-100): 
Enter a number (1-100): 
Enter a number (1-100): 
Enter a number (1-100): 
Enter a number (1-100): 
Enter a number (1-100): 
Enter a number (1-100): 
Enter a number (1-100): 
Enter a number (1-100): 
Enter a number (1-100): 
Enter a number (1-100): 
Enter a number (1-100): 
Enter a number (1-100): 
Enter a number (1-100): 
Enter a number (1-100): 
Enter a number (1-100): 
Enter a number (1-100): 
Enter a number (1-100): 
Enter a number (1-100): 
Enter a number (1-100): 
Enter a number (1-100): 
Enter a number (1-100): 
Enter a number (1-100): 
Enter a number (1-100): 
Enter a number (1-100): 
Enter a number (1-100): 
Enter a number (1-100): 
Enter a number (1-100): 
Enter a number (1-100): 
Enter a number (1-100): 
Enter a number (1-100): 
Enter a number (1-100): 
Enter a number (1-100): 
Enter a number (1-100): 
Enter a number (1-100): 
Enter a number (1-100): 
Enter a number (1-100): 
Enter a number (1-100): 
Enter a number (1-100): 
Enter a number (1-100): 
Enter a number (1-100): 
Enter a number (1-100): 
Enter a number (1-100): 
Enter a number (1-100): 
Enter a number (1-100): 
Enter a number (1-100): 
Enter a number (1-100): 
Enter a number (1-100): 
Enter a number (1-100): 
Enter a number (1-100): 
Enter a number (1-100): 
Enter a number (1-100): 
Enter a number (1-100): 
Enter a number (1-100): 
Enter a number (1-100): 
Enter a number (1-100): 
Enter a number (1-100): 
Enter a number (1-100): 
Enter a number (1-100): 
Enter a number (1-100): 
Enter a number (1-100): 
Enter a number (1-100): 
Enter a number (1-100): 
Enter a number (1-100): 
Enter a number (1-100): 
Enter a number (1-100): 
Enter a number (1-100): 
Enter a number (1-100): 
Enter a number (1-100): 
Enter a number (1-100): 
Enter a number (1-100): 
Enter a number (1-100): 
Enter a number (1-100): 
Enter a number (1-100): 
Enter a number (1-100): 
Enter a number (1-100): 
Enter a number (1-100): 
Enter a number (1-100): 
Enter a number (1-100): 
Enter a number (1-100): 
Enter a number (1-100): 
Enter a number (1-100): 
Enter a number (1-100): 
Enter a number (1-100): 
Enter a number (1-100): 
Enter a number (1-100): 
Enter a number (1-100): 
Enter a number (1-100): 
Enter a number (1-100): 
Enter a number (1-100): 
Enter a number (1-100): 
Enter a number (1-100): 
Enter a number (1-100): 
Enter a number (1-100): 
Enter a number (1-100): 
Enter a number (1-100): 
Enter a number (1-100): 
Enter a number (1-100): 
Enter a number (1-100): 
Enter a number (1-100): 
Enter a number (1-100): 
Enter a number (1-100): 
Enter a number (1-100): 
Enter a number (1-100): 
Enter a number (1-100): 
Enter a number (1-100): 
Enter a number (1-100): 
Enter a number (1-100): 
Enter a number (1-100): 
Enter a number (1-100): 
Enter a number (1-100): 
Enter a number (1-100): 
Enter a number (1-100): 
Enter a number (1-100): 
Enter a number (1-100): 
Enter a number (1-100): 
Enter a number (1-100): 
Enter a number (1-100): 
Enter a number (1-100): 
Enter a number (1-100): 
Enter a number (1-100): 
Enter a number (1-100): 
Enter a number (1-100): 
Enter a number (1-100): 
Enter a number (1-100): 
Enter a number (1-100): 
Enter a number (1-100): 
Enter a number (1-100): 
Enter a number (1-100): 
Enter a number (1-100): 
Enter a number (1-100): 
Enter a number (1-100): 
Enter a number (1-100): 
Enter a number (1-100): 
Enter a number (1-100): 
Enter a number (1-100): 
Enter a number (1-100): 
Enter a number (1-100): 
Enter a number (1-100): 
Enter a number (1-100): 
Enter a number (1-100): 
Enter a number (1-100): 
Enter a number (1-100): 
Enter a number (1-100): 
Enter a number (1-100): 
Enter a number (1-100): 
Enter a number (1-100): 
Enter a number (1-100): 
Enter a number (1-100): 
Enter a number (1-100): 
Enter a number (1-100): 
Enter a number (1-100): 
Enter a number (1-100): 
Enter a number (1-100): 
Enter a number (1-100): 
Enter a number (1-100): 
Enter a number (1-100): 
Enter a number (1-100): 
Enter a number (1-100): 
Enter a number (1-100): 
Enter a number (1-100): 
Enter a number (1-100): 
Enter a number (1-100): 
Enter a number (1-100): 
Enter a number (1-100): 
Enter a number (1-100): 
Enter a number (1-100): 
Enter a number (1-100): 
Enter a number (1-100): 
Enter a number (1-100): 
Enter a number (1-100): 
Enter a number (1-100): 
Enter a number (1-100): 
Enter a number (1-100): 
Enter a number (1-100): 
Enter a number (1-100): 
Enter a number (1-100): 
Enter a number (1-100): 
Enter a number (1-100): 
Enter a number (1-100): 
Enter a number (1-100): 
Enter a number (1-100): 
Enter a number (1-100): 
Enter a number (1-100): 
Enter a number (1-100): 
Enter a number (1-100): 
Enter a number (1-100): 
Enter a number (1-100): 
Enter a number (1-100): 
Enter a number (1-100): 
Enter a number (1-100): 
Enter a number (1-100): 
Enter a number (1-100): 
Enter a number (1-100): 
Enter a number (1-100): 
Enter a number (1-100): 
Enter a number (1-100): 
Enter a number (1-100): 
Enter a number (1-100): 
Enter a number (1-100): 
Enter a number (1-100): 
Enter a number (1-100): 
Enter a number (1-100): 
Enter a number (1-100): 
Enter a number (1-100): 
Enter a number (1-100): 
Enter a number (1-100): 
Enter a number (1-100): 
Enter a number (1-100): 
Enter a number (1-100): 
Enter a number (1-100): 
Enter a number (1-100): 
Enter a number (1-100): 
Enter a number (1-100): 
Enter a number (1-100): 
Enter a number (1-100): 
Enter a number (1-100): 
Enter a number (1-100): 
Enter a number (1-100): 
Enter a number (1-100): 
Enter a number (1-100): 
Enter a number (1-100): 
Enter a number (1-100): 
Enter a number (1-100): 
Enter a number (1-100): 
Enter a number (1-100): 
Enter a number (1-100): 
Enter a number (1-100): 
Enter a number (1-100): 
Enter a number (1-100): 
Enter a number (1-100): 
Enter a number (1-100): 
Enter a number (1-100): 
Enter a number (1-100): 
Enter a number (1-100): 
Enter a number (1-100): 
Enter a number (1-100): 
Enter a number (1-100): 
Enter a number (1-100): 
Enter a number (1-100): 
Enter a number (1-100): 
Enter a number (1-100): 
Enter a number (1-100): 
Enter a number (1-100): 
Enter a number (1-100): 
Enter a number (1-100): 
Enter a number (1-100): 
Enter a number (1-100): 
Enter a number (1-100): 
Enter a number (1-100): 
Enter a number (1-100): 
Enter a number (1-100): 
Enter a number (1-100): 
Enter a number (1-100): 
Enter a number (1-100): 
Enter a number (1-100): 
Enter a number (1-100): 
Enter a number (1-100): 
Enter a number (1-100): 
Enter a number (1-100): 
Enter a number (1-100): 
Enter a number (1-100): 
Enter a number (1-100): 
Enter a number (1-100): 
Enter a number (1-100): 
Enter a number (1-100): 
Enter a number (1-100): 
Enter a number (1-100): 
Enter a number (1-100): 
Enter a number (1-100): 
Enter a number (1-100): 
Enter a number (1-100): 
Enter a number (1-100): 
Enter a number (1-100): 
Enter a number (1-100): 
Enter a number (1-100): 
Enter a number (1-100): 
Enter a number (1-100): 
Enter a number (1-100): 
Enter a number (1-100): 
Enter a number (1-100): 
Enter a number (1-100): 
Enter a number (1-100): 
Enter a number (1-100): 
Enter a number (1-100): 
Enter a number (1-100): 
Enter a number (1-100): 
Enter a number (1-100): 
Enter a number (1-100): 
Enter a number (1-100): 
Enter a number (1-100): 
Enter a number (1-100): 
Enter a number (1-100): 
Enter a number (1-100): 
Enter a number (1-100): 
Enter a number (1-100): 
Enter a number (1-100): 
Enter a number (1-100): 
Enter a number (1-100): 
Enter a number (1-100): 
Enter a number (1-100): 
Enter a number (1-100): 
Enter a number (1-100): 
Enter a number (1-100): 
Enter a number (1-100): 
Enter a number (1-100): 
Enter a number (1-100): 
Enter a number (1-100): 
Enter a number (1-100): 
Enter a number (1-100): 
Enter a number (1-100): 
Enter a number (1-100): 
Enter a number (1-100): 
Enter a number (1-100): 
Enter a number (1-100): 
Enter a number (1-100): 
Enter a number (1-100): 
Enter a number (1-100): 
Enter a number (1-100): 
Enter a number (1-100): 
Enter a number (1-100): 
Enter a number (1-100): 
Enter a number (1-100): 
Enter a number (1-100): 
Enter a number (1-100): 
Enter a number (1-100): 
Enter a number (1-100): 
Enter a number (1-100): 
Enter a number (1-100): 
Enter a number (1-100): 
Enter a number (1-100): 
Enter a number (1-100): 
Enter a number (1-100): 
Enter a number (1-100): 
Enter a number (1-100): 
Enter a number (1-100): 
Enter a number (1-100): 
Enter a number (1-100): 
Enter a number (1-100): 
Enter a number (1-100): 
Enter a number (1-100): 
Enter a number (1-100): 
Enter a number (1-100): 
Enter a number (1-100): 
Enter a number (1-100): 
Enter a number (1-100): 
Enter a number (1-100): 
Enter a number (1-100): 
Enter a number (1-100): 
Enter a number (1-100): 
Enter a number (1-100): 
Enter a number (1-100): 
Enter a number (1-100): 
Enter a number (1-100): 
Enter a number (1-100): 
Enter a number (1-100): 
Enter a number (1-100): 
Enter a number (1-100): 
Enter a number (1-100): 
Enter a number (1-100): 
Enter a number (1-100): 
Enter a number (1-100): 
Enter a number (1-100): 
Enter a number (1-100): 
Enter a number (1-100): 
Enter a number (1-100): 
Enter a number (1-100): 
Enter a number (1-100): 
Enter a number (1-100): 
Enter a number (1-100): 
Enter a number (1-100): 
Enter a number (1-100): 
Enter a number (1-100): 
Enter a number (1-100): 
Enter a number (1-100): 
Enter a number (1-100): 
Enter a number (1-100): 
Enter a number (1-100): 
Enter a number (1-100): 
Enter a number (1-100): 
Enter a number (1-100): 
Enter a number (1-100): 
Enter a number (1-100): 
Enter a number (1-100): 
Enter a number (1-100): 
Enter a number (1-100): 
Enter a number (1-100): 
Enter a number (1-100): 
Enter a number (1-100): 
Enter a number (1-100): 
Enter a number (1-100): 
Enter a number (1-100): 
Enter a number (1-100): 
Enter a number (1-100): 
Enter a number (1-100): 
Enter a number (1-100): 
Enter a number (1-100): 
Enter a number (1-100): 
Enter a number (1-100): 
Enter a number (1-100): 
Enter a number (1-100): 
Enter a number (1-100): 
Enter a number (1-100): 
Enter a number (1-100): 
Enter a number (1-100): 
Enter a number (1-100): 
Enter a number (1-100): 
Enter a number (1-100): 
Enter a number (1-100): 
Enter a number (1-100): 
Enter a number (1-100): 
Enter a number (1-100): 
Enter a number (1-100): 
Enter a number (1-100): 
Enter a number (1-100): 
Enter a number (1-100): 
Enter a number (1-100): 
Enter a number (1-100): 
Enter a number (1-100): 
Enter a number (1-100): 
Enter a number (1-100): 
Enter a number (1-100): 
Enter a number (1-100): 
Enter a number (1-100): 
Enter a number (1-100): 
Enter a number (1-100): 
Enter a number (1-100): 
Enter a number (1-100): 
Enter a number (1-100): 
Enter a number (1-100): 
Enter a number (1-100): 
Enter a number (1-100): 
Enter a number (1-100): 
Enter a number (1-100): 
Enter a number (1-100): 
Enter a number (1-100): 
Enter a number (1-100): 
Enter a number (1-100): 
Enter a number (1-100): 
Enter a number (1-100): 
Enter a number (1-100): 
Enter a number (1-100): 
Enter a number (1-100): 
Enter a number (1-100): 
Enter a number (1-100): 
Enter a number (1-100): 
Enter a number (1-100): 
Enter a number (1-100): 
Enter a number (1-100): 
Enter a number (1-100): 
Enter a number (1-100): 
Enter a number (1-100): 
Enter a number (1-100): 
Enter a number (1-100): 
Enter a number (1-100): 
Enter a number (1-100): 
Enter a number (1-100): 
Enter a number (1-100): 
Enter a number (1-100): 
Enter a number (1-100): 
Enter a number (1-100): 
Enter a number (1-100): 
Enter a number (1-100): 
Enter a number (1-100): 
Enter a number (1-100): 
Enter a number (1-100): 
Enter a number (1-100): 
Enter a number (1-100): 
Enter a number (1-100): 
Enter a number (1-100): 
Enter a number (1-100): 
Enter a number (1-100): 
Enter a number (1-100): 
Enter a number (1-100): 
Enter a number (1-100): 
Enter a number (1-100): 
Enter a number (1-100): 
Enter a number (1-100): 
Enter a number (1-100): 
Enter a number (1-100): 
Enter a number (1-100): 
Enter a number (1-100): 
Enter a number (1-100): 
Enter a number (1-100): 
Enter a number (1-100): 
Enter a number (1-100): 
Enter a number (1-100): 
Enter a number (1-100): 
Enter a number (1-100): 
Enter a number (1-100): 
Enter a number (1-100): 
Enter a number (1-100): 
Enter a number (1-100): 
Enter a number (1-100): 
Enter a number (1-100): 
Enter a number (1-100): 
Enter a number (1-100): 
Enter a number (1-100): 
Enter a number (1-100): 
Enter a number (1-100): 
Enter a number (1-100): 
Enter a number (1-100): 
Enter a number (1-100): 
Enter a number (1-100): 
Enter a number (1-100): 
Enter a number (1-100): 
Enter a number (1-100): 
Enter a number (1-100): 
Enter a number (1-100): 
Enter a number (1-100): 
Enter a number (1-100): 
Enter a number (1-100): 
Enter a number (1-100): 
Enter a number (1-100): 
Enter a number (1-100): 
Enter a number (1-100): 
Enter a number (1-100): 
Enter a number (1-100): 
Enter a number (1-100): 
Enter a number (1-100): 
Enter a number (1-100): 
Enter a number (1-100): 
Enter a number (1-100): 
Enter a number (1-100): 
Enter a number (1-100): 
Enter a number (1-100): 
Enter a number (1-100): 
Enter a number (1-100): 
Enter a number (1-100): 
Enter a number (1-100): 
Enter a number (1-100): 
Enter a number (1-100): 
Enter a number (1-100): 
Enter a number (1-100): 
Enter a number (1-100): 
Enter a number (1-100): 
Enter a number (1-100): 
Enter a number (1-100): 
Enter a number (1-100): 
Enter a number (1-100): 
Enter a number (1-100): 
Enter a number (1-100): 
Enter a number (1-100): 
Enter a number (1-100): 
Enter a number (1-100): 
Enter a number (1-100): 
Enter a number (1-100): 
Enter a number (1-100): 
Enter a number (1-100): 
Enter a number (1-100): 
Enter a number (1-100): 
Enter a number (1-100): 
Enter a number (1-100): 
Enter a number (1-100): 
Enter a number (1-100): 
Enter a number (1-100): 
Enter a number (1-100): 
Enter a number (1-100): 
Enter a number (1-100): 
Enter a number (1-100): 
Enter a number (1-100): 
Enter a number (1-100): 
Enter a number (1-100): 
Enter a number (1-100): 
Enter a number (1-100): 
Enter a number (1-100): 
Enter a number (1-100): 
Enter a number (1-100): 
Enter a number (1-100): 
Enter a number (1-100): 
Enter a number (1-100): 
Enter a number (1-100): 
Enter a number (1-100): 
Enter a number (1-100): 
Enter a number (1-100): 
Enter a number (1-100): 
Enter a number (1-100): 
Enter a number (1-100): 
Enter a number (1-100): 
Enter a number (1-100): 
Enter a number (1-100): 
Enter a number (1-100): 
Enter a number (1-100): 
Enter a number (1-100): 
Enter a number (1-100): 
Enter a number (1-100): 
Enter a number (1-100): 
Enter a number (1-100): 
Enter a number (1-100): 
Enter a number (1-100): 
Enter a number (1-100): 
Enter a number (1-100): 
Enter a number (1-100): 
Enter a number (1-100): 
Enter a number (1-100): 
Enter a number (1-100): 
Enter a number (1-100): 
Enter a number (1-100): 
Enter a number (1-100): 
Enter a number (1-100): 
Enter a number (1-100): 
Enter a number (1-100): 
Enter a number (1-100): 
Enter a number (1-100): 
Enter a number (1-100): 
Enter a number (1-100): 
Enter a number (1-100): 
Enter a number (1-100): 
Enter a number (1-100): 
Enter a number (1-100): 
Enter a number (1-100): 
Enter a number (1-100): 
Enter a number (1-100): 
Enter a number (1-100): 
Enter a number (1-100): 
Enter a number (1-100): 
Enter a number (1-100): 
Enter a number (1-100): 
Enter a number (1-100): 
Enter a number (1-100): 
Enter a number (1-100): 
Enter a number (1-100): 
Enter a number (1-100): 
Enter a number (1-100): 
Enter a number (1-100): 
Enter a number (1-100): 
Enter a number (1-100): 
Enter a number (1-100): 
Enter a number (1-100): 
Enter a number (1-100): 
Enter a number (1-100): 
Enter a number (1-100): 
Enter a number (1-100): 
Enter a number (1-100): 
Enter a number (1-100): 
Enter a number (1-100): 
Enter a number (1-100): 
Enter a number (1-100): 
Enter a number (1-100): 
Enter a number (1-100): 
Enter a number (1-100): 
Enter a number (1-100): 
Enter a number (1-100): 
Enter a number (1-100): 
Enter a number (1-100): 
Enter a number (1-100): 
Enter a number (1-100): 
Enter a number (1-100): 
Enter a number (1-100): 
Enter a number (1-100): 
Enter a number (1-100): 
Enter a number (1-100): 
Enter a number (1-100): 
Enter a number (1-100): 
Enter a number (1-100): 
Enter a number (1-100): 
Enter a number (1-100): 
Enter a number (1-100): 
Enter a number (1-100): 
Enter a number (1-100): 
Enter a number (1-100): 
Enter a number (1-100): 
Enter a number (1-100): 
Enter a number (1-100): 
Enter a number (1-100): 
Enter a number (1-100): 
Enter a number (1-100): 
Enter a number (1-100): 
Enter a number (1-100): 
Enter a number (1-100): 
Enter a number (1-100): 
Enter a number (1-100): 
Enter a number (1-100): 
Enter a number (1-100): 
Enter a number (1-100): 
Enter a number (1-100): 
Enter a number (1-100): 
Enter a number (1-100): 
Enter a number (1-100): 
Enter a number (1-100): 
Enter a number (1-100): 
Enter a number (1-100): 
Enter a number (1-100): 
Enter a number (1-100): 
Enter a number (1-100): 
Enter a number (1-100): 
Enter a number (1-100): 
Enter a number (1-100): 
Enter a number (1-100): 
Enter a number (1-100): 
Enter a number (1-100): 
Enter a number (1-100): 
Enter a number (1-100): 
Enter a number (1-100): 
Enter a number (1-100): 
Enter a number (1-100): 
Enter a number (1-100): 
Enter a number (1-100): 
Enter a number (1-100): 
Enter a number (1-100): 
Enter a number (1-100): 
Enter a number (1-100): 
Enter a number (1-100): 
Enter a number (1-100): 
Enter a number (1-100): 
Enter a number (1-100): 
Enter a number (1-100): 
Enter a number (1-100): 
Enter a number (1-100): 
Enter a number (1-100): 
Enter a number (1-100): 
Enter a number (1-100): 
Enter a number (1-100): 
Enter a number (1-100): 
Enter a number (1-100): 
Enter a number (1-100): 
Enter a number (1-100): 
Enter a number (1-100): 
Enter a number (1-100): 
Enter a number (1-100): 
Enter a number (1-100): 
Enter a number (1-100): 
Enter a number (1-100): 
Enter a number (1-100): 
Enter a number (1-100): 
Enter a number (1-100): 
Enter a number (1-100): 
Enter a number (1-100): 
Enter a number (1-100): 
Enter a number (1-100): 
Enter a number (1-100): 
Enter a number (1-100): 
Enter a number (1-100): 
Enter a number (1-100): 
Enter a number (1-100): 
Enter a number (1-100): 
Enter a number (1-100): 
Enter a number (1-100): 
Enter a number (1-100): 
Enter a number (1-100): 
Enter a number (1-100): 
Enter a number (1-100): 
Enter a number (1-100): 
Enter a number (1-100): 
Enter a number (1-100): 
Enter a number (1-100): 
Enter a number (1-100): 
Enter a number (1-100): 
Enter a number (1-100): 
Enter a number (1-100): 
Enter a number (1-100): 
Enter a number (1-100): 
Enter a number (1-100): 
Enter a number (1-100): 
Enter a number (1-100): 
Enter a number (1-100): 
Enter a number (1-100): 
Enter a number (1-100): 
Enter a number (1-100): 
Enter a number (1-100): 
Enter a number (1-100): 
Enter a number (1-100): 
Enter a number (1-100): 
Enter a number (1-100): 
Enter a number (1-100): 
Enter a number (1-100): 
Enter a number (1-100): 
Enter a number (1-100): 
Enter a number (1-100): 
Enter a number (1-100): 
Enter a number (1-100): 
Enter a number (1-100): 
Enter a number (1-100): 
Enter a number (1-100): 
Enter a number (1-100): 
Enter a number (1-100): 
Enter a number (1-100): 
Enter a number (1-100): 
Enter a number (1-100): 
Enter a number (1-100): 
Enter a number (1-100): 
Enter a number (1-100): 
Enter a number (1-100): 
Enter a number (1-100): 
Enter a number (1-100): 
Enter a number (1-100): 
Enter a number (1-100): 
Enter a number (1-100): 
Enter a number (1-100): 
Enter a number (1-100): 
Enter a number (1-100): 
Enter a number (1-100): 
Enter a number (1-100): 
Enter a number (1-100): 
Enter a number (1-100): 
Enter a number (1-100): 
Enter a number (1-100): 
Enter a number (1-100): 
Enter a number (1-100): 
Enter a number (1-100): 
Enter a number (1-100): 
Enter a number (1-100): 
Enter a number (1-100): 
Enter a number (1-100): 
Enter a number (1-100): 
Enter a number (1-100): 
Enter a number (1-100): 
Enter a number (1-100): 
Enter a number (1-100): 
Enter a number (1-100): 
Enter a number (1-100): 
Enter a number (1-100): 
Enter a number (1-100): 
Enter a number (1-100): 
Enter a number (1-100): 
Enter a number (1-100): 
Enter a number (1-100): 
Enter a number (1-100): 
Enter a number (1-100): 
Enter a number (1-100): 
Enter a number (1-100): 
Enter a number (1-100): 
Enter a number (1-100): 
Enter a number (1-100): 
Enter a number (1-100): 
Enter a number (1-100): 
Enter a number (1-100): 
Enter a number (1-100): 
Enter a number (1-100): 
Enter a number (1-100): 
Enter a number (1-100): 
Enter a number (1-100): 
Enter a number (1-100): 
Enter a number (1-100): 
Enter a number (1-100): 
Enter a number (1-100): 
Enter a number (1-100): 
Enter a number (1-100): 
Enter a number (1-100): 
Enter a number (1-100): 
Enter a number (1-100): 
Enter a number (1-100): 
Enter a number (1-100): 
Enter a number (1-100): 
Enter a number (1-100): 
Enter a number (1-100): 
Enter a number (1-100): 
Enter a number (1-100): 
Enter a number (1-100): 
Enter a number (1-100): 
Enter a number (1-100): 
Enter a number (1-100): 
Enter a number (1-100): 
Enter a number (1-100): 
Enter a number (1-100): 
Enter a number (1-100): 
Enter a number (1-100): 
Enter a number (1-100): 
Enter a number (1-100): 
Enter a number (1-100): 
Enter a number (1-100): 
Enter a number (1-100): 
Enter a number (1-100): 
Enter a number (1-100): 
Enter a number (1-100): 
Enter a number (1-100): 
Enter a number (1-100): 
Enter a number (1-100): 
Enter a number (1-100): 
Enter a number (1-100): 
Enter a number (1-100): 
Enter a number (1-100): 
Enter a number (1-100): 
Enter a number (1-100): 
Enter a number (1-100): 
Enter a number (1-100): 
Enter a number (1-100): 
Enter a number (1-100): 
Enter a number (1-100): 
Enter a number (1-100): 
Enter a number (1-100): 
Enter a number (1-100): 
Enter a number (1-100): 
Enter a number (1-100): 
Enter a number (1-100): 
Enter a number (1-100): 
Enter a number (1-100): 
Enter a number (1-100): 
Enter a number (1-100): 
Enter a number (1-100): 
Enter a number (1-100): 
Enter a number (1-100): 
Enter a number (1-100): 
Enter a number (1-100): 
Enter a number (1-100): 
Enter a number (1-100): 
Enter a number (1-100): 
Enter a number (1-100): 
Enter a number (1-100): 
Enter a number (1-100): 
Enter a number (1-100): 
Enter a number (1-100): 
Enter a number (1-100): 
Enter a number (1-100): 
Enter a number (1-100): 
Enter a number (1-100): 
Enter a number (1-100): 
Enter a number (1-100): 
Enter a number (1-100): 
Enter a number (1-100): 
Enter a number (1-100): 
Enter a number (1-100): 
Enter a number (1-100): 
Enter a number (1-100): 
Enter a number (1-100): 
Enter a number (1-100): 
Enter a number (1-100): 
Enter a number (1-100): 
Enter a number (1-100): 
Enter a number (1-100): 
Enter a number (1-100): 
Enter a number (1-100): 
Enter a number (1-100): 
Enter a number (1-100): 
Enter a number (1-100): 
Enter a number (1-100): 
Enter a number (1-100): 
Enter a number (1-100): 
Enter a number (1-100): 
Enter a number (1-100): 
Enter a number (1-100): 
Enter a number (1-100): 
Enter a number (1-100): 
Enter a number (1-100): 
Enter a number (1-100): 
Enter a number (1-100): 
Enter a number (1-100): 
Enter a number (1-100): 
Enter a number (1-100): 
Enter a number (1-100): 
Enter a number (1-100): 
Enter a number (1-100): 
Enter a number (1-100): 
Enter a number (1-100): 
Enter a number (1-100): 
Enter a number (1-100): 
Enter a number (1-100): 
Enter a number (1-100): 
Enter a number (1-100): 
Enter a number (1-100): 
Enter a number (1-100): 
Enter a number (1-100): 
Enter a number (1-100): 
Enter a number (1-100): 
Enter a number (1-100): 
Enter a number (1-100): 
Enter a number (1-100): 
Enter a number (1-100): 
Enter a number (1-100): 
Enter a number (1-100): 
Enter a number (1-100): 
Enter a number (1-100): 
Enter a number (1-100): 
Enter a number (1-100): 
Enter a number (1-100): 
Enter a number (1-100): 
Enter a number (1-100): 
Enter a number (1-100): 
Enter a number (1-100): 
Enter a number (1-100): 
Enter a number (1-100): 
Enter a number (1-100): 
Enter a number (1-100): 
Enter a number (1-100): 
Enter a number (1-100): 
Enter a number (1-100): 
Enter a number (1-100): 
Enter a number (1-100): 
Enter a number (1-100): 
Enter a number (1-100): 
Enter a number (1-100): 
Enter a number (1-100): 
Enter a number (1-100): 
Enter a number (1-100): 
Enter a number (1-100): 
Enter a number (1-100): 
Enter a number (1-100): 
Enter a number (1-100): 
Enter a number (1-100): 
Enter a number (1-100): 
Enter a number (1-100): 
Enter a number (1-100): 
Enter a number (1-100): 
Enter a number (1-100): 
Enter a number (1-100): 
Enter a number (1-100): 
Enter a number (1-100): 
Enter a number (1-100): 
Enter a number (1-100): 
Enter a number (1-100): 
Enter a number (1-100): 
Enter a number (1-100): 
Enter a number (1-100): 
Enter a number (1-100): 
Enter a number (1-100): 
Enter a number (1-100): 
Enter a number (1-100): 
Enter a number (1-100): 
Enter a number (1-100): 
Enter a number (1-100): 
Enter a number (1-100): 
Enter a number (1-100): 
Enter a number (1-100): 
Enter a number (1-100): 
Enter a number (1-100): 
Enter a number (1-100): 
Enter a number (1-100): 
Enter a number (1-100): 
Enter a number (1-100): 
Enter a number (1-100): 
Enter a number (1-100): 
Enter a number (1-100): 
Enter a number (1-100): 
Enter a number (1-100): 
Enter a number (1-100): 
Enter a number (1-100): 
Enter a number (1-100): 
Enter a number (1-100): 
Enter a number (1-100): 
Enter a number (1-100): 
Enter a number (1-100): 
Enter a number (1-100): 
Enter a number (1-100): 
Enter a number (1-100): 
Enter a number (1-100): 
Enter a number (1-100): 
Enter a number (1-100): 
Enter a number (1-100): 
Enter a number (1-100): 
Enter a number (1-100): 
Enter a number (1-100): 
Enter a number (1-100): 
Enter a number (1-100): 
Enter a number (1-100): 
Enter a number (1-100): 
Enter a number (1-100): 
Enter a number (1-100): 
Enter a number (1-100): 
Enter a number (1-100): 
Enter a number (1-100): 
Enter a number (1-100): 
Enter a number (1-100): 
Enter a number (1-100): 
Enter a number (1-100): 
Enter a number (1-100): 
Enter a number (1-100): 
Enter a number (1-100): 
Enter a number (1-100): 
Enter a number (1-100): 
Enter a number (1-100): 
Enter a number (1-100): 
Enter a number (1-100): 
Enter a number (1-100): 
Enter a number (1-100): 
Enter a number (1-100): 
Enter a number (1-100): 
Enter a number (1-100): 
Enter a number (1-100): 
Enter a number (1-100): 
Enter a number (1-100): 
Enter a number (1-100): 
Enter a number (1-100): 
Enter a number (1-100): 
Enter a number (1-100): 
Enter a number (1-100): 
Enter a number (1-100): 
Enter a number (1-100): 
Enter a number (1-100): 
Enter a number (1-100): 
Enter a number (1-100): 
Enter a number (1-100): 
Enter a number (1-100): 
Enter a number (1-100): 
Enter a number (1-100): 
Enter a number (1-100): 
Enter a number (1-100): 
Enter a number (1-100): 
Enter a number (1-100): 
Enter a number (1-100): 
Enter a number (1-100): 
Enter a number (1-100): 
Enter a number (1-100): 
Enter a number (1-100): 
Enter a number (1-100): 
Enter a number (1-100): 
Enter a number (1-100): 
Enter a number (1-100): 
Enter a number (1-100): 
Enter a number (1-100): 
Enter a number (1-100): 
Enter a number (1-100): 
Enter a number (1-100): 
Enter a number (1-100): 
Enter a number (1-100): 
Enter a number (1-100): 
Enter a number (1-100): 
Enter a number (1-100): 
Enter a number (1-100): 
Enter a number (1-100): 
Enter a number (1-100): 
Enter a number (1-100): 
Enter a number (1-100): 
Enter a number (1-100): 
Enter a number (1-100): 
Enter a number (1-100): 
Enter a number (1-100): 
Enter a number (1-100): 
Enter a number (1-100): 
Enter a number (1-100): 
Enter a number (1-100): 
Enter a number (1-100): 
Enter a number (1-100): 
Enter a number (1-100): 
Enter a number (1-100): 
Enter a number (1-100): 
Enter a number (1-100): 
Enter a number (1-100): 
Enter a number (1-100): 
Enter a number (1-100): 
Enter a number (1-100): 
Enter a number (1-100): 
Enter a number (1-100): 
Enter a number (1-100): 
Enter a number (1-100): 
Enter a number (1-100): 
Enter a number (1-100): 
Enter a number (1-100): 
Enter a number (1-100): 
Enter a number (1-100): 
Enter a number (1-100): 
Enter a number (1-100): 
Enter a number (1-100): 
Enter a number (1-100): 
Enter a number (1-100): 
Enter a number (1-100): 
Enter a number (1-100): 
Enter a number (1-100): 
Enter a number (1-100): 
Enter a number (1-100): 
Enter a number (1-100): 
Enter a number (1-100): 
Enter a number (1-100): 
Enter a number (1-100): 
Enter a number (1-100): 
Enter a number (1-100): 
Enter a number (1-100): 
Enter a number (1-100): 
Enter a number (1-100): 
Enter a number (1-100): 
Enter a number (1-100): 
Enter a number (1-100): 
Enter a number (1-100): 
Enter a number (1-100): 
Enter a number (1-100): 
Enter a number (1-100): 
Enter a number (1-100): 
Enter a number (1-100): 
Enter a number (1-100): 
Enter a number (1-100): 
Enter a number (1-100): 
Enter a number (1-100): 
Enter a number (1-100): 
Enter a number (1-100): 
Enter a number (1-100): 
Enter a number (1-100): 
Enter a number (1-100): 
Enter a number (1-100): 
Enter a number (1-100): 
Enter a number (1-100): 
Enter a number (1-100): 
Enter a number (1-100): 
Enter a number (1-100): 
Enter a number (1-100): 
Enter a number (1-100): 
Enter a number (1-100): 
Enter a number (1-100): 
Enter a number (1-100): 
Enter a number (1-100): 
Enter a number (1-100): 
Enter a number (1-100): 
Enter a number (1-100): 
Enter a number (1-100): 
Enter a number (1-100): 
Enter a number (1-100): 
Enter a number (1-100): 
Enter a number (1-100): 
Enter a number (1-100): 
Enter a number (1-100): 
Enter a number (1-100): 
Enter a number (1-100): 
Enter a number (1-100): 
Enter a number (1-100): 
Enter a number (1-100): 
Enter a number (1-100): 
Enter a number (1-100): 
Enter a number (1-100): 
Enter a number (1-100): 
Enter a number (1-100): 
Enter a number (1-100): 
Enter a number (1-100): 
Enter a number (1-100): 
Enter a number (1-100): 
Enter a number (1-100): 
Enter a number (1-100): 
Enter a number (1-100): 
Enter a number (1-100): 
Enter a number (1-100): 
Enter a number (1-100): 
Enter a number (1-100): 
Enter a number (1-100): 
Enter a number (1-100): 
Enter a number (1-100): 
Enter a number (1-100): 
Enter a number (1-100): 
Enter a number (1-100): 
Enter a number (1-100): 
Enter a number (1-100): 
Enter a number (1-100): 
Enter a number (1-100): 
Enter a number (1-100): 
Enter a number (1-100): 
Enter a number (1-100): 
Enter a number (1-100): 
Enter a number (1-100): 
Enter a number (1-100): 
Enter a number (1-100): 
Enter a number (1-100): 
Enter a number (1-100): 
Enter a number (1-100): 
Enter a number (1-100): 
Enter a number (1-100): 
Enter a number (1-100): 
Enter a number (1-100): 
Enter a number (1-100): 
Enter a number (1-100): 
Enter a number (1-100): 
Enter a number (1-100): 
Enter a number (1-100): 
Enter a number (1-100): 
Enter a number (1-100): 
Enter a number (1-100): 
Enter a number (1-100): 
Enter a number (1-100): 
Enter a number (1-100): 
Enter a number (1-100): 
Enter a number (1-100): 
Enter a number (1-100): 
Enter a number (1-100): 
Enter a number (1-100): 
Enter a number (1-100): 
Enter a number (1-100): 
Enter a number (1-100): 
Enter a number (1-100): 
Enter a number (1-100): 
Enter a number (1-100): 
Enter a number (1-100): 
Enter a number (1-100): 
Enter a number (1-100): 
Enter a number (1-100): 
Enter a number (1-100): 
Enter a number (1-100): 
Enter a number (1-100): 
Enter a number (1-100): 
Enter a number (1-100): 
Enter a number (1-100): 
Enter a number (1-100): 
Enter a number (1-100): 
Enter a number (1-100): 
Enter a number (1-100): 
Enter a number (1-100): 
Enter a number (1-100): 
Enter a number (1-100): 
Enter a number (1-100): 
Enter a number (1-100): 
Enter a number (1-100): 
Enter a number (1-100): 
Enter a number (1-100): 
Enter a number (1-100): 
Enter a number (1-100): 
Enter a number (1-100): 
Enter a number (1-100): 
Enter a number (1-100): 
Enter a number (1-100): 
Enter a number (1-100): 
Enter a number (1-100): 
Enter a number (1-100): 
Enter a number (1-100): 
Enter a number (1-100): 
Enter a number (1-100): 
Enter a number (1-100): 
Enter a number (1-100): 
Enter a number (1-100): 
Enter a number (1-100): 
Enter a number (1-100): 
Enter a number (1-100): 
Enter a number (1-100): 
Enter a number (1-100): 
Enter a number (1-100): 
Enter a number (1-100): 
Enter a number (1-100): 
Enter a number (1-100): 
Enter a number (1-100): 
Enter a number (1-100): 
Enter a number (1-100): 
Enter a number (1-100): 
Enter a number (1-100): 
Enter a number (1-100): 
Enter a number (1-100): 
Enter a number (1-100): 
Enter a number (1-100): 
Enter a number (1-100): 
Enter a number (1-100): 
Enter a number (1-100): 
Enter a number (1-100): 
Enter a number (1-100): 
Enter a number (1-100): 
Enter a number (1-100): 
Enter a number (1-100): 
Enter a number (1-100): 
Enter a number (1-100): 
Enter a number (1-100): 
Enter a number (1-100): 
Enter a number (1-100): 
Enter a number (1-100): 
Enter a number (1-100): 
Enter a number (1-100): 
Enter a number (1-100): 
Enter a number (1-100): 
Enter a number (1-100): 
Enter a number (1-100): 
Enter a number (1-100): 
Enter a number (1-100): 
Enter a number (1-100): 
Enter a number (1-100): 
Enter a number (1-100): 
Enter a number (1-100): 
Enter a number (1-100): 
Enter a number (1-100): 
Enter a number (1-100): 
Enter a number (1-100): 
Enter a number (1-100): 
Enter a number (1-100): 
Enter a number (1-100): 
Enter a number (1-100): 
Enter a number (1-100): 
Enter a number (1-100): 
Enter a number (1-100): 
Enter a number (1-100): 
Enter a number (1-100): 
Enter a number (1-100): 
Enter a number (1-100): 
Enter a number (1-100): 
Enter a number (1-100): 
Enter a number (1-100): 
Enter a number (1-100): 
Enter a number (1-100): 
Enter a number (1-100): 
Enter a number (1-100): 
Enter a number (1-100): 
Enter a number (1-100): 
Enter a number (1-100): 
Enter a number (1-100): 
Enter a number (1-100): 
Enter a number (1-100): 
Enter a number (1-100): 
Enter a number (1-100): 
Enter a number (1-100): 
Enter a number (1-100): 
Enter a number (1-100): 
Enter a number (1-100): 
Enter a number (1-100): 
Enter a number (1-100): 
Enter a number (1-100): 
Enter a number (1-100): 
Enter a number (1-100): 
Enter a number (1-100): 
Enter a number (1-100): 
Enter a number (1-100): 
Enter a number (1-100): 
Enter a number (1-100): 
Enter a number (1-100): 
Enter a number (1-100): 
Enter a number (1-100): 
Enter a number (1-100): 
Enter a number (1-100): 
Enter a number (1-100): 
Enter a number (1-100): 
Enter a number (1-100): 
Enter a number (1-100): 
Enter a number (1-100): 
Enter a number (1-100): 
Enter a number (1-100): 
Enter a number (1-100): 
Enter a number (1-100): 
Enter a number (1-100): 
Enter a number (1-100): 
Enter a number (1-100): 
Enter a number (1-100): 
Enter a number (1-100): 
Enter a number (1-100): 
Enter a number (1-100): 
Enter a number (1-100): 
Enter a number (1-100): 
Enter a number (1-100): 
Enter a number (1-100): 
Enter a number (1-100): 
Enter a number (1-100): 
Enter a number (1-100): 
Enter a number (1-100): 
Enter a number (1-100): 
Enter a number (1-100): 
Enter a number (1-100): 
Enter a number (1-100): 
Enter a number (1-100): 
Enter a number (1-100): 
Enter a number (1-100): 
Enter a number (1-100): 
Enter a number (1-100): 
Enter a number (1-100): 
Enter a number (1-100): 
Enter a number (1-100): 
Enter a number (1-100): 
Enter a number (1-100): 
Enter a number (1-100): 
Enter a number (1-100): 
Enter a number (1-100): 
Enter a number (1-100): 
Enter a number (1-100): 
Enter a number (1-100): 
Enter a number (1-100): 
Enter a number (1-100): 
Enter a number (1-100): 
Enter a number (1-100): 
Enter a number (1-100): 
Enter a number (1-100): 
Enter a number (1-100): 
Enter a number (1-100): 
Enter a number (1-100): 
Enter a number (1-100): 
Enter a number (1-100): 
Enter a number (1-100): 
Enter a number (1-100): 
Enter a number (1-100): 
Enter a number (1-100): 
Enter a number (1-100): 
Enter a number (1-100): 
Enter a number (1-100): 
Enter a number (1-100): 
Enter a number (1-100): 
Enter a number (1-100): 
Enter a number (1-100): 
Enter a number (1-100): 
Enter a number (1-100): 
Enter a number (1-100): 
Enter a number (1-100): 
Enter a number (1-100): 
Enter a number (1-100): 
Enter a number (1-100): 
Enter a number (1-100): 
Enter a number (1-100): 
Enter a number (1-100): 
Enter a number (1-100): 
Enter a number (1-100): 
Enter a number (1-100): 
Enter a number (1-100): 
Enter a number (1-100): 
Enter a number (1-100): 
Enter a number (1-100): 
Enter a number (1-100): 
Enter a number (1-100): 
Enter a number (1-100): 
Enter a number (1-100): 
Enter a number (1-100): 
Enter a number (1-100): 
Enter a number (1-100): 
Enter a number (1-100): 
Enter a number (1-100): 
Enter a number (1-100): 
Enter a number (1-100): 
Enter a number (1-100): 
Enter a number (1-100): 
Enter a number (1-100): 
Enter a number (1-100): 
Enter a number (1-100): 
Enter a number (1-100): 
Enter a number (1-100): 
Enter a number (1-100): 
Enter a number (1-100): 
Enter a number (1-100): 
Enter a number (1-100): 
Enter a number (1-100): 
Enter a number (1-100): 
Enter a number (1-100): 
Enter a number (1-100): 
Enter a number (1-100): 
Enter a number (1-100): 
Enter a number (1-100): 
Enter a number (1-100): 
Enter a number (1-100): 
Enter a number (1-100): 
Enter a number (1-100): 
Enter a number (1-100): 
Enter a number (1-100): 
Enter a number (1-100): 
Enter a number (1-100): 
Enter a number (1-100): 
Enter a number (1-100): 
Enter a number (1-100): 
Enter a number (1-100): 
Enter a number (1-100): 
Enter a number (1-100): 
Enter a number (1-100): 
Enter a number (1-100): 
Enter a number (1-100): 
Enter a number (1-100): 
Enter a number (1-100): 
Enter a number (1-100): 
Enter a number (1-100): 
Enter a number (1-100): 
Enter a number (1-100): 
Enter a number (1-100): 
Enter a number (1-100): 
Enter a number (1-100): 
Enter a number (1-100): 
Enter a number (1-100): 
Enter a number (1-100): 
Enter a number (1-100): 
Enter a number (1-100): 
Enter a number (1-100): 
Enter a number (1-100): 
Enter a number (1-100): 
Enter a number (1-100): 
Enter a number (1-100): 
Enter a number (1-100): 
Enter a number (1-100): 
Enter a number (1-100): 
Enter a number (1-100): 
Enter a number (1-100): 
Enter a number (1-100): 
Enter a number (1-100): 
Enter a number (1-100): 
Enter a number (1-100): 
Enter a number (1-100): 
Enter a number (1-100): 
Enter a number (1-100):</StdOut>
      </Output>
    </UnitTestResult>
    <UnitTestResult executionId="30168a58-5cd1-4def-a06a-9caff08c6472" testId="37f78f12-4ace-98e0-52e8-3408fb66f00f" testName="ExD2_TestWithPositiveNumber1" computerName="HANS-THINKPAD" duration="00:00:00.0009183" startTime="2016-08-12T08:22:56.0038893+08:00" endTime="2016-08-12T08:22:56.0048893+08:00" testType="13cdc9d9-ddb5-4fa4-a97d-d965ccfc6d4b" outcome="Passed" testListId="8c84fa94-04c1-424b-9868-57a2d4851a1d" relativeResultsDirectory="30168a58-5cd1-4def-a06a-9caff08c6472" />
    <UnitTestResult executionId="37b2a464-020d-4267-93ba-dd15caa66436" testId="31cdd151-4b4e-8af1-a309-064dea303c76" testName="ExD2_TestWithPositiveNumber2" computerName="HANS-THINKPAD" duration="00:00:00.0000874" startTime="2016-08-12T08:22:56.0048893+08:00" endTime="2016-08-12T08:22:56.0048893+08:00" testType="13cdc9d9-ddb5-4fa4-a97d-d965ccfc6d4b" outcome="Passed" testListId="8c84fa94-04c1-424b-9868-57a2d4851a1d" relativeResultsDirectory="37b2a464-020d-4267-93ba-dd15caa66436" />
    <UnitTestResult executionId="657dbb58-b870-4dc9-a01c-6eea3aa6a78a" testId="5c4545c1-1c4b-68f6-8b78-e5e65fc45da5" testName="ExD3_TestRepeatedly" computerName="HANS-THINKPAD" duration="00:00:00.6000262" startTime="2016-08-12T08:22:56.0048893+08:00" endTime="2016-08-12T08:22:56.6059237+08:00" testType="13cdc9d9-ddb5-4fa4-a97d-d965ccfc6d4b" outcome="Passed" testListId="8c84fa94-04c1-424b-9868-57a2d4851a1d" relativeResultsDirectory="657dbb58-b870-4dc9-a01c-6eea3aa6a78a">
      <Output>
        <StdOut>Debug Trace:
Guess a number (0-9): 0
Guess a number (0-9): 1
Guess a number (0-9): 2
You are a good guess

Guess a number (0-9): 0
Guess a number (0-9): 1
You are a Wizard!

Guess a number (0-9): 0
Guess a number (0-9): 1
Guess a number (0-9): 2
You are a good guess

Guess a number (0-9): 0
Guess a number (0-9): 1
Guess a number (0-9): 2
You are a good guess

Guess a number (0-9): 0
Guess a number (0-9): 1
Guess a number (0-9): 2
Guess a number (0-9): 3
You are a good guess

Guess a number (0-9): 0
Guess a number (0-9): 1
Guess a number (0-9): 2
Guess a number (0-9): 3
Guess a number (0-9): 4
Guess a number (0-9): 5
Guess a number (0-9): 6
Guess a number (0-9): 7
Guess a number (0-9): 8
You are lousy</StdOut>
      </Output>
    </UnitTestResult>
    <UnitTestResult executionId="e3a7ab3c-cb35-40ca-bfc5-be643011a594" testId="41d254a0-3988-4fe8-c401-d6db7cf41541" testName="ExD4_TestSimpleNumber" computerName="HANS-THINKPAD" duration="00:00:00.0010146" startTime="2016-08-12T08:22:56.6059237+08:00" endTime="2016-08-12T08:22:56.6079238+08:00" testType="13cdc9d9-ddb5-4fa4-a97d-d965ccfc6d4b" outcome="Passed" testListId="8c84fa94-04c1-424b-9868-57a2d4851a1d" relativeResultsDirectory="e3a7ab3c-cb35-40ca-bfc5-be643011a594">
      <Output>
        <StdOut>Debug Trace:
Enter a number: 16
4.00000000405448</StdOut>
      </Output>
    </UnitTestResult>
    <UnitTestResult executionId="ca0004cd-6042-4766-8c5b-0c8ee93797b8" testId="f786c760-8fd9-385b-4101-e13a18a86146" testName="ExD4_TestBiggerNumber" computerName="HANS-THINKPAD" duration="00:00:00.0003379" startTime="2016-08-12T08:22:56.6079238+08:00" endTime="2016-08-12T08:22:56.6079238+08:00" testType="13cdc9d9-ddb5-4fa4-a97d-d965ccfc6d4b" outcome="Passed" testListId="8c84fa94-04c1-424b-9868-57a2d4851a1d" relativeResultsDirectory="ca0004cd-6042-4766-8c5b-0c8ee93797b8">
      <Output>
        <StdOut>Debug Trace:
Enter a number: 243
15.5884572890712</StdOut>
      </Output>
    </UnitTestResult>
    <UnitTestResult executionId="38dd7f0d-f4db-4769-a960-23ff69e495d1" testId="93d33d17-2fa5-03db-e35e-54470f3d1f7b" testName="ExE1_TestSimpleNumber" computerName="HANS-THINKPAD" duration="00:00:00.0018855" startTime="2016-08-12T08:22:56.6079238+08:00" endTime="2016-08-12T08:22:56.6109240+08:00" testType="13cdc9d9-ddb5-4fa4-a97d-d965ccfc6d4b" outcome="Failed" testListId="8c84fa94-04c1-424b-9868-57a2d4851a1d" relativeResultsDirectory="38dd7f0d-f4db-4769-a960-23ff69e495d1">
      <Output>
        <ErrorInfo>
          <Message>Assert.AreEqual failed. Expected:&lt;120&gt;. Actual:&lt;0&gt;. </Message>
          <StackTrace>   at ExercisesTest.ExE1Test.ExE1_TestSimpleNumber() in D:\FOPCSProjects\CSExercisesTemplate\ExercisesTest\SectionE\ExE1Test.cs:line 12
</StackTrace>
        </ErrorInfo>
      </Output>
    </UnitTestResult>
    <UnitTestResult executionId="6b5fc85b-0a0c-41b9-a50b-d123038ead2c" testId="5a209ef6-6f45-28e6-9185-5b832c31792d" testName="ExE1_TestBiggerNumber" computerName="HANS-THINKPAD" duration="00:00:00.0014223" startTime="2016-08-12T08:22:56.6109240+08:00" endTime="2016-08-12T08:22:56.6129241+08:00" testType="13cdc9d9-ddb5-4fa4-a97d-d965ccfc6d4b" outcome="Failed" testListId="8c84fa94-04c1-424b-9868-57a2d4851a1d" relativeResultsDirectory="6b5fc85b-0a0c-41b9-a50b-d123038ead2c">
      <Output>
        <ErrorInfo>
          <Message>Assert.AreEqual failed. Expected:&lt;720&gt;. Actual:&lt;0&gt;. </Message>
          <StackTrace>   at ExercisesTest.ExE1Test.ExE1_TestBiggerNumber() in D:\FOPCSProjects\CSExercisesTemplate\ExercisesTest\SectionE\ExE1Test.cs:line 19
</StackTrace>
        </ErrorInfo>
      </Output>
    </UnitTestResult>
    <UnitTestResult executionId="22c35c4b-9e71-4cd2-ae80-7c278ad03dc7" testId="380d54ab-9eb4-5e4e-c1a8-b5b0e22a59a1" testName="ExE2_TestTheOnlyCase" computerName="HANS-THINKPAD" duration="00:00:00.0024050" startTime="2016-08-12T08:22:56.6129241+08:00" endTime="2016-08-12T08:22:56.6159243+08:00" testType="13cdc9d9-ddb5-4fa4-a97d-d965ccfc6d4b" outcome="Failed" testListId="8c84fa94-04c1-424b-9868-57a2d4851a1d" relativeResultsDirectory="22c35c4b-9e71-4cd2-ae80-7c278ad03dc7">
      <Output>
        <StdOut>Debug Trace:</StdOut>
        <ErrorInfo>
          <Message>Assert.IsTrue failed. There is no output detected</Message>
          <StackTrace>   at ExercisesTest.TestHelper.AssertOutputContains(Int32 positionFromBack, String expectedOutput, Boolean log) in D:\FOPCSProjects\CSExercisesTemplate\ExercisesTest\TestHelper.cs:line 65
   at ExercisesTest.ExE2Test.ExE2_TestTheOnlyCase() in D:\FOPCSProjects\CSExercisesTemplate\ExercisesTest\SectionE\ExE2Test.cs:line 15
</StackTrace>
        </ErrorInfo>
      </Output>
    </UnitTestResult>
    <UnitTestResult executionId="cffea4d5-0e83-438f-9dca-682a1766f29e" testId="48cf3a9e-0a50-a29b-8eb0-126dcc656f66" testName="ExE3_Test241" computerName="HANS-THINKPAD" duration="00:00:00.0007297" startTime="2016-08-12T08:22:56.6159243+08:00" endTime="2016-08-12T08:22:56.6169244+08:00" testType="13cdc9d9-ddb5-4fa4-a97d-d965ccfc6d4b" outcome="Passed" testListId="8c84fa94-04c1-424b-9868-57a2d4851a1d" relativeResultsDirectory="cffea4d5-0e83-438f-9dca-682a1766f29e">
      <Output>
        <StdOut>Debug Trace:
Please enter an integer: 241
Not Prime</StdOut>
      </Output>
    </UnitTestResult>
    <UnitTestResult executionId="bb0156ed-e0a1-49e6-9fa4-bfe94e772305" testId="91e204a5-eff7-540d-d066-632080d4a971" testName="ExE3_Test240" computerName="HANS-THINKPAD" duration="00:00:00.0002919" startTime="2016-08-12T08:22:56.6169244+08:00" endTime="2016-08-12T08:22:56.6179244+08:00" testType="13cdc9d9-ddb5-4fa4-a97d-d965ccfc6d4b" outcome="Passed" testListId="8c84fa94-04c1-424b-9868-57a2d4851a1d" relativeResultsDirectory="bb0156ed-e0a1-49e6-9fa4-bfe94e772305">
      <Output>
        <StdOut>Debug Trace:
Please enter an integer: 240
Not Prime</StdOut>
      </Output>
    </UnitTestResult>
    <UnitTestResult executionId="95db4f74-87c1-4c44-9adf-5197de32ccb1" testId="4f5a549c-a85c-793f-ddb0-ac8e48e5d0f1" testName="ExE4_Test496" computerName="HANS-THINKPAD" duration="00:00:00.0006787" startTime="2016-08-12T08:22:56.6179244+08:00" endTime="2016-08-12T08:22:56.6189245+08:00" testType="13cdc9d9-ddb5-4fa4-a97d-d965ccfc6d4b" outcome="Passed" testListId="8c84fa94-04c1-424b-9868-57a2d4851a1d" relativeResultsDirectory="95db4f74-87c1-4c44-9adf-5197de32ccb1">
      <Output>
        <StdOut>Debug Trace:
Please enter an integer: 496
Not Perfect Number</StdOut>
      </Output>
    </UnitTestResult>
    <UnitTestResult executionId="20ed9b03-b713-40d4-b58d-d6ae40a17273" testId="1dc75fae-43cb-7e63-4009-7965bd630b1a" testName="ExE4_Test240" computerName="HANS-THINKPAD" duration="00:00:00.0003461" startTime="2016-08-12T08:22:56.6189245+08:00" endTime="2016-08-12T08:22:56.6199245+08:00" testType="13cdc9d9-ddb5-4fa4-a97d-d965ccfc6d4b" outcome="Passed" testListId="8c84fa94-04c1-424b-9868-57a2d4851a1d" relativeResultsDirectory="20ed9b03-b713-40d4-b58d-d6ae40a17273">
      <Output>
        <StdOut>Debug Trace:
Please enter an integer: 240
Not Perfect Number</StdOut>
      </Output>
    </UnitTestResult>
    <UnitTestResult executionId="4ff5bb15-8525-406f-a2db-58d1af4de7f2" testId="442295cb-ec7e-e437-f1f2-a6c136660fa9" testName="ExE5_TestForTheOnlyTestCase" computerName="HANS-THINKPAD" duration="00:00:00.0017482" startTime="2016-08-12T08:22:56.6199245+08:00" endTime="2016-08-12T08:22:56.6219246+08:00" testType="13cdc9d9-ddb5-4fa4-a97d-d965ccfc6d4b" outcome="Failed" testListId="8c84fa94-04c1-424b-9868-57a2d4851a1d" relativeResultsDirectory="4ff5bb15-8525-406f-a2db-58d1af4de7f2">
      <Output>
        <StdOut>Debug Trace:</StdOut>
        <ErrorInfo>
          <Message>Assert.IsTrue failed. There is no output detected</Message>
          <StackTrace>   at ExercisesTest.TestHelper.AssertOutputContains(Int32 positionFromBack, String expectedOutput, Boolean log) in D:\FOPCSProjects\CSExercisesTemplate\ExercisesTest\TestHelper.cs:line 65
   at ExercisesTest.ExE5Test.ExE5_TestForTheOnlyTestCase() in D:\FOPCSProjects\CSExercisesTemplate\ExercisesTest\SectionE\ExE5Test.cs:line 15
</StackTrace>
        </ErrorInfo>
      </Output>
    </UnitTestResult>
    <UnitTestResult executionId="5472eda9-26cb-4158-b9aa-c2c5b18a1130" testId="d2aa1ef4-37c8-6f4f-caac-48633678d93a" testName="ExE6_TestForTheOnlyTestCase" computerName="HANS-THINKPAD" duration="00:00:00.0017383" startTime="2016-08-12T08:22:56.6219246+08:00" endTime="2016-08-12T08:22:56.6249248+08:00" testType="13cdc9d9-ddb5-4fa4-a97d-d965ccfc6d4b" outcome="Failed" testListId="8c84fa94-04c1-424b-9868-57a2d4851a1d" relativeResultsDirectory="5472eda9-26cb-4158-b9aa-c2c5b18a1130">
      <Output>
        <StdOut>Debug Trace:</StdOut>
        <ErrorInfo>
          <Message>Assert.IsTrue failed. There is no output detected</Message>
          <StackTrace>   at ExercisesTest.TestHelper.AssertOutputContains(Int32 positionFromBack, String expectedOutput, Boolean log) in D:\FOPCSProjects\CSExercisesTemplate\ExercisesTest\TestHelper.cs:line 65
   at ExercisesTest.ExE6_Test.ExE6_TestForTheOnlyTestCase() in D:\FOPCSProjects\CSExercisesTemplate\ExercisesTest\SectionE\ExE6Test.cs:line 15
</StackTrace>
        </ErrorInfo>
      </Output>
    </UnitTestResult>
    <UnitTestResult executionId="8387c756-a38a-4a39-9014-df9e86b3268d" testId="dc006c73-b7ad-39c4-a618-0510c48419f9" testName="ExF1_TestForTheOnlyTestCase" computerName="HANS-THINKPAD" duration="00:00:00.0027855" startTime="2016-08-12T08:22:56.6249248+08:00" endTime="2016-08-12T08:22:56.6279250+08:00" testType="13cdc9d9-ddb5-4fa4-a97d-d965ccfc6d4b" outcome="Failed" testListId="8c84fa94-04c1-424b-9868-57a2d4851a1d" relativeResultsDirectory="8387c756-a38a-4a39-9014-df9e86b3268d">
      <Output>
        <StdOut>Debug Trace:
Enter sales for month 0: 1000
Enter sales for month 1: 2000
Enter sales for month 2: 3000
Enter sales for month 3: 4000
Enter sales for month 4: 5000
Enter sales for month 5: 6000
Enter sales for month 6: 7000
Enter sales for month 7: 8000
Enter sales for month 8: 9000
Enter sales for month 9: 10000
Enter sales for month 10: 11000
Enter sales for month 11: 12000
Maximum Sales: 0
Minimum Sales: 0
Average Sales: 0</StdOut>
        <ErrorInfo>
          <Message>Assert.IsTrue failed. Program output do not contain the expected output (6500).</Message>
          <StackTrace>   at ExercisesTest.TestHelper.AssertOutputContains(Int32 positionFromBack, String expectedOutput, Boolean log) in D:\FOPCSProjects\CSExercisesTemplate\ExercisesTest\TestHelper.cs:line 67
   at ExercisesTest.ExF1Test.ExF1_TestForTheOnlyTestCase() in D:\FOPCSProjects\CSExercisesTemplate\ExercisesTest\SectionF\ExF1Test.cs:line 31
</StackTrace>
        </ErrorInfo>
      </Output>
    </UnitTestResult>
    <UnitTestResult executionId="7a7dc9d6-75d4-4005-9769-0d6e4d8a80d5" testId="5af6480c-3862-4e94-bc2c-b24cac7ca661" testName="ExF2_TestForTheOrder" computerName="HANS-THINKPAD" duration="00:00:00.0029479" startTime="2016-08-12T08:22:56.6279250+08:00" endTime="2016-08-12T08:22:56.6319252+08:00" testType="13cdc9d9-ddb5-4fa4-a97d-d965ccfc6d4b" outcome="Failed" testListId="8c84fa94-04c1-424b-9868-57a2d4851a1d" relativeResultsDirectory="7a7dc9d6-75d4-4005-9769-0d6e4d8a80d5">
      <Output>
        <StdOut>Debug Trace:
86 35 41 49 89 51 11 71 50 75 25 58 40 14 44 3 63 81 93 79 

86 35 41 49 89 51 11 71 50 75 25 58 40 14 44 3 63 81 93 79</StdOut>
        <ErrorInfo>
          <Message>Assert.AreEqual failed. Expected:&lt;93&gt;. Actual:&lt;86&gt;. </Message>
          <StackTrace>   at ExercisesTest.ExF2Test.ExF2_TestForTheOrder() in D:\FOPCSProjects\CSExercisesTemplate\ExercisesTest\SectionF\ExF2Test.cs:line 22
</StackTrace>
        </ErrorInfo>
      </Output>
    </UnitTestResult>
    <UnitTestResult executionId="c9452371-5416-42c8-916f-1a7d401e7ca9" testId="b02f104d-c4e9-55a3-ef13-4320e9fcd6ec" testName="ExF3_TestForSomeOfTheResult" computerName="HANS-THINKPAD" duration="00:00:00.0045079" startTime="2016-08-12T08:22:56.6319252+08:00" endTime="2016-08-12T08:22:56.6369255+08:00" testType="13cdc9d9-ddb5-4fa4-a97d-d965ccfc6d4b" outcome="Failed" testListId="8c84fa94-04c1-424b-9868-57a2d4851a1d" relativeResultsDirectory="c9452371-5416-42c8-916f-1a7d401e7ca9">
      <Output>
        <StdOut>Debug Trace:
Total marks for student 0: 0
Avg marks for student 0: 0
Total marks for student 1: 0
Avg marks for student 1: 0
Total marks for student 2: 0
Avg marks for student 2: 0
Total marks for student 3: 0
Avg marks for student 3: 0
Total marks for student 4: 0
Avg marks for student 4: 0
Total marks for student 5: 0
Avg marks for student 5: 0
Total marks for student 6: 0
Avg marks for student 6: 0
Total marks for student 7: 0
Avg marks for student 7: 0
Total marks for student 8: 0
Avg marks for student 8: 0
Total marks for student 9: 0
Avg marks for student 9: 0
Total marks for student 10: 0
Avg marks for student 10: 0
Total marks for student 11: 0
Avg marks for student 11: 0
Avg marks for subject 0: 0
Avg marks for subject 1: 0
Avg marks for subject 2: 0
Avg marks for subject 3: 0</StdOut>
        <ErrorInfo>
          <Message>Assert.AreEqual failed. Expected:&lt;1&gt;. Actual:&lt;0&gt;. </Message>
          <StackTrace>   at ExercisesTest.ExF3Test.ExF3_TestForSomeOfTheResult() in D:\FOPCSProjects\CSExercisesTemplate\ExercisesTest\SectionF\ExF3Test.cs:line 16
</StackTrace>
        </ErrorInfo>
      </Output>
    </UnitTestResult>
    <UnitTestResult executionId="042bb2fe-d2a9-4b2e-8ef2-d36fc4786f46" testId="f30f2658-99db-d72e-9ec4-31a9938fa387" testName="ExG1_TestWithABCDE" computerName="HANS-THINKPAD" duration="00:00:00.0023473" startTime="2016-08-12T08:22:56.6369255+08:00" endTime="2016-08-12T08:22:56.6399257+08:00" testType="13cdc9d9-ddb5-4fa4-a97d-d965ccfc6d4b" outcome="Failed" testListId="8c84fa94-04c1-424b-9868-57a2d4851a1d" relativeResultsDirectory="042bb2fe-d2a9-4b2e-8ef2-d36fc4786f46">
      <Output>
        <StdOut>Debug Trace:
Please enter a phrase: Abcde
Total number of vowels: 0
Number of a: 0
Number of e: 0
Number of i: 0
Number of o: 0
Number of u: 0</StdOut>
        <ErrorInfo>
          <Message>Assert.AreEqual failed. Expected:&lt;1&gt;. Actual:&lt;0&gt;. </Message>
          <StackTrace>   at ExercisesTest.ExG1Test.ExG1_TestWithABCDE() in D:\FOPCSProjects\CSExercisesTemplate\ExercisesTest\SectionG\ExG1Test.cs:line 17
</StackTrace>
        </ErrorInfo>
      </Output>
    </UnitTestResult>
    <UnitTestResult executionId="4ec365af-2ab4-42fd-8045-6473a768944f" testId="2e593488-b56a-eff0-ca82-e8d0bb44c159" testName="ExG1_TestWithRycky" computerName="HANS-THINKPAD" duration="00:00:00.0002809" startTime="2016-08-12T08:22:56.6399257+08:00" endTime="2016-08-12T08:22:56.6409257+08:00" testType="13cdc9d9-ddb5-4fa4-a97d-d965ccfc6d4b" outcome="Passed" testListId="8c84fa94-04c1-424b-9868-57a2d4851a1d" relativeResultsDirectory="4ec365af-2ab4-42fd-8045-6473a768944f">
      <Output>
        <StdOut>Debug Trace:
Please enter a phrase: rykcy
Total number of vowels: 0
Number of a: 0
Number of e: 0
Number of i: 0
Number of o: 0
Number of u: 0</StdOut>
      </Output>
    </UnitTestResult>
    <UnitTestResult executionId="2e20028c-c50f-4aaf-9145-b3b87d34258d" testId="ab2a1fc1-80f8-bc44-f298-ece577f665f6" testName="ExG1_TestWithAeiou" computerName="HANS-THINKPAD" duration="00:00:00.0007499" startTime="2016-08-12T08:22:56.6409257+08:00" endTime="2016-08-12T08:22:56.6419258+08:00" testType="13cdc9d9-ddb5-4fa4-a97d-d965ccfc6d4b" outcome="Failed" testListId="8c84fa94-04c1-424b-9868-57a2d4851a1d" relativeResultsDirectory="2e20028c-c50f-4aaf-9145-b3b87d34258d">
      <Output>
        <StdOut>Debug Trace:
Please enter a phrase: AEIOUaeiou
Total number of vowels: 0
Number of a: 0
Number of e: 0
Number of i: 0
Number of o: 0
Number of u: 0</StdOut>
        <ErrorInfo>
          <Message>Assert.AreEqual failed. Expected:&lt;1&gt;. Actual:&lt;0&gt;. </Message>
          <StackTrace>   at ExercisesTest.ExG1Test.ExG1_TestWithAeiou() in D:\FOPCSProjects\CSExercisesTemplate\ExercisesTest\SectionG\ExG1Test.cs:line 40
</StackTrace>
        </ErrorInfo>
      </Output>
    </UnitTestResult>
    <UnitTestResult executionId="bc0cdba8-8cf3-4d2a-b7d8-4b59a503d3e9" testId="18e3e622-092f-3e19-8553-2026a160f673" testName="ExG2_TestWithMadam" computerName="HANS-THINKPAD" duration="00:00:00.0009378" startTime="2016-08-12T08:22:56.6419258+08:00" endTime="2016-08-12T08:22:56.6429258+08:00" testType="13cdc9d9-ddb5-4fa4-a97d-d965ccfc6d4b" outcome="Failed" testListId="8c84fa94-04c1-424b-9868-57a2d4851a1d" relativeResultsDirectory="bc0cdba8-8cf3-4d2a-b7d8-4b59a503d3e9">
      <Output>
        <StdOut>Debug Trace:
Please enter a phrase: madam
Not Palindrome</StdOut>
        <ErrorInfo>
          <Message>Assert.AreEqual failed. Expected:&lt;palindrome&gt;. Actual:&lt;not palindrome&gt;. Program output is different from the expected output.</Message>
          <StackTrace>   at ExercisesTest.TestHelper.AssertOutput(String expectedOutput) in D:\FOPCSProjects\CSExercisesTemplate\ExercisesTest\TestHelper.cs:line 48
   at ExercisesTest.TestHelper.TestOutputEqual(Type t, String input, String output) in D:\FOPCSProjects\CSExercisesTemplate\ExercisesTest\TestHelper.cs:line 97
   at ExercisesTest.ExG2_Test.ExG2_TestWithMadam() in D:\FOPCSProjects\CSExercisesTemplate\ExercisesTest\SectionG\ExG2_Test.cs:line 12
</StackTrace>
        </ErrorInfo>
      </Output>
    </UnitTestResult>
    <UnitTestResult executionId="9d53d1dc-f750-4e26-825f-53775d572e59" testId="ee68900a-ee9e-ddba-3df4-cb4a828e02fb" testName="ExG2_TestWithSanta" computerName="HANS-THINKPAD" duration="00:00:00.0010461" startTime="2016-08-12T08:22:56.6429258+08:00" endTime="2016-08-12T08:22:56.6439259+08:00" testType="13cdc9d9-ddb5-4fa4-a97d-d965ccfc6d4b" outcome="Failed" testListId="8c84fa94-04c1-424b-9868-57a2d4851a1d" relativeResultsDirectory="9d53d1dc-f750-4e26-825f-53775d572e59">
      <Output>
        <StdOut>Debug Trace:
Please enter a phrase: A Santa at NASA
Not Palindrome</StdOut>
        <ErrorInfo>
          <Message>Assert.AreEqual failed. Expected:&lt;palindrome&gt;. Actual:&lt;not palindrome&gt;. Program output is different from the expected output.</Message>
          <StackTrace>   at ExercisesTest.TestHelper.AssertOutput(String expectedOutput) in D:\FOPCSProjects\CSExercisesTemplate\ExercisesTest\TestHelper.cs:line 48
   at ExercisesTest.TestHelper.TestOutputEqual(Type t, String input, String output) in D:\FOPCSProjects\CSExercisesTemplate\ExercisesTest\TestHelper.cs:line 97
   at ExercisesTest.ExG2_Test.ExG2_TestWithSanta() in D:\FOPCSProjects\CSExercisesTemplate\ExercisesTest\SectionG\ExG2_Test.cs:line 18
</StackTrace>
        </ErrorInfo>
      </Output>
    </UnitTestResult>
    <UnitTestResult executionId="783b46ed-661a-4b5a-9dfe-18c75c6aea70" testId="97c6c703-6d42-4b52-af58-5bc1820c63e6" testName="ExG2_TestWithISS" computerName="HANS-THINKPAD" duration="00:00:00.0001564" startTime="2016-08-12T08:22:56.6439259+08:00" endTime="2016-08-12T08:22:56.6449260+08:00" testType="13cdc9d9-ddb5-4fa4-a97d-d965ccfc6d4b" outcome="Passed" testListId="8c84fa94-04c1-424b-9868-57a2d4851a1d" relativeResultsDirectory="783b46ed-661a-4b5a-9dfe-18c75c6aea70">
      <Output>
        <StdOut>Debug Trace:
Please enter a phrase: Institute of Systems Science
Not Palindrome</StdOut>
      </Output>
    </UnitTestResult>
    <UnitTestResult executionId="ccfb9e0e-1e6f-48b6-90d5-f88696c3bb0c" testId="009b3f8f-dd80-521b-6dfb-99834ad4fb9f" testName="ExG3_TestWithOneWord" computerName="HANS-THINKPAD" duration="00:00:00.0009827" startTime="2016-08-12T08:22:56.6449260+08:00" endTime="2016-08-12T08:22:56.6459260+08:00" testType="13cdc9d9-ddb5-4fa4-a97d-d965ccfc6d4b" outcome="Failed" testListId="8c84fa94-04c1-424b-9868-57a2d4851a1d" relativeResultsDirectory="ccfb9e0e-1e6f-48b6-90d5-f88696c3bb0c">
      <Output>
        <StdOut>Debug Trace:
Please enter a phrase:    ball</StdOut>
        <ErrorInfo>
          <Message>Assert.IsTrue failed. Program output do not contain the expected output (   Ball).</Message>
          <StackTrace>   at ExercisesTest.TestHelper.AssertOutputContains(String expectedOutput) in D:\FOPCSProjects\CSExercisesTemplate\ExercisesTest\TestHelper.cs:line 56
   at ExercisesTest.TestHelper.TestOutputContains(Type t, String input, String output) in D:\FOPCSProjects\CSExercisesTemplate\ExercisesTest\TestHelper.cs:line 115
   at ExercisesTest.ExG3Test.ExG3_TestWithOneWord() in D:\FOPCSProjects\CSExercisesTemplate\ExercisesTest\SectionG\ExG3Test.cs:line 13
</StackTrace>
        </ErrorInfo>
      </Output>
    </UnitTestResult>
    <UnitTestResult executionId="b22959e2-5a8a-4225-ae8e-061dbc331ab6" testId="ec776b73-93db-33b0-d71f-976483ca31f6" testName="ExG3_TestWithISS" computerName="HANS-THINKPAD" duration="00:00:00.0007046" startTime="2016-08-12T08:22:56.6459260+08:00" endTime="2016-08-12T08:22:56.6469261+08:00" testType="13cdc9d9-ddb5-4fa4-a97d-d965ccfc6d4b" outcome="Failed" testListId="8c84fa94-04c1-424b-9868-57a2d4851a1d" relativeResultsDirectory="b22959e2-5a8a-4225-ae8e-061dbc331ab6">
      <Output>
        <StdOut>Debug Trace:
Please enter a phrase: institute Of systems science</StdOut>
        <ErrorInfo>
          <Message>Assert.IsTrue failed. Program output do not contain the expected output (Institute of Systems Science).</Message>
          <StackTrace>   at ExercisesTest.TestHelper.AssertOutputContains(String expectedOutput) in D:\FOPCSProjects\CSExercisesTemplate\ExercisesTest\TestHelper.cs:line 56
   at ExercisesTest.TestHelper.TestOutputContains(Type t, String input, String output) in D:\FOPCSProjects\CSExercisesTemplate\ExercisesTest\TestHelper.cs:line 115
   at ExercisesTest.ExG3Test.ExG3_TestWithISS() in D:\FOPCSProjects\CSExercisesTemplate\ExercisesTest\SectionG\ExG3Test.cs:line 19
</StackTrace>
        </ErrorInfo>
      </Output>
    </UnitTestResult>
    <UnitTestResult executionId="d0fb866d-be5a-478d-93b1-b6b3c9e2ff1a" testId="e986587e-732a-eb08-f5bc-4cd7a66af95d" testName="ExG4_TestOrder" computerName="HANS-THINKPAD" duration="00:00:00.0010110" startTime="2016-08-12T08:22:56.6469261+08:00" endTime="2016-08-12T08:22:56.6479261+08:00" testType="13cdc9d9-ddb5-4fa4-a97d-d965ccfc6d4b" outcome="Failed" testListId="8c84fa94-04c1-424b-9868-57a2d4851a1d" relativeResultsDirectory="d0fb866d-be5a-478d-93b1-b6b3c9e2ff1a">
      <Output>
        <StdOut>Debug Trace:</StdOut>
        <ErrorInfo>
          <Message>Assert.IsTrue failed. There is no output detected</Message>
          <StackTrace>   at ExercisesTest.TestHelper.AssertOutputContains(Int32 positionFromBack, String expectedOutput, Boolean log) in D:\FOPCSProjects\CSExercisesTemplate\ExercisesTest\TestHelper.cs:line 65
   at ExercisesTest.ExG4Test.ExG4_TestOrder() in D:\FOPCSProjects\CSExercisesTemplate\ExercisesTest\SectionG\ExG4Test.cs:line 15
</StackTrace>
        </ErrorInfo>
      </Output>
    </UnitTestResult>
    <UnitTestResult executionId="cebfe90e-df79-4ea4-b1f8-2d9477386a3f" testId="a4ae2f7a-bc59-f21f-0330-4520bbb34ec8" testName="ExH1_TestOneChar" computerName="HANS-THINKPAD" duration="00:00:00.0007545" startTime="2016-08-12T08:22:56.6479261+08:00" endTime="2016-08-12T08:22:56.6489262+08:00" testType="13cdc9d9-ddb5-4fa4-a97d-d965ccfc6d4b" outcome="Failed" testListId="8c84fa94-04c1-424b-9868-57a2d4851a1d" relativeResultsDirectory="cebfe90e-df79-4ea4-b1f8-2d9477386a3f">
      <Output>
        <StdOut>Debug Trace:
The brown fox, o</StdOut>
        <ErrorInfo>
          <Message>Assert.IsTrue failed. </Message>
          <StackTrace>   at ExercisesTest.ExH1Test.ExH1_TestOneChar() in D:\FOPCSProjects\CSExercisesTemplate\ExercisesTest\SectionH\ExH1Test.cs:line 15
</StackTrace>
        </ErrorInfo>
      </Output>
    </UnitTestResult>
    <UnitTestResult executionId="47966424-4fff-4c51-a6c9-2148f3d9248b" testId="c1d8227b-f44f-4db1-97da-6595d5433cbe" testName="ExH1_TestPositive1" computerName="HANS-THINKPAD" duration="00:00:00.0005878" startTime="2016-08-12T08:22:56.6489262+08:00" endTime="2016-08-12T08:22:56.6499262+08:00" testType="13cdc9d9-ddb5-4fa4-a97d-d965ccfc6d4b" outcome="Failed" testListId="8c84fa94-04c1-424b-9868-57a2d4851a1d" relativeResultsDirectory="47966424-4fff-4c51-a6c9-2148f3d9248b">
      <Output>
        <StdOut>Debug Trace:
The brown fox, FOX</StdOut>
        <ErrorInfo>
          <Message>Assert.IsTrue failed. </Message>
          <StackTrace>   at ExercisesTest.ExH1Test.ExH1_TestPositive1() in D:\FOPCSProjects\CSExercisesTemplate\ExercisesTest\SectionH\ExH1Test.cs:line 23
</StackTrace>
        </ErrorInfo>
      </Output>
    </UnitTestResult>
    <UnitTestResult executionId="4f253f13-f731-4f9a-badf-bafdac79366c" testId="baf4c8f9-72bd-e9a1-3899-5f643a41cbac" testName="ExH1_TestPositive2" computerName="HANS-THINKPAD" duration="00:00:00.0009095" startTime="2016-08-12T08:22:56.6499262+08:00" endTime="2016-08-12T08:22:56.6509263+08:00" testType="13cdc9d9-ddb5-4fa4-a97d-d965ccfc6d4b" outcome="Failed" testListId="8c84fa94-04c1-424b-9868-57a2d4851a1d" relativeResultsDirectory="4f253f13-f731-4f9a-badf-bafdac79366c">
      <Output>
        <StdOut>Debug Trace:
The brown fox, bRO</StdOut>
        <ErrorInfo>
          <Message>Assert.IsTrue failed. </Message>
          <StackTrace>   at ExercisesTest.ExH1Test.ExH1_TestPositive2() in D:\FOPCSProjects\CSExercisesTemplate\ExercisesTest\SectionH\ExH1Test.cs:line 31
</StackTrace>
        </ErrorInfo>
      </Output>
    </UnitTestResult>
    <UnitTestResult executionId="d4889f77-18a9-4ecb-90e4-07b0cc638a0e" testId="1df2cd5e-05cd-0340-279c-bf437d1b1fa6" testName="ExH1_TestNegative1" computerName="HANS-THINKPAD" duration="00:00:00.0004190" startTime="2016-08-12T08:22:56.6509263+08:00" endTime="2016-08-12T08:22:56.6519264+08:00" testType="13cdc9d9-ddb5-4fa4-a97d-d965ccfc6d4b" outcome="Passed" testListId="8c84fa94-04c1-424b-9868-57a2d4851a1d" relativeResultsDirectory="d4889f77-18a9-4ecb-90e4-07b0cc638a0e">
      <Output>
        <StdOut>Debug Trace:
T, FOX</StdOut>
      </Output>
    </UnitTestResult>
    <UnitTestResult executionId="b6d58a5a-53f5-4f2b-b65d-f3c3eb38c353" testId="af9c61a0-f313-c3c8-1027-5c796a206b57" testName="ExH1_TestNegative2" computerName="HANS-THINKPAD" duration="00:00:00.0001603" startTime="2016-08-12T08:22:56.6519264+08:00" endTime="2016-08-12T08:22:56.6519264+08:00" testType="13cdc9d9-ddb5-4fa4-a97d-d965ccfc6d4b" outcome="Passed" testListId="8c84fa94-04c1-424b-9868-57a2d4851a1d" relativeResultsDirectory="b6d58a5a-53f5-4f2b-b65d-f3c3eb38c353">
      <Output>
        <StdOut>Debug Trace:
The bras basah complex, bRO</StdOut>
      </Output>
    </UnitTestResult>
    <UnitTestResult executionId="e3421262-ffec-4314-bf60-8d2e39f45ee0" testId="3d7d1584-1c63-ac50-bc50-de50031518c4" testName="ExH2_TestOneChar" computerName="HANS-THINKPAD" duration="00:00:00.0010669" startTime="2016-08-12T08:22:56.6519264+08:00" endTime="2016-08-12T08:22:56.6539265+08:00" testType="13cdc9d9-ddb5-4fa4-a97d-d965ccfc6d4b" outcome="Failed" testListId="8c84fa94-04c1-424b-9868-57a2d4851a1d" relativeResultsDirectory="e3421262-ffec-4314-bf60-8d2e39f45ee0">
      <Output>
        <StdOut>Debug Trace:
The brown fox, o =&gt; should return 6</StdOut>
        <ErrorInfo>
          <Message>Assert.AreEqual failed. Expected:&lt;6&gt;. Actual:&lt;0&gt;. </Message>
          <StackTrace>   at ExercisesTest.ExH2Test.ExH2_TestOneChar() in D:\FOPCSProjects\CSExercisesTemplate\ExercisesTest\SectionH\ExH2Test.cs:line 15
</StackTrace>
        </ErrorInfo>
      </Output>
    </UnitTestResult>
    <UnitTestResult executionId="5c9d121a-2838-40fd-b3e5-95f740f0d6c1" testId="0edd46c6-0864-a084-7845-f3ab5a58d5e8" testName="ExH2_TestPositive1" computerName="HANS-THINKPAD" duration="00:00:00.0007622" startTime="2016-08-12T08:22:56.6539265+08:00" endTime="2016-08-12T08:22:56.6549265+08:00" testType="13cdc9d9-ddb5-4fa4-a97d-d965ccfc6d4b" outcome="Failed" testListId="8c84fa94-04c1-424b-9868-57a2d4851a1d" relativeResultsDirectory="5c9d121a-2838-40fd-b3e5-95f740f0d6c1">
      <Output>
        <StdOut>Debug Trace:
The brown fox, FOX =&gt; should return 10</StdOut>
        <ErrorInfo>
          <Message>Assert.AreEqual failed. Expected:&lt;10&gt;. Actual:&lt;0&gt;. </Message>
          <StackTrace>   at ExercisesTest.ExH2Test.ExH2_TestPositive1() in D:\FOPCSProjects\CSExercisesTemplate\ExercisesTest\SectionH\ExH2Test.cs:line 23
</StackTrace>
        </ErrorInfo>
      </Output>
    </UnitTestResult>
    <UnitTestResult executionId="b39c6d4f-9ac8-4691-a546-15b94c8d2d82" testId="cbb366c6-732e-4def-9a11-8dd886c0022f" testName="ExH2_TestPositive2" computerName="HANS-THINKPAD" duration="00:00:00.0006738" startTime="2016-08-12T08:22:56.6549265+08:00" endTime="2016-08-12T08:22:56.6559266+08:00" testType="13cdc9d9-ddb5-4fa4-a97d-d965ccfc6d4b" outcome="Failed" testListId="8c84fa94-04c1-424b-9868-57a2d4851a1d" relativeResultsDirectory="b39c6d4f-9ac8-4691-a546-15b94c8d2d82">
      <Output>
        <StdOut>Debug Trace:
The brown fox, bRO =&gt; should return 4</StdOut>
        <ErrorInfo>
          <Message>Assert.AreEqual failed. Expected:&lt;4&gt;. Actual:&lt;0&gt;. </Message>
          <StackTrace>   at ExercisesTest.ExH2Test.ExH2_TestPositive2() in D:\FOPCSProjects\CSExercisesTemplate\ExercisesTest\SectionH\ExH2Test.cs:line 31
</StackTrace>
        </ErrorInfo>
      </Output>
    </UnitTestResult>
    <UnitTestResult executionId="d9543295-5254-49ee-90d8-ae0b9fc7c6f2" testId="1ca2fccd-4727-4051-5830-7ec18c4d7263" testName="ExH2_TestNegative1" computerName="HANS-THINKPAD" duration="00:00:00.0006225" startTime="2016-08-12T08:22:56.6559266+08:00" endTime="2016-08-12T08:22:56.6569266+08:00" testType="13cdc9d9-ddb5-4fa4-a97d-d965ccfc6d4b" outcome="Failed" testListId="8c84fa94-04c1-424b-9868-57a2d4851a1d" relativeResultsDirectory="d9543295-5254-49ee-90d8-ae0b9fc7c6f2">
      <Output>
        <StdOut>Debug Trace:
T, FOX =&gt; should return -1</StdOut>
        <ErrorInfo>
          <Message>Assert.AreEqual failed. Expected:&lt;-1&gt;. Actual:&lt;0&gt;. </Message>
          <StackTrace>   at ExercisesTest.ExH2Test.ExH2_TestNegative1() in D:\FOPCSProjects\CSExercisesTemplate\ExercisesTest\SectionH\ExH2Test.cs:line 39
</StackTrace>
        </ErrorInfo>
      </Output>
    </UnitTestResult>
    <UnitTestResult executionId="a36e3228-4905-4534-9145-05a414560246" testId="4744dcc3-4bcc-ce0e-885e-9c28396a533f" testName="ExH2_TestNegative2" computerName="HANS-THINKPAD" duration="00:00:00.0006653" startTime="2016-08-12T08:22:56.6569266+08:00" endTime="2016-08-12T08:22:56.6569266+08:00" testType="13cdc9d9-ddb5-4fa4-a97d-d965ccfc6d4b" outcome="Failed" testListId="8c84fa94-04c1-424b-9868-57a2d4851a1d" relativeResultsDirectory="a36e3228-4905-4534-9145-05a414560246">
      <Output>
        <StdOut>Debug Trace:
The bras basah complex, bRO =&gt; should return -1</StdOut>
        <ErrorInfo>
          <Message>Assert.AreEqual failed. Expected:&lt;-1&gt;. Actual:&lt;0&gt;. </Message>
          <StackTrace>   at ExercisesTest.ExH2Test.ExH2_TestNegative2() in D:\FOPCSProjects\CSExercisesTemplate\ExercisesTest\SectionH\ExH2Test.cs:line 47
</StackTrace>
        </ErrorInfo>
      </Output>
    </UnitTestResult>
    <UnitTestResult executionId="446249df-b501-4d9b-a32d-eb8f05de37f2" testId="8082022e-9ba0-4329-7312-ea4cd2cb3ab8" testName="ExH3_TestOneToOneHundred" computerName="HANS-THINKPAD" duration="00:00:00.0008394" startTime="2016-08-12T08:22:56.6569266+08:00" endTime="2016-08-12T08:22:56.6589268+08:00" testType="13cdc9d9-ddb5-4fa4-a97d-d965ccfc6d4b" outcome="Failed" testListId="8c84fa94-04c1-424b-9868-57a2d4851a1d" relativeResultsDirectory="446249df-b501-4d9b-a32d-eb8f05de37f2">
      <Output>
        <StdOut>Debug Trace:
Hex of 1 should be 1</StdOut>
        <ErrorInfo>
          <Message>Assert.AreEqual failed. Expected:&lt;1&gt;. Actual:&lt;(null)&gt;. </Message>
          <StackTrace>   at ExercisesTest.ExH3Test.ExH3_TestOneToOneHundred() in D:\FOPCSProjects\CSExercisesTemplate\ExercisesTest\SectionH\ExH3Test.cs:line 19
</StackTrace>
        </ErrorInfo>
      </Output>
    </UnitTestResult>
    <UnitTestResult executionId="33fcb32b-9009-4584-b210-b5072b47b8c2" testId="d4549c3c-9899-20a6-9260-01b385ff068d" testName="ExH4_TestNoSubstitution" computerName="HANS-THINKPAD" duration="00:00:00.0007711" startTime="2016-08-12T08:22:56.6589268+08:00" endTime="2016-08-12T08:22:56.6599268+08:00" testType="13cdc9d9-ddb5-4fa4-a97d-d965ccfc6d4b" outcome="Failed" testListId="8c84fa94-04c1-424b-9868-57a2d4851a1d" relativeResultsDirectory="33fcb32b-9009-4584-b210-b5072b47b8c2">
      <Output>
        <StdOut>Debug Trace:
Bad dog, e, o =&gt; Bad dog</StdOut>
        <ErrorInfo>
          <Message>Assert.AreEqual failed. Expected:&lt;Bad dog&gt;. Actual:&lt;(null)&gt;. </Message>
          <StackTrace>   at ExercisesTest.ExH4Test.ExH4_TestNoSubstitution() in D:\FOPCSProjects\CSExercisesTemplate\ExercisesTest\SectionH\ExH4Test.cs:line 14
</StackTrace>
        </ErrorInfo>
      </Output>
    </UnitTestResult>
    <UnitTestResult executionId="9128eb3f-d562-4fd7-8221-2328276fe288" testId="baa9a9c2-82c6-dfe0-e3fa-3cd1e3e7ccba" testName="ExH4_TestMultipleSubstitution" computerName="HANS-THINKPAD" duration="00:00:00.0005464" startTime="2016-08-12T08:22:56.6599268+08:00" endTime="2016-08-12T08:22:56.6599268+08:00" testType="13cdc9d9-ddb5-4fa4-a97d-d965ccfc6d4b" outcome="Failed" testListId="8c84fa94-04c1-424b-9868-57a2d4851a1d" relativeResultsDirectory="9128eb3f-d562-4fd7-8221-2328276fe288">
      <Output>
        <StdOut>Debug Trace:
Bad dog, d, f =&gt; Baf fog</StdOut>
        <ErrorInfo>
          <Message>Assert.AreEqual failed. Expected:&lt;Baf fog&gt;. Actual:&lt;(null)&gt;. </Message>
          <StackTrace>   at ExercisesTest.ExH4Test.ExH4_TestMultipleSubstitution() in D:\FOPCSProjects\CSExercisesTemplate\ExercisesTest\SectionH\ExH4Test.cs:line 21
</StackTrace>
        </ErrorInfo>
      </Output>
    </UnitTestResult>
    <UnitTestResult executionId="387727d4-a3df-49b9-8b06-5fa7a32f83f3" testId="b5297abf-74a9-3001-95eb-a1a261572d42" testName="ExI1_Test195" computerName="HANS-THINKPAD" duration="00:00:00.0013494" startTime="2016-08-12T08:22:56.6599268+08:00" endTime="2016-08-12T08:22:56.6619269+08:00" testType="13cdc9d9-ddb5-4fa4-a97d-d965ccfc6d4b" outcome="Failed" testListId="8c84fa94-04c1-424b-9868-57a2d4851a1d" relativeResultsDirectory="387727d4-a3df-49b9-8b06-5fa7a32f83f3">
      <Output>
        <StdOut>Debug Trace:
Enter the amount: 1.95</StdOut>
        <ErrorInfo>
          <Message>Assert.IsTrue failed. Program output do not contain the expected output (5c).</Message>
          <StackTrace>   at ExercisesTest.TestHelper.AssertOutputContains(Int32 positionFromBack, String expectedOutput, Boolean log) in D:\FOPCSProjects\CSExercisesTemplate\ExercisesTest\TestHelper.cs:line 67
   at ExercisesTest.ExI1Test.ExI1_Test195() in D:\FOPCSProjects\CSExercisesTemplate\ExercisesTest\SectionI\ExI1Test.cs:line 16
</StackTrace>
        </ErrorInfo>
      </Output>
    </UnitTestResult>
    <UnitTestResult executionId="0f017bf8-0f29-4a56-95a0-48b8b0e654d5" testId="26ff1520-2742-f4bc-a1c3-8e5cdfc6dc23" testName="Ex45_Test105" computerName="HANS-THINKPAD" duration="00:00:00.0018813" startTime="2016-08-12T08:22:56.6619269+08:00" endTime="2016-08-12T08:22:56.6639270+08:00" testType="13cdc9d9-ddb5-4fa4-a97d-d965ccfc6d4b" outcome="Failed" testListId="8c84fa94-04c1-424b-9868-57a2d4851a1d" relativeResultsDirectory="0f017bf8-0f29-4a56-95a0-48b8b0e654d5">
      <Output>
        <StdOut>Debug Trace:
Enter the amount: 1.05</StdOut>
        <ErrorInfo>
          <Message>Assert.IsTrue failed. Program output do not contain the expected output (5c).</Message>
          <StackTrace>   at ExercisesTest.TestHelper.AssertOutputContains(Int32 positionFromBack, String expectedOutput, Boolean log) in D:\FOPCSProjects\CSExercisesTemplate\ExercisesTest\TestHelper.cs:line 67
   at ExercisesTest.ExI1Test.Ex45_Test105() in D:\FOPCSProjects\CSExercisesTemplate\ExercisesTest\SectionI\ExI1Test.cs:line 29
</StackTrace>
        </ErrorInfo>
      </Output>
    </UnitTestResult>
    <UnitTestResult executionId="13951385-f652-4b24-8d9e-f75d27fe858a" testId="703d9bbb-ee8a-2635-69c5-fc611c620eee" testName="ExI2_TestRandomMaybeAlotOfFalseResult" computerName="HANS-THINKPAD" duration="00:00:00.0015412" startTime="2016-08-12T08:22:56.6639270+08:00" endTime="2016-08-12T08:22:56.6659272+08:00" testType="13cdc9d9-ddb5-4fa4-a97d-d965ccfc6d4b" outcome="Failed" testListId="8c84fa94-04c1-424b-9868-57a2d4851a1d" relativeResultsDirectory="13951385-f652-4b24-8d9e-f75d27fe858a">
      <Output>
        <StdOut>Debug Trace:</StdOut>
        <ErrorInfo>
          <Message>Assert.IsTrue failed. No output detected</Message>
          <StackTrace>   at ExercisesTest.ExI2Test.ExI2_TestRandomMaybeAlotOfFalseResult() in D:\FOPCSProjects\CSExercisesTemplate\ExercisesTest\SectionI\Ex46_Test.cs:line 20
</StackTrace>
        </ErrorInfo>
      </Output>
    </UnitTestResult>
    <UnitTestResult executionId="d19f026f-7376-4a10-861c-f8fd2fe98ed1" testId="3e520c80-0f62-a07e-65c9-318f860f601b" testName="ExA3_SquareOf0" computerName="HANS-THINKPAD" duration="00:00:00.0002940" startTime="2016-08-12T08:22:56.6659272+08:00" endTime="2016-08-12T08:22:56.6669272+08:00" testType="13cdc9d9-ddb5-4fa4-a97d-d965ccfc6d4b" outcome="Passed" testListId="8c84fa94-04c1-424b-9868-57a2d4851a1d" relativeResultsDirectory="d19f026f-7376-4a10-861c-f8fd2fe98ed1" />
    <UnitTestResult executionId="f900786a-bd63-4404-be2d-1ced172441a4" testId="9335201e-0849-2837-cc1d-4fb4bfd54e5d" testName="ExA3_SquareOf10" computerName="HANS-THINKPAD" duration="00:00:00.0015585" startTime="2016-08-12T08:22:56.6669272+08:00" endTime="2016-08-12T08:22:56.6689273+08:00" testType="13cdc9d9-ddb5-4fa4-a97d-d965ccfc6d4b" outcome="Failed" testListId="8c84fa94-04c1-424b-9868-57a2d4851a1d" relativeResultsDirectory="f900786a-bd63-4404-be2d-1ced172441a4">
      <Output>
        <ErrorInfo>
          <Message>Assert.AreEqual failed. Expected:&lt;100&gt;. Actual:&lt;0&gt;. Square of 10 should be 100</Message>
          <StackTrace>   at ExercisesTest.ExA3Test.ExA3_SquareOf10() in D:\FOPCSProjects\CSExercisesTemplate\ExercisesTest\SectionA\ExA3Test.cs:line 21
</StackTrace>
        </ErrorInfo>
      </Output>
    </UnitTestResult>
    <UnitTestResult executionId="0642e691-7e15-4cdc-b09c-6d0007602a0d" testId="2f4488dd-19dd-82ed-e8ad-8944a67ad6c6" testName="ExA3_SquareOfMin10" computerName="HANS-THINKPAD" duration="00:00:00.0004490" startTime="2016-08-12T08:22:56.6689273+08:00" endTime="2016-08-12T08:22:56.6689273+08:00" testType="13cdc9d9-ddb5-4fa4-a97d-d965ccfc6d4b" outcome="Failed" testListId="8c84fa94-04c1-424b-9868-57a2d4851a1d" relativeResultsDirectory="0642e691-7e15-4cdc-b09c-6d0007602a0d">
      <Output>
        <ErrorInfo>
          <Message>Assert.AreEqual failed. Expected:&lt;100&gt;. Actual:&lt;0&gt;. Square of -10 should be 100</Message>
          <StackTrace>   at ExercisesTest.ExA3Test.ExA3_SquareOfMin10() in D:\FOPCSProjects\CSExercisesTemplate\ExercisesTest\SectionA\ExA3Test.cs:line 28
</StackTrace>
        </ErrorInfo>
      </Output>
    </UnitTestResult>
  </Results>
  <TestDefinitions>
    <UnitTest name="ExA2_TestWithAName" storage="d:\fopcsprojects\csexercisestemplate\exercisestest\bin\debug\exercisestest.dll" id="8d13645f-ace3-ee52-0b1f-b75f216a1c8a">
      <Execution id="15cb1204-1bec-4e16-9924-bba2d29c9a2a" />
      <TestMethod codeBase="D:\FOPCSProjects\CSExercisesTemplate\ExercisesTest\bin\Debug\ExercisesTest.dll" adapterTypeName="Microsoft.VisualStudio.TestTools.TestTypes.Unit.UnitTestAdapter" className="ExercisesTest.ExA2Test" name="ExA2_TestWithAName" />
    </UnitTest>
    <UnitTest name="ExC3_TestWithZero" storage="d:\fopcsprojects\csexercisestemplate\exercisestest\bin\debug\exercisestest.dll" id="e3d43c25-4879-9987-1b05-886dcab007db">
      <Execution id="41e74161-e086-4629-9c1e-375aff50cce5" />
      <TestMethod codeBase="D:\FOPCSProjects\CSExercisesTemplate\ExercisesTest\bin\Debug\ExercisesTest.dll" adapterTypeName="Microsoft.VisualStudio.TestTools.TestTypes.Unit.UnitTestAdapter" className="ExercisesTest.ExC3Test" name="ExC3_TestWithZero" />
    </UnitTest>
    <UnitTest name="ExC3_TestForA" storage="d:\fopcsprojects\csexercisestemplate\exercisestest\bin\debug\exercisestest.dll" id="97c4b883-ea03-6670-c7d7-8a5271d03002">
      <Execution id="a2d14f1d-3d4d-433e-adbd-893a58d73eed" />
      <TestMethod codeBase="D:\FOPCSProjects\CSExercisesTemplate\ExercisesTest\bin\Debug\ExercisesTest.dll" adapterTypeName="Microsoft.VisualStudio.TestTools.TestTypes.Unit.UnitTestAdapter" className="ExercisesTest.ExC3Test" name="ExC3_TestForA" />
    </UnitTest>
    <UnitTest name="ExC3_TestForB" storage="d:\fopcsprojects\csexercisestemplate\exercisestest\bin\debug\exercisestest.dll" id="057093fc-37d3-acb2-7e8c-260165b052fe">
      <Execution id="4843dbac-2fc6-43b0-b3ea-cc9378c9a866" />
      <TestMethod codeBase="D:\FOPCSProjects\CSExercisesTemplate\ExercisesTest\bin\Debug\ExercisesTest.dll" adapterTypeName="Microsoft.VisualStudio.TestTools.TestTypes.Unit.UnitTestAdapter" className="ExercisesTest.ExC3Test" name="ExC3_TestForB" />
    </UnitTest>
    <UnitTest name="ExC3_TestForC" storage="d:\fopcsprojects\csexercisestemplate\exercisestest\bin\debug\exercisestest.dll" id="9f43dc8a-28c1-8a57-a21b-12b5d329c479">
      <Execution id="0418478e-da36-43c8-a81e-36358d810558" />
      <TestMethod codeBase="D:\FOPCSProjects\CSExercisesTemplate\ExercisesTest\bin\Debug\ExercisesTest.dll" adapterTypeName="Microsoft.VisualStudio.TestTools.TestTypes.Unit.UnitTestAdapter" className="ExercisesTest.ExC3Test" name="ExC3_TestForC" />
    </UnitTest>
    <UnitTest name="ExC3_TestWithNegative" storage="d:\fopcsprojects\csexercisestemplate\exercisestest\bin\debug\exercisestest.dll" id="e77da0c1-e064-d298-63e2-55fde252db14">
      <Execution id="ac716a38-73af-401a-82cd-341409d972ef" />
      <TestMethod codeBase="D:\FOPCSProjects\CSExercisesTemplate\ExercisesTest\bin\Debug\ExercisesTest.dll" adapterTypeName="Microsoft.VisualStudio.TestTools.TestTypes.Unit.UnitTestAdapter" className="ExercisesTest.ExC3Test" name="ExC3_TestWithNegative" />
    </UnitTest>
    <UnitTest name="ExC3_TestWithLargeNumber" storage="d:\fopcsprojects\csexercisestemplate\exercisestest\bin\debug\exercisestest.dll" id="736ce668-007a-8538-cb57-b0aa4f59c7ed">
      <Execution id="8126cd69-68d8-4697-bf26-9173e5c01647" />
      <TestMethod codeBase="D:\FOPCSProjects\CSExercisesTemplate\ExercisesTest\bin\Debug\ExercisesTest.dll" adapterTypeName="Microsoft.VisualStudio.TestTools.TestTypes.Unit.UnitTestAdapter" className="ExercisesTest.ExC3Test" name="ExC3_TestWithLargeNumber" />
    </UnitTest>
    <UnitTest name="ExB5_TestWithZero" storage="d:\fopcsprojects\csexercisestemplate\exercisestest\bin\debug\exercisestest.dll" id="159ba622-1904-2602-2526-72a12ffa196f">
      <Execution id="6e1f151b-0000-45c1-9ef3-a9f295e4e7e2" />
      <TestMethod codeBase="D:\FOPCSProjects\CSExercisesTemplate\ExercisesTest\bin\Debug\ExercisesTest.dll" adapterTypeName="Microsoft.VisualStudio.TestTools.TestTypes.Unit.UnitTestAdapter" className="ExercisesTest.ExB5Test" name="ExB5_TestWithZero" />
    </UnitTest>
    <UnitTest name="ExB5_TestWithRandomPositiveNumber" storage="d:\fopcsprojects\csexercisestemplate\exercisestest\bin\debug\exercisestest.dll" id="4ce714ee-0184-d714-c26f-c0f025b421a2">
      <Execution id="10303321-d490-4725-a335-12f3c9320a37" />
      <TestMethod codeBase="D:\FOPCSProjects\CSExercisesTemplate\ExercisesTest\bin\Debug\ExercisesTest.dll" adapterTypeName="Microsoft.VisualStudio.TestTools.TestTypes.Unit.UnitTestAdapter" className="ExercisesTest.ExB5Test" name="ExB5_TestWithRandomPositiveNumber" />
    </UnitTest>
    <UnitTest name="ExB5_TestWithRandomNegativeNumber" storage="d:\fopcsprojects\csexercisestemplate\exercisestest\bin\debug\exercisestest.dll" id="56a6c058-ff64-0a54-1bb8-aba4833eba62">
      <Execution id="0c2fe726-14ba-4f58-b61e-607778f1d980" />
      <TestMethod codeBase="D:\FOPCSProjects\CSExercisesTemplate\ExercisesTest\bin\Debug\ExercisesTest.dll" adapterTypeName="Microsoft.VisualStudio.TestTools.TestTypes.Unit.UnitTestAdapter" className="ExercisesTest.ExB5Test" name="ExB5_TestWithRandomNegativeNumber" />
    </UnitTest>
    <UnitTest name="ExB4_TestWithZero" storage="d:\fopcsprojects\csexercisestemplate\exercisestest\bin\debug\exercisestest.dll" id="521f27a5-8565-5e7d-7db9-96f0742480e4">
      <Execution id="b72e77e0-b17c-485c-8b78-409f6c758e72" />
      <TestMethod codeBase="D:\FOPCSProjects\CSExercisesTemplate\ExercisesTest\bin\Debug\ExercisesTest.dll" adapterTypeName="Microsoft.VisualStudio.TestTools.TestTypes.Unit.UnitTestAdapter" className="ExercisesTest.ExB4Test" name="ExB4_TestWithZero" />
    </UnitTest>
    <UnitTest name="ExB4_TestWithRandomPositiveNumber" storage="d:\fopcsprojects\csexercisestemplate\exercisestest\bin\debug\exercisestest.dll" id="d3c73420-c493-2580-26b5-713efb8af071">
      <Execution id="634c4f67-3e23-4db1-93dd-52a26058f967" />
      <TestMethod codeBase="D:\FOPCSProjects\CSExercisesTemplate\ExercisesTest\bin\Debug\ExercisesTest.dll" adapterTypeName="Microsoft.VisualStudio.TestTools.TestTypes.Unit.UnitTestAdapter" className="ExercisesTest.ExB4Test" name="ExB4_TestWithRandomPositiveNumber" />
    </UnitTest>
    <UnitTest name="ExB4_TestWithRandomNegativeNumber" storage="d:\fopcsprojects\csexercisestemplate\exercisestest\bin\debug\exercisestest.dll" id="07543d53-3299-9504-fc22-6f3224244293">
      <Execution id="1dcc3151-a5e9-4f40-903b-51e379fc18c3" />
      <TestMethod codeBase="D:\FOPCSProjects\CSExercisesTemplate\ExercisesTest\bin\Debug\ExercisesTest.dll" adapterTypeName="Microsoft.VisualStudio.TestTools.TestTypes.Unit.UnitTestAdapter" className="ExercisesTest.ExB4Test" name="ExB4_TestWithRandomNegativeNumber" />
    </UnitTest>
    <UnitTest name="ExB3_TestWithZero" storage="d:\fopcsprojects\csexercisestemplate\exercisestest\bin\debug\exercisestest.dll" id="547d9154-166e-a709-4ab7-dbf01b9db8a0">
      <Execution id="452a10de-6bcd-457c-bd72-5e4cc1e7443b" />
      <TestMethod codeBase="D:\FOPCSProjects\CSExercisesTemplate\ExercisesTest\bin\Debug\ExercisesTest.dll" adapterTypeName="Microsoft.VisualStudio.TestTools.TestTypes.Unit.UnitTestAdapter" className="ExercisesTest.ExB3Test" name="ExB3_TestWithZero" />
    </UnitTest>
    <UnitTest name="ExB3_TestWithRandomNumber" storage="d:\fopcsprojects\csexercisestemplate\exercisestest\bin\debug\exercisestest.dll" id="ff06b2a1-aac2-2828-23bf-4e83c2715f17">
      <Execution id="0f2aa0b9-eab4-494a-bd9d-270bc0ac7c4e" />
      <TestMethod codeBase="D:\FOPCSProjects\CSExercisesTemplate\ExercisesTest\bin\Debug\ExercisesTest.dll" adapterTypeName="Microsoft.VisualStudio.TestTools.TestTypes.Unit.UnitTestAdapter" className="ExercisesTest.ExB3Test" name="ExB3_TestWithRandomNumber" />
    </UnitTest>
    <UnitTest name="ExB2_TestWithZero" storage="d:\fopcsprojects\csexercisestemplate\exercisestest\bin\debug\exercisestest.dll" id="dd7a1cf7-7671-a70a-aef5-f365aedd4d0e">
      <Execution id="326e9607-13ad-45db-b16c-8bc5936485f8" />
      <TestMethod codeBase="D:\FOPCSProjects\CSExercisesTemplate\ExercisesTest\bin\Debug\ExercisesTest.dll" adapterTypeName="Microsoft.VisualStudio.TestTools.TestTypes.Unit.UnitTestAdapter" className="ExercisesTest.ExB2Test" name="ExB2_TestWithZero" />
    </UnitTest>
    <UnitTest name="ExB2_TestWithRandomNumber" storage="d:\fopcsprojects\csexercisestemplate\exercisestest\bin\debug\exercisestest.dll" id="1e6e95e5-93d0-8567-b766-24daa399e7a5">
      <Execution id="598e543e-83d8-4e03-a79f-7ff6c9a98b91" />
      <TestMethod codeBase="D:\FOPCSProjects\CSExercisesTemplate\ExercisesTest\bin\Debug\ExercisesTest.dll" adapterTypeName="Microsoft.VisualStudio.TestTools.TestTypes.Unit.UnitTestAdapter" className="ExercisesTest.ExB2Test" name="ExB2_TestWithRandomNumber" />
    </UnitTest>
    <UnitTest name="ExB1_TestWithZero" storage="d:\fopcsprojects\csexercisestemplate\exercisestest\bin\debug\exercisestest.dll" id="928f0289-fc26-87c9-cbcc-7860f04c41e5">
      <Execution id="452498ea-f041-4749-ba41-33b9a94b651a" />
      <TestMethod codeBase="D:\FOPCSProjects\CSExercisesTemplate\ExercisesTest\bin\Debug\ExercisesTest.dll" adapterTypeName="Microsoft.VisualStudio.TestTools.TestTypes.Unit.UnitTestAdapter" className="ExercisesTest.ExB1Test" name="ExB1_TestWithZero" />
    </UnitTest>
    <UnitTest name="ExB1_TestWithRandomNumber" storage="d:\fopcsprojects\csexercisestemplate\exercisestest\bin\debug\exercisestest.dll" id="cf3fce46-434f-4b13-6b4c-ced354dd07f6">
      <Execution id="50f0cbf5-6d27-4ccd-89e0-6910b7818840" />
      <TestMethod codeBase="D:\FOPCSProjects\CSExercisesTemplate\ExercisesTest\bin\Debug\ExercisesTest.dll" adapterTypeName="Microsoft.VisualStudio.TestTools.TestTypes.Unit.UnitTestAdapter" className="ExercisesTest.ExB1Test" name="ExB1_TestWithRandomNumber" />
    </UnitTest>
    <UnitTest name="ExA5_Case1" storage="d:\fopcsprojects\csexercisestemplate\exercisestest\bin\debug\exercisestest.dll" id="76d0a13b-ab80-9522-b82c-80ef6e94b587">
      <Execution id="e61b2594-7d34-4272-a5a6-5abc519cb84e" />
      <TestMethod codeBase="D:\FOPCSProjects\CSExercisesTemplate\ExercisesTest\bin\Debug\ExercisesTest.dll" adapterTypeName="Microsoft.VisualStudio.TestTools.TestTypes.Unit.UnitTestAdapter" className="ExercisesTest.ExA5Test" name="ExA5_Case1" />
    </UnitTest>
    <UnitTest name="ExA5_Case2" storage="d:\fopcsprojects\csexercisestemplate\exercisestest\bin\debug\exercisestest.dll" id="22a0a7fb-7586-1091-0284-41aa8e900d3a">
      <Execution id="73c5e07e-fa82-4454-9186-f2b15c3dff05" />
      <TestMethod codeBase="D:\FOPCSProjects\CSExercisesTemplate\ExercisesTest\bin\Debug\ExercisesTest.dll" adapterTypeName="Microsoft.VisualStudio.TestTools.TestTypes.Unit.UnitTestAdapter" className="ExercisesTest.ExA5Test" name="ExA5_Case2" />
    </UnitTest>
    <UnitTest name="ExA5_Case3" storage="d:\fopcsprojects\csexercisestemplate\exercisestest\bin\debug\exercisestest.dll" id="220c17f5-86fd-d612-976c-3a2f2514a9ee">
      <Execution id="5e08d42e-2c22-4104-a729-f9179d14d4ce" />
      <TestMethod codeBase="D:\FOPCSProjects\CSExercisesTemplate\ExercisesTest\bin\Debug\ExercisesTest.dll" adapterTypeName="Microsoft.VisualStudio.TestTools.TestTypes.Unit.UnitTestAdapter" className="ExercisesTest.ExA5Test" name="ExA5_Case3" />
    </UnitTest>
    <UnitTest name="ExA5_Case4" storage="d:\fopcsprojects\csexercisestemplate\exercisestest\bin\debug\exercisestest.dll" id="eeda8489-f414-b738-730a-b86d9a065988">
      <Execution id="be3bd975-f705-4acd-89b1-3e9511c1e2bd" />
      <TestMethod codeBase="D:\FOPCSProjects\CSExercisesTemplate\ExercisesTest\bin\Debug\ExercisesTest.dll" adapterTypeName="Microsoft.VisualStudio.TestTools.TestTypes.Unit.UnitTestAdapter" className="ExercisesTest.ExA5Test" name="ExA5_Case4" />
    </UnitTest>
    <UnitTest name="ExA4_SquareOf0" storage="d:\fopcsprojects\csexercisestemplate\exercisestest\bin\debug\exercisestest.dll" id="7c77c2c8-c4ae-c33d-b32c-0c27ea0a4ea6">
      <Execution id="50efc254-2403-43d4-9511-379ff387ea73" />
      <TestMethod codeBase="D:\FOPCSProjects\CSExercisesTemplate\ExercisesTest\bin\Debug\ExercisesTest.dll" adapterTypeName="Microsoft.VisualStudio.TestTools.TestTypes.Unit.UnitTestAdapter" className="ExercisesTest.ExA4Test" name="ExA4_SquareOf0" />
    </UnitTest>
    <UnitTest name="ExA4_SquareOf10" storage="d:\fopcsprojects\csexercisestemplate\exercisestest\bin\debug\exercisestest.dll" id="06b9133f-4899-3a9e-2fb2-27c70cb6b199">
      <Execution id="cfe7954b-77fc-47ef-9922-505a6a00894e" />
      <TestMethod codeBase="D:\FOPCSProjects\CSExercisesTemplate\ExercisesTest\bin\Debug\ExercisesTest.dll" adapterTypeName="Microsoft.VisualStudio.TestTools.TestTypes.Unit.UnitTestAdapter" className="ExercisesTest.ExA4Test" name="ExA4_SquareOf10" />
    </UnitTest>
    <UnitTest name="ExA4_SquareOfMin10" storage="d:\fopcsprojects\csexercisestemplate\exercisestest\bin\debug\exercisestest.dll" id="bb1830d4-461e-fe67-a1f1-5256b7d4a372">
      <Execution id="012c92b3-e96b-4c38-9f00-f883c4d82216" />
      <TestMethod codeBase="D:\FOPCSProjects\CSExercisesTemplate\ExercisesTest\bin\Debug\ExercisesTest.dll" adapterTypeName="Microsoft.VisualStudio.TestTools.TestTypes.Unit.UnitTestAdapter" className="ExercisesTest.ExA4Test" name="ExA4_SquareOfMin10" />
    </UnitTest>
    <UnitTest name="ExB6_TestWithZero" storage="d:\fopcsprojects\csexercisestemplate\exercisestest\bin\debug\exercisestest.dll" id="b0fe1b76-85dd-996a-6897-764077fa221a">
      <Execution id="9fc69771-4dcc-4863-adea-7b7b95fbd1a3" />
      <TestMethod codeBase="D:\FOPCSProjects\CSExercisesTemplate\ExercisesTest\bin\Debug\ExercisesTest.dll" adapterTypeName="Microsoft.VisualStudio.TestTools.TestTypes.Unit.UnitTestAdapter" className="ExercisesTest.ExB6Test" name="ExB6_TestWithZero" />
    </UnitTest>
    <UnitTest name="ExB6_TestWithPositiveNumber" storage="d:\fopcsprojects\csexercisestemplate\exercisestest\bin\debug\exercisestest.dll" id="3e2b89e5-e2cc-63c8-e53e-5e4f06942620">
      <Execution id="1dc9068b-ba67-4bc7-88ba-2383ce026191" />
      <TestMethod codeBase="D:\FOPCSProjects\CSExercisesTemplate\ExercisesTest\bin\Debug\ExercisesTest.dll" adapterTypeName="Microsoft.VisualStudio.TestTools.TestTypes.Unit.UnitTestAdapter" className="ExercisesTest.ExB6Test" name="ExB6_TestWithPositiveNumber" />
    </UnitTest>
    <UnitTest name="ExB6_TestWithNegativeNumber" storage="d:\fopcsprojects\csexercisestemplate\exercisestest\bin\debug\exercisestest.dll" id="09a74379-7aab-b6a3-6c3c-bf77ba90813f">
      <Execution id="72ae69cd-04a4-40ec-9c64-c35a9cd149bd" />
      <TestMethod codeBase="D:\FOPCSProjects\CSExercisesTemplate\ExercisesTest\bin\Debug\ExercisesTest.dll" adapterTypeName="Microsoft.VisualStudio.TestTools.TestTypes.Unit.UnitTestAdapter" className="ExercisesTest.ExB6Test" name="ExB6_TestWithNegativeNumber" />
    </UnitTest>
    <UnitTest name="ExB7_TestWithZero" storage="d:\fopcsprojects\csexercisestemplate\exercisestest\bin\debug\exercisestest.dll" id="5d10d8c6-9801-fba8-47ea-4f24d629e64e">
      <Execution id="8b339aaf-1ed2-4c7d-9d0e-043c97353284" />
      <TestMethod codeBase="D:\FOPCSProjects\CSExercisesTemplate\ExercisesTest\bin\Debug\ExercisesTest.dll" adapterTypeName="Microsoft.VisualStudio.TestTools.TestTypes.Unit.UnitTestAdapter" className="ExercisesTest.ExB7Test" name="ExB7_TestWithZero" />
    </UnitTest>
    <UnitTest name="ExB7_TestWithRandomPositiveNumber" storage="d:\fopcsprojects\csexercisestemplate\exercisestest\bin\debug\exercisestest.dll" id="8a3c2921-0d21-9733-b802-8fd60efda746">
      <Execution id="3489795f-76df-4a38-81a1-797d230583c1" />
      <TestMethod codeBase="D:\FOPCSProjects\CSExercisesTemplate\ExercisesTest\bin\Debug\ExercisesTest.dll" adapterTypeName="Microsoft.VisualStudio.TestTools.TestTypes.Unit.UnitTestAdapter" className="ExercisesTest.ExB7Test" name="ExB7_TestWithRandomPositiveNumber" />
    </UnitTest>
    <UnitTest name="ExB8_TestWithZero" storage="d:\fopcsprojects\csexercisestemplate\exercisestest\bin\debug\exercisestest.dll" id="d8f4ff5b-1da8-68e0-6735-dca747510bd3">
      <Execution id="71e299e8-b421-4046-9a96-a465a4933e99" />
      <TestMethod codeBase="D:\FOPCSProjects\CSExercisesTemplate\ExercisesTest\bin\Debug\ExercisesTest.dll" adapterTypeName="Microsoft.VisualStudio.TestTools.TestTypes.Unit.UnitTestAdapter" className="ExercisesTest.ExB8Test" name="ExB8_TestWithZero" />
    </UnitTest>
    <UnitTest name="ExB8_TestWithRandomPositiveNumber" storage="d:\fopcsprojects\csexercisestemplate\exercisestest\bin\debug\exercisestest.dll" id="4c46834b-f4c3-08ad-a27c-3715addd7c00">
      <Execution id="d12ea409-bfd5-4692-be82-42ecfe325ca7" />
      <TestMethod codeBase="D:\FOPCSProjects\CSExercisesTemplate\ExercisesTest\bin\Debug\ExercisesTest.dll" adapterTypeName="Microsoft.VisualStudio.TestTools.TestTypes.Unit.UnitTestAdapter" className="ExercisesTest.ExB8Test" name="ExB8_TestWithRandomPositiveNumber" />
    </UnitTest>
    <UnitTest name="ExB9TestWithZero" storage="d:\fopcsprojects\csexercisestemplate\exercisestest\bin\debug\exercisestest.dll" id="4d421191-ce69-78f3-5526-c5d9422be733">
      <Execution id="9986cb55-0b3b-461e-8a06-48b96f05e034" />
      <TestMethod codeBase="D:\FOPCSProjects\CSExercisesTemplate\ExercisesTest\bin\Debug\ExercisesTest.dll" adapterTypeName="Microsoft.VisualStudio.TestTools.TestTypes.Unit.UnitTestAdapter" className="ExercisesTest.ExB9Test" name="ExB9TestWithZero" />
    </UnitTest>
    <UnitTest name="ExB9TestWithRandomPositiveNumber" storage="d:\fopcsprojects\csexercisestemplate\exercisestest\bin\debug\exercisestest.dll" id="2514325f-8396-182f-50e8-0dd4b88ec67a">
      <Execution id="2ad6b73b-33ea-455e-8c7c-c46411b812e2" />
      <TestMethod codeBase="D:\FOPCSProjects\CSExercisesTemplate\ExercisesTest\bin\Debug\ExercisesTest.dll" adapterTypeName="Microsoft.VisualStudio.TestTools.TestTypes.Unit.UnitTestAdapter" className="ExercisesTest.ExB9Test" name="ExB9TestWithRandomPositiveNumber" />
    </UnitTest>
    <UnitTest name="ExB10_TestWithZero" storage="d:\fopcsprojects\csexercisestemplate\exercisestest\bin\debug\exercisestest.dll" id="2f64d7d7-397c-497d-5ac2-6f48b2c6e87a">
      <Execution id="c986cf22-1674-4a69-8904-7052491b179a" />
      <TestMethod codeBase="D:\FOPCSProjects\CSExercisesTemplate\ExercisesTest\bin\Debug\ExercisesTest.dll" adapterTypeName="Microsoft.VisualStudio.TestTools.TestTypes.Unit.UnitTestAdapter" className="ExercisesTest.ExB10_Test" name="ExB10_TestWithZero" />
    </UnitTest>
    <UnitTest name="ExB10_TestWithPositiveNumber" storage="d:\fopcsprojects\csexercisestemplate\exercisestest\bin\debug\exercisestest.dll" id="2c0176f9-773e-372e-9030-1985551cf0c5">
      <Execution id="50fc7811-2d24-4670-af52-7f69259ebbf0" />
      <TestMethod codeBase="D:\FOPCSProjects\CSExercisesTemplate\ExercisesTest\bin\Debug\ExercisesTest.dll" adapterTypeName="Microsoft.VisualStudio.TestTools.TestTypes.Unit.UnitTestAdapter" className="ExercisesTest.ExB10_Test" name="ExB10_TestWithPositiveNumber" />
    </UnitTest>
    <UnitTest name="ExC5_TestWithAmstrongNumber" storage="d:\fopcsprojects\csexercisestemplate\exercisestest\bin\debug\exercisestest.dll" id="f44f585d-496a-ceff-8ec5-5aa583d03039">
      <Execution id="8735c0a1-a8a9-4758-a59f-4d7126181859" />
      <TestMethod codeBase="D:\FOPCSProjects\CSExercisesTemplate\ExercisesTest\bin\Debug\ExercisesTest.dll" adapterTypeName="Microsoft.VisualStudio.TestTools.TestTypes.Unit.UnitTestAdapter" className="ExercisesTest.ExC5Test" name="ExC5_TestWithAmstrongNumber" />
    </UnitTest>
    <UnitTest name="ExC5_TestWithRandomPositiveNumber" storage="d:\fopcsprojects\csexercisestemplate\exercisestest\bin\debug\exercisestest.dll" id="403ee091-5d56-e49f-11e0-a0069db2d71f">
      <Execution id="be1206af-591b-46e4-8549-cdbe9131953c" />
      <TestMethod codeBase="D:\FOPCSProjects\CSExercisesTemplate\ExercisesTest\bin\Debug\ExercisesTest.dll" adapterTypeName="Microsoft.VisualStudio.TestTools.TestTypes.Unit.UnitTestAdapter" className="ExercisesTest.ExC5Test" name="ExC5_TestWithRandomPositiveNumber" />
    </UnitTest>
    <UnitTest name="ExC1_TestWithMale" storage="d:\fopcsprojects\csexercisestemplate\exercisestest\bin\debug\exercisestest.dll" id="61d166ef-4cfe-77e3-b543-897aca364290">
      <Execution id="94f0ec38-fe8e-4764-9e83-b67b438ff7e7" />
      <TestMethod codeBase="D:\FOPCSProjects\CSExercisesTemplate\ExercisesTest\bin\Debug\ExercisesTest.dll" adapterTypeName="Microsoft.VisualStudio.TestTools.TestTypes.Unit.UnitTestAdapter" className="ExercisesTest.ExC1Test" name="ExC1_TestWithMale" />
    </UnitTest>
    <UnitTest name="ExC1_TestWithFemale" storage="d:\fopcsprojects\csexercisestemplate\exercisestest\bin\debug\exercisestest.dll" id="f01da9c2-186f-f432-e2ea-a4bf6e6db11b">
      <Execution id="ecfbec30-33d1-4300-8506-052801278f77" />
      <TestMethod codeBase="D:\FOPCSProjects\CSExercisesTemplate\ExercisesTest\bin\Debug\ExercisesTest.dll" adapterTypeName="Microsoft.VisualStudio.TestTools.TestTypes.Unit.UnitTestAdapter" className="ExercisesTest.ExC1Test" name="ExC1_TestWithFemale" />
    </UnitTest>
    <UnitTest name="ExC1_TestWithUnknown" storage="d:\fopcsprojects\csexercisestemplate\exercisestest\bin\debug\exercisestest.dll" id="437f057a-e785-23b6-2c3b-fdb00373c2ea">
      <Execution id="d55d0eb3-46fb-4de8-9255-31d0cc8a746d" />
      <TestMethod codeBase="D:\FOPCSProjects\CSExercisesTemplate\ExercisesTest\bin\Debug\ExercisesTest.dll" adapterTypeName="Microsoft.VisualStudio.TestTools.TestTypes.Unit.UnitTestAdapter" className="ExercisesTest.ExC1Test" name="ExC1_TestWithUnknown" />
    </UnitTest>
    <UnitTest name="ExC2_TestWithUncle" storage="d:\fopcsprojects\csexercisestemplate\exercisestest\bin\debug\exercisestest.dll" id="2cc7dc39-d769-d794-e8ff-a77afcb7d16c">
      <Execution id="eba6083f-f771-4f7a-8e85-1f6c9d7bf1e7" />
      <TestMethod codeBase="D:\FOPCSProjects\CSExercisesTemplate\ExercisesTest\bin\Debug\ExercisesTest.dll" adapterTypeName="Microsoft.VisualStudio.TestTools.TestTypes.Unit.UnitTestAdapter" className="ExercisesTest.ExC2_Test" name="ExC2_TestWithUncle" />
    </UnitTest>
    <UnitTest name="ExC2_TestWithAunty" storage="d:\fopcsprojects\csexercisestemplate\exercisestest\bin\debug\exercisestest.dll" id="358b895f-9561-e345-43e3-0530571178f3">
      <Execution id="6c6495f2-8744-43b8-a037-ebbda8a19647" />
      <TestMethod codeBase="D:\FOPCSProjects\CSExercisesTemplate\ExercisesTest\bin\Debug\ExercisesTest.dll" adapterTypeName="Microsoft.VisualStudio.TestTools.TestTypes.Unit.UnitTestAdapter" className="ExercisesTest.ExC2_Test" name="ExC2_TestWithAunty" />
    </UnitTest>
    <UnitTest name="ExC2_TestWitMr" storage="d:\fopcsprojects\csexercisestemplate\exercisestest\bin\debug\exercisestest.dll" id="5786c8fe-760a-f1e2-51f3-9bf03ba7c133">
      <Execution id="c44d37ec-4fad-4b4f-ab21-ad559090b007" />
      <TestMethod codeBase="D:\FOPCSProjects\CSExercisesTemplate\ExercisesTest\bin\Debug\ExercisesTest.dll" adapterTypeName="Microsoft.VisualStudio.TestTools.TestTypes.Unit.UnitTestAdapter" className="ExercisesTest.ExC2_Test" name="ExC2_TestWitMr" />
    </UnitTest>
    <UnitTest name="ExC2_TestWithMs" storage="d:\fopcsprojects\csexercisestemplate\exercisestest\bin\debug\exercisestest.dll" id="1d1c8a71-2287-e26b-162e-49d36eb500a6">
      <Execution id="30cd9e24-23c6-4a07-94df-9f6ccf2e9c54" />
      <TestMethod codeBase="D:\FOPCSProjects\CSExercisesTemplate\ExercisesTest\bin\Debug\ExercisesTest.dll" adapterTypeName="Microsoft.VisualStudio.TestTools.TestTypes.Unit.UnitTestAdapter" className="ExercisesTest.ExC2_Test" name="ExC2_TestWithMs" />
    </UnitTest>
    <UnitTest name="ExC2_TestWithUnknown" storage="d:\fopcsprojects\csexercisestemplate\exercisestest\bin\debug\exercisestest.dll" id="3f3b4237-6c70-8c91-dc5f-29e8e770339b">
      <Execution id="30eeb4d9-7ad1-4e57-a4ef-a5feb0448373" />
      <TestMethod codeBase="D:\FOPCSProjects\CSExercisesTemplate\ExercisesTest\bin\Debug\ExercisesTest.dll" adapterTypeName="Microsoft.VisualStudio.TestTools.TestTypes.Unit.UnitTestAdapter" className="ExercisesTest.ExC2_Test" name="ExC2_TestWithUnknown" />
    </UnitTest>
    <UnitTest name="ExC4_TestWithZero" storage="d:\fopcsprojects\csexercisestemplate\exercisestest\bin\debug\exercisestest.dll" id="66b3003b-1aa8-40bb-c162-a94b6568685b">
      <Execution id="1f0ab6ec-163d-4b42-a60f-b8bb8f608710" />
      <TestMethod codeBase="D:\FOPCSProjects\CSExercisesTemplate\ExercisesTest\bin\Debug\ExercisesTest.dll" adapterTypeName="Microsoft.VisualStudio.TestTools.TestTypes.Unit.UnitTestAdapter" className="ExercisesTest.ExC4Test" name="ExC4_TestWithZero" />
    </UnitTest>
    <UnitTest name="ExC4TestWithHalf" storage="d:\fopcsprojects\csexercisestemplate\exercisestest\bin\debug\exercisestest.dll" id="b31774ee-007b-47f0-8e32-c6031c54d16f">
      <Execution id="4d03e8ae-329f-4df2-a4a7-f3d2ef18b951" />
      <TestMethod codeBase="D:\FOPCSProjects\CSExercisesTemplate\ExercisesTest\bin\Debug\ExercisesTest.dll" adapterTypeName="Microsoft.VisualStudio.TestTools.TestTypes.Unit.UnitTestAdapter" className="ExercisesTest.ExC4Test" name="ExC4TestWithHalf" />
    </UnitTest>
    <UnitTest name="ExC4Test9Km" storage="d:\fopcsprojects\csexercisestemplate\exercisestest\bin\debug\exercisestest.dll" id="27d651a7-a3b9-7a3a-3e05-60be06064821">
      <Execution id="3400bf27-4202-42e7-8696-003acffc224c" />
      <TestMethod codeBase="D:\FOPCSProjects\CSExercisesTemplate\ExercisesTest\bin\Debug\ExercisesTest.dll" adapterTypeName="Microsoft.VisualStudio.TestTools.TestTypes.Unit.UnitTestAdapter" className="ExercisesTest.ExC4Test" name="ExC4Test9Km" />
    </UnitTest>
    <UnitTest name="ExC4Test1213Km" storage="d:\fopcsprojects\csexercisestemplate\exercisestest\bin\debug\exercisestest.dll" id="99cc52e4-4ede-d6f1-699a-639a70caf19e">
      <Execution id="80c59c64-ba4d-4e05-9e02-d09e5a46cb84" />
      <TestMethod codeBase="D:\FOPCSProjects\CSExercisesTemplate\ExercisesTest\bin\Debug\ExercisesTest.dll" adapterTypeName="Microsoft.VisualStudio.TestTools.TestTypes.Unit.UnitTestAdapter" className="ExercisesTest.ExC4Test" name="ExC4Test1213Km" />
    </UnitTest>
    <UnitTest name="ExC6_TestWithZero" storage="d:\fopcsprojects\csexercisestemplate\exercisestest\bin\debug\exercisestest.dll" id="f232122e-0613-e1ee-dfe5-9b85a22cd2b0">
      <Execution id="0e567dc5-f2e9-47c7-8cbc-66107b467a76" />
      <TestMethod codeBase="D:\FOPCSProjects\CSExercisesTemplate\ExercisesTest\bin\Debug\ExercisesTest.dll" adapterTypeName="Microsoft.VisualStudio.TestTools.TestTypes.Unit.UnitTestAdapter" className="ExercisesTest.ExC6Test" name="ExC6_TestWithZero" />
    </UnitTest>
    <UnitTest name="ExC6_TestWithOneProduct1" storage="d:\fopcsprojects\csexercisestemplate\exercisestest\bin\debug\exercisestest.dll" id="ae4e66b0-9a29-2a92-aee9-fdf389c27fe6">
      <Execution id="ddbe31a4-323c-4ce5-88dd-503f7d5a4c71" />
      <TestMethod codeBase="D:\FOPCSProjects\CSExercisesTemplate\ExercisesTest\bin\Debug\ExercisesTest.dll" adapterTypeName="Microsoft.VisualStudio.TestTools.TestTypes.Unit.UnitTestAdapter" className="ExercisesTest.ExC6Test" name="ExC6_TestWithOneProduct1" />
    </UnitTest>
    <UnitTest name="ExC6_TestWithOneProduct2" storage="d:\fopcsprojects\csexercisestemplate\exercisestest\bin\debug\exercisestest.dll" id="4297656f-1197-d292-0489-69d8ad93083c">
      <Execution id="6826b86e-b70f-41b4-8cb1-e4469c7373b9" />
      <TestMethod codeBase="D:\FOPCSProjects\CSExercisesTemplate\ExercisesTest\bin\Debug\ExercisesTest.dll" adapterTypeName="Microsoft.VisualStudio.TestTools.TestTypes.Unit.UnitTestAdapter" className="ExercisesTest.ExC6Test" name="ExC6_TestWithOneProduct2" />
    </UnitTest>
    <UnitTest name="ExC6_TestWithOneProduct3" storage="d:\fopcsprojects\csexercisestemplate\exercisestest\bin\debug\exercisestest.dll" id="527da127-2853-1a9b-a2ad-f3585c728530">
      <Execution id="c65c358d-1876-4aa9-8556-60110123b2f3" />
      <TestMethod codeBase="D:\FOPCSProjects\CSExercisesTemplate\ExercisesTest\bin\Debug\ExercisesTest.dll" adapterTypeName="Microsoft.VisualStudio.TestTools.TestTypes.Unit.UnitTestAdapter" className="ExercisesTest.ExC6Test" name="ExC6_TestWithOneProduct3" />
    </UnitTest>
    <UnitTest name="ExC6_TestWithOneProduct4" storage="d:\fopcsprojects\csexercisestemplate\exercisestest\bin\debug\exercisestest.dll" id="62915065-52ff-5fd8-8913-0189d77875c3">
      <Execution id="abc65452-e6f9-4b55-aa5d-eb9a86fc026a" />
      <TestMethod codeBase="D:\FOPCSProjects\CSExercisesTemplate\ExercisesTest\bin\Debug\ExercisesTest.dll" adapterTypeName="Microsoft.VisualStudio.TestTools.TestTypes.Unit.UnitTestAdapter" className="ExercisesTest.ExC6Test" name="ExC6_TestWithOneProduct4" />
    </UnitTest>
    <UnitTest name="ExC6_TestWithOneProduct5" storage="d:\fopcsprojects\csexercisestemplate\exercisestest\bin\debug\exercisestest.dll" id="14d8a934-4e3c-5ff4-d896-b004187a9351">
      <Execution id="e9f88322-3c26-46fa-ad6e-505e30d2ff51" />
      <TestMethod codeBase="D:\FOPCSProjects\CSExercisesTemplate\ExercisesTest\bin\Debug\ExercisesTest.dll" adapterTypeName="Microsoft.VisualStudio.TestTools.TestTypes.Unit.UnitTestAdapter" className="ExercisesTest.ExC6Test" name="ExC6_TestWithOneProduct5" />
    </UnitTest>
    <UnitTest name="ExC6_TestWithTwoProducts1" storage="d:\fopcsprojects\csexercisestemplate\exercisestest\bin\debug\exercisestest.dll" id="8206a26a-e532-85c1-9aad-17a6a0a5bdf0">
      <Execution id="3332cf9e-a0bd-4a51-8d03-0aca29639c16" />
      <TestMethod codeBase="D:\FOPCSProjects\CSExercisesTemplate\ExercisesTest\bin\Debug\ExercisesTest.dll" adapterTypeName="Microsoft.VisualStudio.TestTools.TestTypes.Unit.UnitTestAdapter" className="ExercisesTest.ExC6Test" name="ExC6_TestWithTwoProducts1" />
    </UnitTest>
    <UnitTest name="ExC6_TestWithThreeProducts1" storage="d:\fopcsprojects\csexercisestemplate\exercisestest\bin\debug\exercisestest.dll" id="59543185-c115-6f05-fde4-7a3a3cf60da3">
      <Execution id="1569a73c-dfaf-4303-bdb5-afaa59a2c9f8" />
      <TestMethod codeBase="D:\FOPCSProjects\CSExercisesTemplate\ExercisesTest\bin\Debug\ExercisesTest.dll" adapterTypeName="Microsoft.VisualStudio.TestTools.TestTypes.Unit.UnitTestAdapter" className="ExercisesTest.ExC6Test" name="ExC6_TestWithThreeProducts1" />
    </UnitTest>
    <UnitTest name="ExD1_TestWith88" storage="d:\fopcsprojects\csexercisestemplate\exercisestest\bin\debug\exercisestest.dll" id="817d2cfb-2701-d099-0d77-7dda9f9ee260">
      <Execution id="10175320-7b63-4fac-9a0d-ebd949ed4624" />
      <TestMethod codeBase="D:\FOPCSProjects\CSExercisesTemplate\ExercisesTest\bin\Debug\ExercisesTest.dll" adapterTypeName="Microsoft.VisualStudio.TestTools.TestTypes.Unit.UnitTestAdapter" className="ExercisesTest.ExD1Test" name="ExD1_TestWith88" />
    </UnitTest>
    <UnitTest name="ExD1_TestNo88" storage="d:\fopcsprojects\csexercisestemplate\exercisestest\bin\debug\exercisestest.dll" id="b3b356b0-b86d-68eb-f1fa-a1fb7eedeab6">
      <Execution id="96f5c248-82d3-4a13-9a1f-60969eeae14b" />
      <TestMethod codeBase="D:\FOPCSProjects\CSExercisesTemplate\ExercisesTest\bin\Debug\ExercisesTest.dll" adapterTypeName="Microsoft.VisualStudio.TestTools.TestTypes.Unit.UnitTestAdapter" className="ExercisesTest.ExD1Test" name="ExD1_TestNo88" />
    </UnitTest>
    <UnitTest name="ExD2_TestWithPositiveNumber1" storage="d:\fopcsprojects\csexercisestemplate\exercisestest\bin\debug\exercisestest.dll" id="37f78f12-4ace-98e0-52e8-3408fb66f00f">
      <Execution id="30168a58-5cd1-4def-a06a-9caff08c6472" />
      <TestMethod codeBase="D:\FOPCSProjects\CSExercisesTemplate\ExercisesTest\bin\Debug\ExercisesTest.dll" adapterTypeName="Microsoft.VisualStudio.TestTools.TestTypes.Unit.UnitTestAdapter" className="ExercisesTest.ExD2Test" name="ExD2_TestWithPositiveNumber1" />
    </UnitTest>
    <UnitTest name="ExD2_TestWithPositiveNumber2" storage="d:\fopcsprojects\csexercisestemplate\exercisestest\bin\debug\exercisestest.dll" id="31cdd151-4b4e-8af1-a309-064dea303c76">
      <Execution id="37b2a464-020d-4267-93ba-dd15caa66436" />
      <TestMethod codeBase="D:\FOPCSProjects\CSExercisesTemplate\ExercisesTest\bin\Debug\ExercisesTest.dll" adapterTypeName="Microsoft.VisualStudio.TestTools.TestTypes.Unit.UnitTestAdapter" className="ExercisesTest.ExD2Test" name="ExD2_TestWithPositiveNumber2" />
    </UnitTest>
    <UnitTest name="ExD3_TestRepeatedly" storage="d:\fopcsprojects\csexercisestemplate\exercisestest\bin\debug\exercisestest.dll" id="5c4545c1-1c4b-68f6-8b78-e5e65fc45da5">
      <Execution id="657dbb58-b870-4dc9-a01c-6eea3aa6a78a" />
      <TestMethod codeBase="D:\FOPCSProjects\CSExercisesTemplate\ExercisesTest\bin\Debug\ExercisesTest.dll" adapterTypeName="Microsoft.VisualStudio.TestTools.TestTypes.Unit.UnitTestAdapter" className="ExercisesTest.ExD3Test" name="ExD3_TestRepeatedly" />
    </UnitTest>
    <UnitTest name="ExD4_TestSimpleNumber" storage="d:\fopcsprojects\csexercisestemplate\exercisestest\bin\debug\exercisestest.dll" id="41d254a0-3988-4fe8-c401-d6db7cf41541">
      <Execution id="e3a7ab3c-cb35-40ca-bfc5-be643011a594" />
      <TestMethod codeBase="D:\FOPCSProjects\CSExercisesTemplate\ExercisesTest\bin\Debug\ExercisesTest.dll" adapterTypeName="Microsoft.VisualStudio.TestTools.TestTypes.Unit.UnitTestAdapter" className="ExercisesTest.ExD4Test" name="ExD4_TestSimpleNumber" />
    </UnitTest>
    <UnitTest name="ExD4_TestBiggerNumber" storage="d:\fopcsprojects\csexercisestemplate\exercisestest\bin\debug\exercisestest.dll" id="f786c760-8fd9-385b-4101-e13a18a86146">
      <Execution id="ca0004cd-6042-4766-8c5b-0c8ee93797b8" />
      <TestMethod codeBase="D:\FOPCSProjects\CSExercisesTemplate\ExercisesTest\bin\Debug\ExercisesTest.dll" adapterTypeName="Microsoft.VisualStudio.TestTools.TestTypes.Unit.UnitTestAdapter" className="ExercisesTest.ExD4Test" name="ExD4_TestBiggerNumber" />
    </UnitTest>
    <UnitTest name="ExE1_TestSimpleNumber" storage="d:\fopcsprojects\csexercisestemplate\exercisestest\bin\debug\exercisestest.dll" id="93d33d17-2fa5-03db-e35e-54470f3d1f7b">
      <Execution id="38dd7f0d-f4db-4769-a960-23ff69e495d1" />
      <TestMethod codeBase="D:\FOPCSProjects\CSExercisesTemplate\ExercisesTest\bin\Debug\ExercisesTest.dll" adapterTypeName="Microsoft.VisualStudio.TestTools.TestTypes.Unit.UnitTestAdapter" className="ExercisesTest.ExE1Test" name="ExE1_TestSimpleNumber" />
    </UnitTest>
    <UnitTest name="ExE1_TestBiggerNumber" storage="d:\fopcsprojects\csexercisestemplate\exercisestest\bin\debug\exercisestest.dll" id="5a209ef6-6f45-28e6-9185-5b832c31792d">
      <Execution id="6b5fc85b-0a0c-41b9-a50b-d123038ead2c" />
      <TestMethod codeBase="D:\FOPCSProjects\CSExercisesTemplate\ExercisesTest\bin\Debug\ExercisesTest.dll" adapterTypeName="Microsoft.VisualStudio.TestTools.TestTypes.Unit.UnitTestAdapter" className="ExercisesTest.ExE1Test" name="ExE1_TestBiggerNumber" />
    </UnitTest>
    <UnitTest name="ExE2_TestTheOnlyCase" storage="d:\fopcsprojects\csexercisestemplate\exercisestest\bin\debug\exercisestest.dll" id="380d54ab-9eb4-5e4e-c1a8-b5b0e22a59a1">
      <Execution id="22c35c4b-9e71-4cd2-ae80-7c278ad03dc7" />
      <TestMethod codeBase="D:\FOPCSProjects\CSExercisesTemplate\ExercisesTest\bin\Debug\ExercisesTest.dll" adapterTypeName="Microsoft.VisualStudio.TestTools.TestTypes.Unit.UnitTestAdapter" className="ExercisesTest.ExE2Test" name="ExE2_TestTheOnlyCase" />
    </UnitTest>
    <UnitTest name="ExE3_Test241" storage="d:\fopcsprojects\csexercisestemplate\exercisestest\bin\debug\exercisestest.dll" id="48cf3a9e-0a50-a29b-8eb0-126dcc656f66">
      <Execution id="cffea4d5-0e83-438f-9dca-682a1766f29e" />
      <TestMethod codeBase="D:\FOPCSProjects\CSExercisesTemplate\ExercisesTest\bin\Debug\ExercisesTest.dll" adapterTypeName="Microsoft.VisualStudio.TestTools.TestTypes.Unit.UnitTestAdapter" className="ExercisesTest.ExE3Test" name="ExE3_Test241" />
    </UnitTest>
    <UnitTest name="ExE3_Test240" storage="d:\fopcsprojects\csexercisestemplate\exercisestest\bin\debug\exercisestest.dll" id="91e204a5-eff7-540d-d066-632080d4a971">
      <Execution id="bb0156ed-e0a1-49e6-9fa4-bfe94e772305" />
      <TestMethod codeBase="D:\FOPCSProjects\CSExercisesTemplate\ExercisesTest\bin\Debug\ExercisesTest.dll" adapterTypeName="Microsoft.VisualStudio.TestTools.TestTypes.Unit.UnitTestAdapter" className="ExercisesTest.ExE3Test" name="ExE3_Test240" />
    </UnitTest>
    <UnitTest name="ExE4_Test496" storage="d:\fopcsprojects\csexercisestemplate\exercisestest\bin\debug\exercisestest.dll" id="4f5a549c-a85c-793f-ddb0-ac8e48e5d0f1">
      <Execution id="95db4f74-87c1-4c44-9adf-5197de32ccb1" />
      <TestMethod codeBase="D:\FOPCSProjects\CSExercisesTemplate\ExercisesTest\bin\Debug\ExercisesTest.dll" adapterTypeName="Microsoft.VisualStudio.TestTools.TestTypes.Unit.UnitTestAdapter" className="ExercisesTest.ExE4Test" name="ExE4_Test496" />
    </UnitTest>
    <UnitTest name="ExE4_Test240" storage="d:\fopcsprojects\csexercisestemplate\exercisestest\bin\debug\exercisestest.dll" id="1dc75fae-43cb-7e63-4009-7965bd630b1a">
      <Execution id="20ed9b03-b713-40d4-b58d-d6ae40a17273" />
      <TestMethod codeBase="D:\FOPCSProjects\CSExercisesTemplate\ExercisesTest\bin\Debug\ExercisesTest.dll" adapterTypeName="Microsoft.VisualStudio.TestTools.TestTypes.Unit.UnitTestAdapter" className="ExercisesTest.ExE4Test" name="ExE4_Test240" />
    </UnitTest>
    <UnitTest name="ExE5_TestForTheOnlyTestCase" storage="d:\fopcsprojects\csexercisestemplate\exercisestest\bin\debug\exercisestest.dll" id="442295cb-ec7e-e437-f1f2-a6c136660fa9">
      <Execution id="4ff5bb15-8525-406f-a2db-58d1af4de7f2" />
      <TestMethod codeBase="D:\FOPCSProjects\CSExercisesTemplate\ExercisesTest\bin\Debug\ExercisesTest.dll" adapterTypeName="Microsoft.VisualStudio.TestTools.TestTypes.Unit.UnitTestAdapter" className="ExercisesTest.ExE5Test" name="ExE5_TestForTheOnlyTestCase" />
    </UnitTest>
    <UnitTest name="ExE6_TestForTheOnlyTestCase" storage="d:\fopcsprojects\csexercisestemplate\exercisestest\bin\debug\exercisestest.dll" id="d2aa1ef4-37c8-6f4f-caac-48633678d93a">
      <Execution id="5472eda9-26cb-4158-b9aa-c2c5b18a1130" />
      <TestMethod codeBase="D:\FOPCSProjects\CSExercisesTemplate\ExercisesTest\bin\Debug\ExercisesTest.dll" adapterTypeName="Microsoft.VisualStudio.TestTools.TestTypes.Unit.UnitTestAdapter" className="ExercisesTest.ExE6_Test" name="ExE6_TestForTheOnlyTestCase" />
    </UnitTest>
    <UnitTest name="ExF1_TestForTheOnlyTestCase" storage="d:\fopcsprojects\csexercisestemplate\exercisestest\bin\debug\exercisestest.dll" id="dc006c73-b7ad-39c4-a618-0510c48419f9">
      <Execution id="8387c756-a38a-4a39-9014-df9e86b3268d" />
      <TestMethod codeBase="D:\FOPCSProjects\CSExercisesTemplate\ExercisesTest\bin\Debug\ExercisesTest.dll" adapterTypeName="Microsoft.VisualStudio.TestTools.TestTypes.Unit.UnitTestAdapter" className="ExercisesTest.ExF1Test" name="ExF1_TestForTheOnlyTestCase" />
    </UnitTest>
    <UnitTest name="ExF2_TestForTheOrder" storage="d:\fopcsprojects\csexercisestemplate\exercisestest\bin\debug\exercisestest.dll" id="5af6480c-3862-4e94-bc2c-b24cac7ca661">
      <Execution id="7a7dc9d6-75d4-4005-9769-0d6e4d8a80d5" />
      <TestMethod codeBase="D:\FOPCSProjects\CSExercisesTemplate\ExercisesTest\bin\Debug\ExercisesTest.dll" adapterTypeName="Microsoft.VisualStudio.TestTools.TestTypes.Unit.UnitTestAdapter" className="ExercisesTest.ExF2Test" name="ExF2_TestForTheOrder" />
    </UnitTest>
    <UnitTest name="ExF3_TestForSomeOfTheResult" storage="d:\fopcsprojects\csexercisestemplate\exercisestest\bin\debug\exercisestest.dll" id="b02f104d-c4e9-55a3-ef13-4320e9fcd6ec">
      <Execution id="c9452371-5416-42c8-916f-1a7d401e7ca9" />
      <TestMethod codeBase="D:\FOPCSProjects\CSExercisesTemplate\ExercisesTest\bin\Debug\ExercisesTest.dll" adapterTypeName="Microsoft.VisualStudio.TestTools.TestTypes.Unit.UnitTestAdapter" className="ExercisesTest.ExF3Test" name="ExF3_TestForSomeOfTheResult" />
    </UnitTest>
    <UnitTest name="ExG1_TestWithABCDE" storage="d:\fopcsprojects\csexercisestemplate\exercisestest\bin\debug\exercisestest.dll" id="f30f2658-99db-d72e-9ec4-31a9938fa387">
      <Execution id="042bb2fe-d2a9-4b2e-8ef2-d36fc4786f46" />
      <TestMethod codeBase="D:\FOPCSProjects\CSExercisesTemplate\ExercisesTest\bin\Debug\ExercisesTest.dll" adapterTypeName="Microsoft.VisualStudio.TestTools.TestTypes.Unit.UnitTestAdapter" className="ExercisesTest.ExG1Test" name="ExG1_TestWithABCDE" />
    </UnitTest>
    <UnitTest name="ExG1_TestWithRycky" storage="d:\fopcsprojects\csexercisestemplate\exercisestest\bin\debug\exercisestest.dll" id="2e593488-b56a-eff0-ca82-e8d0bb44c159">
      <Execution id="4ec365af-2ab4-42fd-8045-6473a768944f" />
      <TestMethod codeBase="D:\FOPCSProjects\CSExercisesTemplate\ExercisesTest\bin\Debug\ExercisesTest.dll" adapterTypeName="Microsoft.VisualStudio.TestTools.TestTypes.Unit.UnitTestAdapter" className="ExercisesTest.ExG1Test" name="ExG1_TestWithRycky" />
    </UnitTest>
    <UnitTest name="ExG1_TestWithAeiou" storage="d:\fopcsprojects\csexercisestemplate\exercisestest\bin\debug\exercisestest.dll" id="ab2a1fc1-80f8-bc44-f298-ece577f665f6">
      <Execution id="2e20028c-c50f-4aaf-9145-b3b87d34258d" />
      <TestMethod codeBase="D:\FOPCSProjects\CSExercisesTemplate\ExercisesTest\bin\Debug\ExercisesTest.dll" adapterTypeName="Microsoft.VisualStudio.TestTools.TestTypes.Unit.UnitTestAdapter" className="ExercisesTest.ExG1Test" name="ExG1_TestWithAeiou" />
    </UnitTest>
    <UnitTest name="ExG2_TestWithMadam" storage="d:\fopcsprojects\csexercisestemplate\exercisestest\bin\debug\exercisestest.dll" id="18e3e622-092f-3e19-8553-2026a160f673">
      <Execution id="bc0cdba8-8cf3-4d2a-b7d8-4b59a503d3e9" />
      <TestMethod codeBase="D:\FOPCSProjects\CSExercisesTemplate\ExercisesTest\bin\Debug\ExercisesTest.dll" adapterTypeName="Microsoft.VisualStudio.TestTools.TestTypes.Unit.UnitTestAdapter" className="ExercisesTest.ExG2_Test" name="ExG2_TestWithMadam" />
    </UnitTest>
    <UnitTest name="ExG2_TestWithSanta" storage="d:\fopcsprojects\csexercisestemplate\exercisestest\bin\debug\exercisestest.dll" id="ee68900a-ee9e-ddba-3df4-cb4a828e02fb">
      <Execution id="9d53d1dc-f750-4e26-825f-53775d572e59" />
      <TestMethod codeBase="D:\FOPCSProjects\CSExercisesTemplate\ExercisesTest\bin\Debug\ExercisesTest.dll" adapterTypeName="Microsoft.VisualStudio.TestTools.TestTypes.Unit.UnitTestAdapter" className="ExercisesTest.ExG2_Test" name="ExG2_TestWithSanta" />
    </UnitTest>
    <UnitTest name="ExG2_TestWithISS" storage="d:\fopcsprojects\csexercisestemplate\exercisestest\bin\debug\exercisestest.dll" id="97c6c703-6d42-4b52-af58-5bc1820c63e6">
      <Execution id="783b46ed-661a-4b5a-9dfe-18c75c6aea70" />
      <TestMethod codeBase="D:\FOPCSProjects\CSExercisesTemplate\ExercisesTest\bin\Debug\ExercisesTest.dll" adapterTypeName="Microsoft.VisualStudio.TestTools.TestTypes.Unit.UnitTestAdapter" className="ExercisesTest.ExG2_Test" name="ExG2_TestWithISS" />
    </UnitTest>
    <UnitTest name="ExG3_TestWithOneWord" storage="d:\fopcsprojects\csexercisestemplate\exercisestest\bin\debug\exercisestest.dll" id="009b3f8f-dd80-521b-6dfb-99834ad4fb9f">
      <Execution id="ccfb9e0e-1e6f-48b6-90d5-f88696c3bb0c" />
      <TestMethod codeBase="D:\FOPCSProjects\CSExercisesTemplate\ExercisesTest\bin\Debug\ExercisesTest.dll" adapterTypeName="Microsoft.VisualStudio.TestTools.TestTypes.Unit.UnitTestAdapter" className="ExercisesTest.ExG3Test" name="ExG3_TestWithOneWord" />
    </UnitTest>
    <UnitTest name="ExG3_TestWithISS" storage="d:\fopcsprojects\csexercisestemplate\exercisestest\bin\debug\exercisestest.dll" id="ec776b73-93db-33b0-d71f-976483ca31f6">
      <Execution id="b22959e2-5a8a-4225-ae8e-061dbc331ab6" />
      <TestMethod codeBase="D:\FOPCSProjects\CSExercisesTemplate\ExercisesTest\bin\Debug\ExercisesTest.dll" adapterTypeName="Microsoft.VisualStudio.TestTools.TestTypes.Unit.UnitTestAdapter" className="ExercisesTest.ExG3Test" name="ExG3_TestWithISS" />
    </UnitTest>
    <UnitTest name="ExG4_TestOrder" storage="d:\fopcsprojects\csexercisestemplate\exercisestest\bin\debug\exercisestest.dll" id="e986587e-732a-eb08-f5bc-4cd7a66af95d">
      <Execution id="d0fb866d-be5a-478d-93b1-b6b3c9e2ff1a" />
      <TestMethod codeBase="D:\FOPCSProjects\CSExercisesTemplate\ExercisesTest\bin\Debug\ExercisesTest.dll" adapterTypeName="Microsoft.VisualStudio.TestTools.TestTypes.Unit.UnitTestAdapter" className="ExercisesTest.ExG4Test" name="ExG4_TestOrder" />
    </UnitTest>
    <UnitTest name="ExH1_TestOneChar" storage="d:\fopcsprojects\csexercisestemplate\exercisestest\bin\debug\exercisestest.dll" id="a4ae2f7a-bc59-f21f-0330-4520bbb34ec8">
      <Execution id="cebfe90e-df79-4ea4-b1f8-2d9477386a3f" />
      <TestMethod codeBase="D:\FOPCSProjects\CSExercisesTemplate\ExercisesTest\bin\Debug\ExercisesTest.dll" adapterTypeName="Microsoft.VisualStudio.TestTools.TestTypes.Unit.UnitTestAdapter" className="ExercisesTest.ExH1Test" name="ExH1_TestOneChar" />
    </UnitTest>
    <UnitTest name="ExH1_TestPositive1" storage="d:\fopcsprojects\csexercisestemplate\exercisestest\bin\debug\exercisestest.dll" id="c1d8227b-f44f-4db1-97da-6595d5433cbe">
      <Execution id="47966424-4fff-4c51-a6c9-2148f3d9248b" />
      <TestMethod codeBase="D:\FOPCSProjects\CSExercisesTemplate\ExercisesTest\bin\Debug\ExercisesTest.dll" adapterTypeName="Microsoft.VisualStudio.TestTools.TestTypes.Unit.UnitTestAdapter" className="ExercisesTest.ExH1Test" name="ExH1_TestPositive1" />
    </UnitTest>
    <UnitTest name="ExH1_TestPositive2" storage="d:\fopcsprojects\csexercisestemplate\exercisestest\bin\debug\exercisestest.dll" id="baf4c8f9-72bd-e9a1-3899-5f643a41cbac">
      <Execution id="4f253f13-f731-4f9a-badf-bafdac79366c" />
      <TestMethod codeBase="D:\FOPCSProjects\CSExercisesTemplate\ExercisesTest\bin\Debug\ExercisesTest.dll" adapterTypeName="Microsoft.VisualStudio.TestTools.TestTypes.Unit.UnitTestAdapter" className="ExercisesTest.ExH1Test" name="ExH1_TestPositive2" />
    </UnitTest>
    <UnitTest name="ExH1_TestNegative1" storage="d:\fopcsprojects\csexercisestemplate\exercisestest\bin\debug\exercisestest.dll" id="1df2cd5e-05cd-0340-279c-bf437d1b1fa6">
      <Execution id="d4889f77-18a9-4ecb-90e4-07b0cc638a0e" />
      <TestMethod codeBase="D:\FOPCSProjects\CSExercisesTemplate\ExercisesTest\bin\Debug\ExercisesTest.dll" adapterTypeName="Microsoft.VisualStudio.TestTools.TestTypes.Unit.UnitTestAdapter" className="ExercisesTest.ExH1Test" name="ExH1_TestNegative1" />
    </UnitTest>
    <UnitTest name="ExH1_TestNegative2" storage="d:\fopcsprojects\csexercisestemplate\exercisestest\bin\debug\exercisestest.dll" id="af9c61a0-f313-c3c8-1027-5c796a206b57">
      <Execution id="b6d58a5a-53f5-4f2b-b65d-f3c3eb38c353" />
      <TestMethod codeBase="D:\FOPCSProjects\CSExercisesTemplate\ExercisesTest\bin\Debug\ExercisesTest.dll" adapterTypeName="Microsoft.VisualStudio.TestTools.TestTypes.Unit.UnitTestAdapter" className="ExercisesTest.ExH1Test" name="ExH1_TestNegative2" />
    </UnitTest>
    <UnitTest name="ExH2_TestOneChar" storage="d:\fopcsprojects\csexercisestemplate\exercisestest\bin\debug\exercisestest.dll" id="3d7d1584-1c63-ac50-bc50-de50031518c4">
      <Execution id="e3421262-ffec-4314-bf60-8d2e39f45ee0" />
      <TestMethod codeBase="D:\FOPCSProjects\CSExercisesTemplate\ExercisesTest\bin\Debug\ExercisesTest.dll" adapterTypeName="Microsoft.VisualStudio.TestTools.TestTypes.Unit.UnitTestAdapter" className="ExercisesTest.ExH2Test" name="ExH2_TestOneChar" />
    </UnitTest>
    <UnitTest name="ExH2_TestPositive1" storage="d:\fopcsprojects\csexercisestemplate\exercisestest\bin\debug\exercisestest.dll" id="0edd46c6-0864-a084-7845-f3ab5a58d5e8">
      <Execution id="5c9d121a-2838-40fd-b3e5-95f740f0d6c1" />
      <TestMethod codeBase="D:\FOPCSProjects\CSExercisesTemplate\ExercisesTest\bin\Debug\ExercisesTest.dll" adapterTypeName="Microsoft.VisualStudio.TestTools.TestTypes.Unit.UnitTestAdapter" className="ExercisesTest.ExH2Test" name="ExH2_TestPositive1" />
    </UnitTest>
    <UnitTest name="ExH2_TestPositive2" storage="d:\fopcsprojects\csexercisestemplate\exercisestest\bin\debug\exercisestest.dll" id="cbb366c6-732e-4def-9a11-8dd886c0022f">
      <Execution id="b39c6d4f-9ac8-4691-a546-15b94c8d2d82" />
      <TestMethod codeBase="D:\FOPCSProjects\CSExercisesTemplate\ExercisesTest\bin\Debug\ExercisesTest.dll" adapterTypeName="Microsoft.VisualStudio.TestTools.TestTypes.Unit.UnitTestAdapter" className="ExercisesTest.ExH2Test" name="ExH2_TestPositive2" />
    </UnitTest>
    <UnitTest name="ExH2_TestNegative1" storage="d:\fopcsprojects\csexercisestemplate\exercisestest\bin\debug\exercisestest.dll" id="1ca2fccd-4727-4051-5830-7ec18c4d7263">
      <Execution id="d9543295-5254-49ee-90d8-ae0b9fc7c6f2" />
      <TestMethod codeBase="D:\FOPCSProjects\CSExercisesTemplate\ExercisesTest\bin\Debug\ExercisesTest.dll" adapterTypeName="Microsoft.VisualStudio.TestTools.TestTypes.Unit.UnitTestAdapter" className="ExercisesTest.ExH2Test" name="ExH2_TestNegative1" />
    </UnitTest>
    <UnitTest name="ExH2_TestNegative2" storage="d:\fopcsprojects\csexercisestemplate\exercisestest\bin\debug\exercisestest.dll" id="4744dcc3-4bcc-ce0e-885e-9c28396a533f">
      <Execution id="a36e3228-4905-4534-9145-05a414560246" />
      <TestMethod codeBase="D:\FOPCSProjects\CSExercisesTemplate\ExercisesTest\bin\Debug\ExercisesTest.dll" adapterTypeName="Microsoft.VisualStudio.TestTools.TestTypes.Unit.UnitTestAdapter" className="ExercisesTest.ExH2Test" name="ExH2_TestNegative2" />
    </UnitTest>
    <UnitTest name="ExH3_TestOneToOneHundred" storage="d:\fopcsprojects\csexercisestemplate\exercisestest\bin\debug\exercisestest.dll" id="8082022e-9ba0-4329-7312-ea4cd2cb3ab8">
      <Execution id="446249df-b501-4d9b-a32d-eb8f05de37f2" />
      <TestMethod codeBase="D:\FOPCSProjects\CSExercisesTemplate\ExercisesTest\bin\Debug\ExercisesTest.dll" adapterTypeName="Microsoft.VisualStudio.TestTools.TestTypes.Unit.UnitTestAdapter" className="ExercisesTest.ExH3Test" name="ExH3_TestOneToOneHundred" />
    </UnitTest>
    <UnitTest name="ExH4_TestNoSubstitution" storage="d:\fopcsprojects\csexercisestemplate\exercisestest\bin\debug\exercisestest.dll" id="d4549c3c-9899-20a6-9260-01b385ff068d">
      <Execution id="33fcb32b-9009-4584-b210-b5072b47b8c2" />
      <TestMethod codeBase="D:\FOPCSProjects\CSExercisesTemplate\ExercisesTest\bin\Debug\ExercisesTest.dll" adapterTypeName="Microsoft.VisualStudio.TestTools.TestTypes.Unit.UnitTestAdapter" className="ExercisesTest.ExH4Test" name="ExH4_TestNoSubstitution" />
    </UnitTest>
    <UnitTest name="ExH4_TestMultipleSubstitution" storage="d:\fopcsprojects\csexercisestemplate\exercisestest\bin\debug\exercisestest.dll" id="baa9a9c2-82c6-dfe0-e3fa-3cd1e3e7ccba">
      <Execution id="9128eb3f-d562-4fd7-8221-2328276fe288" />
      <TestMethod codeBase="D:\FOPCSProjects\CSExercisesTemplate\ExercisesTest\bin\Debug\ExercisesTest.dll" adapterTypeName="Microsoft.VisualStudio.TestTools.TestTypes.Unit.UnitTestAdapter" className="ExercisesTest.ExH4Test" name="ExH4_TestMultipleSubstitution" />
    </UnitTest>
    <UnitTest name="ExI1_Test195" storage="d:\fopcsprojects\csexercisestemplate\exercisestest\bin\debug\exercisestest.dll" id="b5297abf-74a9-3001-95eb-a1a261572d42">
      <Execution id="387727d4-a3df-49b9-8b06-5fa7a32f83f3" />
      <TestMethod codeBase="D:\FOPCSProjects\CSExercisesTemplate\ExercisesTest\bin\Debug\ExercisesTest.dll" adapterTypeName="Microsoft.VisualStudio.TestTools.TestTypes.Unit.UnitTestAdapter" className="ExercisesTest.ExI1Test" name="ExI1_Test195" />
    </UnitTest>
    <UnitTest name="Ex45_Test105" storage="d:\fopcsprojects\csexercisestemplate\exercisestest\bin\debug\exercisestest.dll" id="26ff1520-2742-f4bc-a1c3-8e5cdfc6dc23">
      <Execution id="0f017bf8-0f29-4a56-95a0-48b8b0e654d5" />
      <TestMethod codeBase="D:\FOPCSProjects\CSExercisesTemplate\ExercisesTest\bin\Debug\ExercisesTest.dll" adapterTypeName="Microsoft.VisualStudio.TestTools.TestTypes.Unit.UnitTestAdapter" className="ExercisesTest.ExI1Test" name="Ex45_Test105" />
    </UnitTest>
    <UnitTest name="ExI2_TestRandomMaybeAlotOfFalseResult" storage="d:\fopcsprojects\csexercisestemplate\exercisestest\bin\debug\exercisestest.dll" id="703d9bbb-ee8a-2635-69c5-fc611c620eee">
      <Execution id="13951385-f652-4b24-8d9e-f75d27fe858a" />
      <TestMethod codeBase="D:\FOPCSProjects\CSExercisesTemplate\ExercisesTest\bin\Debug\ExercisesTest.dll" adapterTypeName="Microsoft.VisualStudio.TestTools.TestTypes.Unit.UnitTestAdapter" className="ExercisesTest.ExI2Test" name="ExI2_TestRandomMaybeAlotOfFalseResult" />
    </UnitTest>
    <UnitTest name="ExA3_SquareOf0" storage="d:\fopcsprojects\csexercisestemplate\exercisestest\bin\debug\exercisestest.dll" id="3e520c80-0f62-a07e-65c9-318f860f601b">
      <Execution id="d19f026f-7376-4a10-861c-f8fd2fe98ed1" />
      <TestMethod codeBase="D:\FOPCSProjects\CSExercisesTemplate\ExercisesTest\bin\Debug\ExercisesTest.dll" adapterTypeName="Microsoft.VisualStudio.TestTools.TestTypes.Unit.UnitTestAdapter" className="ExercisesTest.ExA3Test" name="ExA3_SquareOf0" />
    </UnitTest>
    <UnitTest name="ExA3_SquareOf10" storage="d:\fopcsprojects\csexercisestemplate\exercisestest\bin\debug\exercisestest.dll" id="9335201e-0849-2837-cc1d-4fb4bfd54e5d">
      <Execution id="f900786a-bd63-4404-be2d-1ced172441a4" />
      <TestMethod codeBase="D:\FOPCSProjects\CSExercisesTemplate\ExercisesTest\bin\Debug\ExercisesTest.dll" adapterTypeName="Microsoft.VisualStudio.TestTools.TestTypes.Unit.UnitTestAdapter" className="ExercisesTest.ExA3Test" name="ExA3_SquareOf10" />
    </UnitTest>
    <UnitTest name="ExA3_SquareOfMin10" storage="d:\fopcsprojects\csexercisestemplate\exercisestest\bin\debug\exercisestest.dll" id="2f4488dd-19dd-82ed-e8ad-8944a67ad6c6">
      <Execution id="0642e691-7e15-4cdc-b09c-6d0007602a0d" />
      <TestMethod codeBase="D:\FOPCSProjects\CSExercisesTemplate\ExercisesTest\bin\Debug\ExercisesTest.dll" adapterTypeName="Microsoft.VisualStudio.TestTools.TestTypes.Unit.UnitTestAdapter" className="ExercisesTest.ExA3Test" name="ExA3_SquareOfMin10" />
    </UnitTest>
  </TestDefinitions>
  <TestEntries>
    <TestEntry testId="8d13645f-ace3-ee52-0b1f-b75f216a1c8a" executionId="15cb1204-1bec-4e16-9924-bba2d29c9a2a" testListId="8c84fa94-04c1-424b-9868-57a2d4851a1d" />
    <TestEntry testId="e3d43c25-4879-9987-1b05-886dcab007db" executionId="41e74161-e086-4629-9c1e-375aff50cce5" testListId="8c84fa94-04c1-424b-9868-57a2d4851a1d" />
    <TestEntry testId="97c4b883-ea03-6670-c7d7-8a5271d03002" executionId="a2d14f1d-3d4d-433e-adbd-893a58d73eed" testListId="8c84fa94-04c1-424b-9868-57a2d4851a1d" />
    <TestEntry testId="057093fc-37d3-acb2-7e8c-260165b052fe" executionId="4843dbac-2fc6-43b0-b3ea-cc9378c9a866" testListId="8c84fa94-04c1-424b-9868-57a2d4851a1d" />
    <TestEntry testId="9f43dc8a-28c1-8a57-a21b-12b5d329c479" executionId="0418478e-da36-43c8-a81e-36358d810558" testListId="8c84fa94-04c1-424b-9868-57a2d4851a1d" />
    <TestEntry testId="e77da0c1-e064-d298-63e2-55fde252db14" executionId="ac716a38-73af-401a-82cd-341409d972ef" testListId="8c84fa94-04c1-424b-9868-57a2d4851a1d" />
    <TestEntry testId="736ce668-007a-8538-cb57-b0aa4f59c7ed" executionId="8126cd69-68d8-4697-bf26-9173e5c01647" testListId="8c84fa94-04c1-424b-9868-57a2d4851a1d" />
    <TestEntry testId="159ba622-1904-2602-2526-72a12ffa196f" executionId="6e1f151b-0000-45c1-9ef3-a9f295e4e7e2" testListId="8c84fa94-04c1-424b-9868-57a2d4851a1d" />
    <TestEntry testId="4ce714ee-0184-d714-c26f-c0f025b421a2" executionId="10303321-d490-4725-a335-12f3c9320a37" testListId="8c84fa94-04c1-424b-9868-57a2d4851a1d" />
    <TestEntry testId="56a6c058-ff64-0a54-1bb8-aba4833eba62" executionId="0c2fe726-14ba-4f58-b61e-607778f1d980" testListId="8c84fa94-04c1-424b-9868-57a2d4851a1d" />
    <TestEntry testId="521f27a5-8565-5e7d-7db9-96f0742480e4" executionId="b72e77e0-b17c-485c-8b78-409f6c758e72" testListId="8c84fa94-04c1-424b-9868-57a2d4851a1d" />
    <TestEntry testId="d3c73420-c493-2580-26b5-713efb8af071" executionId="634c4f67-3e23-4db1-93dd-52a26058f967" testListId="8c84fa94-04c1-424b-9868-57a2d4851a1d" />
    <TestEntry testId="07543d53-3299-9504-fc22-6f3224244293" executionId="1dcc3151-a5e9-4f40-903b-51e379fc18c3" testListId="8c84fa94-04c1-424b-9868-57a2d4851a1d" />
    <TestEntry testId="547d9154-166e-a709-4ab7-dbf01b9db8a0" executionId="452a10de-6bcd-457c-bd72-5e4cc1e7443b" testListId="8c84fa94-04c1-424b-9868-57a2d4851a1d" />
    <TestEntry testId="ff06b2a1-aac2-2828-23bf-4e83c2715f17" executionId="0f2aa0b9-eab4-494a-bd9d-270bc0ac7c4e" testListId="8c84fa94-04c1-424b-9868-57a2d4851a1d" />
    <TestEntry testId="dd7a1cf7-7671-a70a-aef5-f365aedd4d0e" executionId="326e9607-13ad-45db-b16c-8bc5936485f8" testListId="8c84fa94-04c1-424b-9868-57a2d4851a1d" />
    <TestEntry testId="1e6e95e5-93d0-8567-b766-24daa399e7a5" executionId="598e543e-83d8-4e03-a79f-7ff6c9a98b91" testListId="8c84fa94-04c1-424b-9868-57a2d4851a1d" />
    <TestEntry testId="928f0289-fc26-87c9-cbcc-7860f04c41e5" executionId="452498ea-f041-4749-ba41-33b9a94b651a" testListId="8c84fa94-04c1-424b-9868-57a2d4851a1d" />
    <TestEntry testId="cf3fce46-434f-4b13-6b4c-ced354dd07f6" executionId="50f0cbf5-6d27-4ccd-89e0-6910b7818840" testListId="8c84fa94-04c1-424b-9868-57a2d4851a1d" />
    <TestEntry testId="76d0a13b-ab80-9522-b82c-80ef6e94b587" executionId="e61b2594-7d34-4272-a5a6-5abc519cb84e" testListId="8c84fa94-04c1-424b-9868-57a2d4851a1d" />
    <TestEntry testId="22a0a7fb-7586-1091-0284-41aa8e900d3a" executionId="73c5e07e-fa82-4454-9186-f2b15c3dff05" testListId="8c84fa94-04c1-424b-9868-57a2d4851a1d" />
    <TestEntry testId="220c17f5-86fd-d612-976c-3a2f2514a9ee" executionId="5e08d42e-2c22-4104-a729-f9179d14d4ce" testListId="8c84fa94-04c1-424b-9868-57a2d4851a1d" />
    <TestEntry testId="eeda8489-f414-b738-730a-b86d9a065988" executionId="be3bd975-f705-4acd-89b1-3e9511c1e2bd" testListId="8c84fa94-04c1-424b-9868-57a2d4851a1d" />
    <TestEntry testId="7c77c2c8-c4ae-c33d-b32c-0c27ea0a4ea6" executionId="50efc254-2403-43d4-9511-379ff387ea73" testListId="8c84fa94-04c1-424b-9868-57a2d4851a1d" />
    <TestEntry testId="06b9133f-4899-3a9e-2fb2-27c70cb6b199" executionId="cfe7954b-77fc-47ef-9922-505a6a00894e" testListId="8c84fa94-04c1-424b-9868-57a2d4851a1d" />
    <TestEntry testId="bb1830d4-461e-fe67-a1f1-5256b7d4a372" executionId="012c92b3-e96b-4c38-9f00-f883c4d82216" testListId="8c84fa94-04c1-424b-9868-57a2d4851a1d" />
    <TestEntry testId="b0fe1b76-85dd-996a-6897-764077fa221a" executionId="9fc69771-4dcc-4863-adea-7b7b95fbd1a3" testListId="8c84fa94-04c1-424b-9868-57a2d4851a1d" />
    <TestEntry testId="3e2b89e5-e2cc-63c8-e53e-5e4f06942620" executionId="1dc9068b-ba67-4bc7-88ba-2383ce026191" testListId="8c84fa94-04c1-424b-9868-57a2d4851a1d" />
    <TestEntry testId="09a74379-7aab-b6a3-6c3c-bf77ba90813f" executionId="72ae69cd-04a4-40ec-9c64-c35a9cd149bd" testListId="8c84fa94-04c1-424b-9868-57a2d4851a1d" />
    <TestEntry testId="5d10d8c6-9801-fba8-47ea-4f24d629e64e" executionId="8b339aaf-1ed2-4c7d-9d0e-043c97353284" testListId="8c84fa94-04c1-424b-9868-57a2d4851a1d" />
    <TestEntry testId="8a3c2921-0d21-9733-b802-8fd60efda746" executionId="3489795f-76df-4a38-81a1-797d230583c1" testListId="8c84fa94-04c1-424b-9868-57a2d4851a1d" />
    <TestEntry testId="d8f4ff5b-1da8-68e0-6735-dca747510bd3" executionId="71e299e8-b421-4046-9a96-a465a4933e99" testListId="8c84fa94-04c1-424b-9868-57a2d4851a1d" />
    <TestEntry testId="4c46834b-f4c3-08ad-a27c-3715addd7c00" executionId="d12ea409-bfd5-4692-be82-42ecfe325ca7" testListId="8c84fa94-04c1-424b-9868-57a2d4851a1d" />
    <TestEntry testId="4d421191-ce69-78f3-5526-c5d9422be733" executionId="9986cb55-0b3b-461e-8a06-48b96f05e034" testListId="8c84fa94-04c1-424b-9868-57a2d4851a1d" />
    <TestEntry testId="2514325f-8396-182f-50e8-0dd4b88ec67a" executionId="2ad6b73b-33ea-455e-8c7c-c46411b812e2" testListId="8c84fa94-04c1-424b-9868-57a2d4851a1d" />
    <TestEntry testId="2f64d7d7-397c-497d-5ac2-6f48b2c6e87a" executionId="c986cf22-1674-4a69-8904-7052491b179a" testListId="8c84fa94-04c1-424b-9868-57a2d4851a1d" />
    <TestEntry testId="2c0176f9-773e-372e-9030-1985551cf0c5" executionId="50fc7811-2d24-4670-af52-7f69259ebbf0" testListId="8c84fa94-04c1-424b-9868-57a2d4851a1d" />
    <TestEntry testId="f44f585d-496a-ceff-8ec5-5aa583d03039" executionId="8735c0a1-a8a9-4758-a59f-4d7126181859" testListId="8c84fa94-04c1-424b-9868-57a2d4851a1d" />
    <TestEntry testId="403ee091-5d56-e49f-11e0-a0069db2d71f" executionId="be1206af-591b-46e4-8549-cdbe9131953c" testListId="8c84fa94-04c1-424b-9868-57a2d4851a1d" />
    <TestEntry testId="61d166ef-4cfe-77e3-b543-897aca364290" executionId="94f0ec38-fe8e-4764-9e83-b67b438ff7e7" testListId="8c84fa94-04c1-424b-9868-57a2d4851a1d" />
    <TestEntry testId="f01da9c2-186f-f432-e2ea-a4bf6e6db11b" executionId="ecfbec30-33d1-4300-8506-052801278f77" testListId="8c84fa94-04c1-424b-9868-57a2d4851a1d" />
    <TestEntry testId="437f057a-e785-23b6-2c3b-fdb00373c2ea" executionId="d55d0eb3-46fb-4de8-9255-31d0cc8a746d" testListId="8c84fa94-04c1-424b-9868-57a2d4851a1d" />
    <TestEntry testId="2cc7dc39-d769-d794-e8ff-a77afcb7d16c" executionId="eba6083f-f771-4f7a-8e85-1f6c9d7bf1e7" testListId="8c84fa94-04c1-424b-9868-57a2d4851a1d" />
    <TestEntry testId="358b895f-9561-e345-43e3-0530571178f3" executionId="6c6495f2-8744-43b8-a037-ebbda8a19647" testListId="8c84fa94-04c1-424b-9868-57a2d4851a1d" />
    <TestEntry testId="5786c8fe-760a-f1e2-51f3-9bf03ba7c133" executionId="c44d37ec-4fad-4b4f-ab21-ad559090b007" testListId="8c84fa94-04c1-424b-9868-57a2d4851a1d" />
    <TestEntry testId="1d1c8a71-2287-e26b-162e-49d36eb500a6" executionId="30cd9e24-23c6-4a07-94df-9f6ccf2e9c54" testListId="8c84fa94-04c1-424b-9868-57a2d4851a1d" />
    <TestEntry testId="3f3b4237-6c70-8c91-dc5f-29e8e770339b" executionId="30eeb4d9-7ad1-4e57-a4ef-a5feb0448373" testListId="8c84fa94-04c1-424b-9868-57a2d4851a1d" />
    <TestEntry testId="66b3003b-1aa8-40bb-c162-a94b6568685b" executionId="1f0ab6ec-163d-4b42-a60f-b8bb8f608710" testListId="8c84fa94-04c1-424b-9868-57a2d4851a1d" />
    <TestEntry testId="b31774ee-007b-47f0-8e32-c6031c54d16f" executionId="4d03e8ae-329f-4df2-a4a7-f3d2ef18b951" testListId="8c84fa94-04c1-424b-9868-57a2d4851a1d" />
    <TestEntry testId="27d651a7-a3b9-7a3a-3e05-60be06064821" executionId="3400bf27-4202-42e7-8696-003acffc224c" testListId="8c84fa94-04c1-424b-9868-57a2d4851a1d" />
    <TestEntry testId="99cc52e4-4ede-d6f1-699a-639a70caf19e" executionId="80c59c64-ba4d-4e05-9e02-d09e5a46cb84" testListId="8c84fa94-04c1-424b-9868-57a2d4851a1d" />
    <TestEntry testId="f232122e-0613-e1ee-dfe5-9b85a22cd2b0" executionId="0e567dc5-f2e9-47c7-8cbc-66107b467a76" testListId="8c84fa94-04c1-424b-9868-57a2d4851a1d" />
    <TestEntry testId="ae4e66b0-9a29-2a92-aee9-fdf389c27fe6" executionId="ddbe31a4-323c-4ce5-88dd-503f7d5a4c71" testListId="8c84fa94-04c1-424b-9868-57a2d4851a1d" />
    <TestEntry testId="4297656f-1197-d292-0489-69d8ad93083c" executionId="6826b86e-b70f-41b4-8cb1-e4469c7373b9" testListId="8c84fa94-04c1-424b-9868-57a2d4851a1d" />
    <TestEntry testId="527da127-2853-1a9b-a2ad-f3585c728530" executionId="c65c358d-1876-4aa9-8556-60110123b2f3" testListId="8c84fa94-04c1-424b-9868-57a2d4851a1d" />
    <TestEntry testId="62915065-52ff-5fd8-8913-0189d77875c3" executionId="abc65452-e6f9-4b55-aa5d-eb9a86fc026a" testListId="8c84fa94-04c1-424b-9868-57a2d4851a1d" />
    <TestEntry testId="14d8a934-4e3c-5ff4-d896-b004187a9351" executionId="e9f88322-3c26-46fa-ad6e-505e30d2ff51" testListId="8c84fa94-04c1-424b-9868-57a2d4851a1d" />
    <TestEntry testId="8206a26a-e532-85c1-9aad-17a6a0a5bdf0" executionId="3332cf9e-a0bd-4a51-8d03-0aca29639c16" testListId="8c84fa94-04c1-424b-9868-57a2d4851a1d" />
    <TestEntry testId="59543185-c115-6f05-fde4-7a3a3cf60da3" executionId="1569a73c-dfaf-4303-bdb5-afaa59a2c9f8" testListId="8c84fa94-04c1-424b-9868-57a2d4851a1d" />
    <TestEntry testId="817d2cfb-2701-d099-0d77-7dda9f9ee260" executionId="10175320-7b63-4fac-9a0d-ebd949ed4624" testListId="8c84fa94-04c1-424b-9868-57a2d4851a1d" />
    <TestEntry testId="b3b356b0-b86d-68eb-f1fa-a1fb7eedeab6" executionId="96f5c248-82d3-4a13-9a1f-60969eeae14b" testListId="8c84fa94-04c1-424b-9868-57a2d4851a1d" />
    <TestEntry testId="37f78f12-4ace-98e0-52e8-3408fb66f00f" executionId="30168a58-5cd1-4def-a06a-9caff08c6472" testListId="8c84fa94-04c1-424b-9868-57a2d4851a1d" />
    <TestEntry testId="31cdd151-4b4e-8af1-a309-064dea303c76" executionId="37b2a464-020d-4267-93ba-dd15caa66436" testListId="8c84fa94-04c1-424b-9868-57a2d4851a1d" />
    <TestEntry testId="5c4545c1-1c4b-68f6-8b78-e5e65fc45da5" executionId="657dbb58-b870-4dc9-a01c-6eea3aa6a78a" testListId="8c84fa94-04c1-424b-9868-57a2d4851a1d" />
    <TestEntry testId="41d254a0-3988-4fe8-c401-d6db7cf41541" executionId="e3a7ab3c-cb35-40ca-bfc5-be643011a594" testListId="8c84fa94-04c1-424b-9868-57a2d4851a1d" />
    <TestEntry testId="f786c760-8fd9-385b-4101-e13a18a86146" executionId="ca0004cd-6042-4766-8c5b-0c8ee93797b8" testListId="8c84fa94-04c1-424b-9868-57a2d4851a1d" />
    <TestEntry testId="93d33d17-2fa5-03db-e35e-54470f3d1f7b" executionId="38dd7f0d-f4db-4769-a960-23ff69e495d1" testListId="8c84fa94-04c1-424b-9868-57a2d4851a1d" />
    <TestEntry testId="5a209ef6-6f45-28e6-9185-5b832c31792d" executionId="6b5fc85b-0a0c-41b9-a50b-d123038ead2c" testListId="8c84fa94-04c1-424b-9868-57a2d4851a1d" />
    <TestEntry testId="380d54ab-9eb4-5e4e-c1a8-b5b0e22a59a1" executionId="22c35c4b-9e71-4cd2-ae80-7c278ad03dc7" testListId="8c84fa94-04c1-424b-9868-57a2d4851a1d" />
    <TestEntry testId="48cf3a9e-0a50-a29b-8eb0-126dcc656f66" executionId="cffea4d5-0e83-438f-9dca-682a1766f29e" testListId="8c84fa94-04c1-424b-9868-57a2d4851a1d" />
    <TestEntry testId="91e204a5-eff7-540d-d066-632080d4a971" executionId="bb0156ed-e0a1-49e6-9fa4-bfe94e772305" testListId="8c84fa94-04c1-424b-9868-57a2d4851a1d" />
    <TestEntry testId="4f5a549c-a85c-793f-ddb0-ac8e48e5d0f1" executionId="95db4f74-87c1-4c44-9adf-5197de32ccb1" testListId="8c84fa94-04c1-424b-9868-57a2d4851a1d" />
    <TestEntry testId="1dc75fae-43cb-7e63-4009-7965bd630b1a" executionId="20ed9b03-b713-40d4-b58d-d6ae40a17273" testListId="8c84fa94-04c1-424b-9868-57a2d4851a1d" />
    <TestEntry testId="442295cb-ec7e-e437-f1f2-a6c136660fa9" executionId="4ff5bb15-8525-406f-a2db-58d1af4de7f2" testListId="8c84fa94-04c1-424b-9868-57a2d4851a1d" />
    <TestEntry testId="d2aa1ef4-37c8-6f4f-caac-48633678d93a" executionId="5472eda9-26cb-4158-b9aa-c2c5b18a1130" testListId="8c84fa94-04c1-424b-9868-57a2d4851a1d" />
    <TestEntry testId="dc006c73-b7ad-39c4-a618-0510c48419f9" executionId="8387c756-a38a-4a39-9014-df9e86b3268d" testListId="8c84fa94-04c1-424b-9868-57a2d4851a1d" />
    <TestEntry testId="5af6480c-3862-4e94-bc2c-b24cac7ca661" executionId="7a7dc9d6-75d4-4005-9769-0d6e4d8a80d5" testListId="8c84fa94-04c1-424b-9868-57a2d4851a1d" />
    <TestEntry testId="b02f104d-c4e9-55a3-ef13-4320e9fcd6ec" executionId="c9452371-5416-42c8-916f-1a7d401e7ca9" testListId="8c84fa94-04c1-424b-9868-57a2d4851a1d" />
    <TestEntry testId="f30f2658-99db-d72e-9ec4-31a9938fa387" executionId="042bb2fe-d2a9-4b2e-8ef2-d36fc4786f46" testListId="8c84fa94-04c1-424b-9868-57a2d4851a1d" />
    <TestEntry testId="2e593488-b56a-eff0-ca82-e8d0bb44c159" executionId="4ec365af-2ab4-42fd-8045-6473a768944f" testListId="8c84fa94-04c1-424b-9868-57a2d4851a1d" />
    <TestEntry testId="ab2a1fc1-80f8-bc44-f298-ece577f665f6" executionId="2e20028c-c50f-4aaf-9145-b3b87d34258d" testListId="8c84fa94-04c1-424b-9868-57a2d4851a1d" />
    <TestEntry testId="18e3e622-092f-3e19-8553-2026a160f673" executionId="bc0cdba8-8cf3-4d2a-b7d8-4b59a503d3e9" testListId="8c84fa94-04c1-424b-9868-57a2d4851a1d" />
    <TestEntry testId="ee68900a-ee9e-ddba-3df4-cb4a828e02fb" executionId="9d53d1dc-f750-4e26-825f-53775d572e59" testListId="8c84fa94-04c1-424b-9868-57a2d4851a1d" />
    <TestEntry testId="97c6c703-6d42-4b52-af58-5bc1820c63e6" executionId="783b46ed-661a-4b5a-9dfe-18c75c6aea70" testListId="8c84fa94-04c1-424b-9868-57a2d4851a1d" />
    <TestEntry testId="009b3f8f-dd80-521b-6dfb-99834ad4fb9f" executionId="ccfb9e0e-1e6f-48b6-90d5-f88696c3bb0c" testListId="8c84fa94-04c1-424b-9868-57a2d4851a1d" />
    <TestEntry testId="ec776b73-93db-33b0-d71f-976483ca31f6" executionId="b22959e2-5a8a-4225-ae8e-061dbc331ab6" testListId="8c84fa94-04c1-424b-9868-57a2d4851a1d" />
    <TestEntry testId="e986587e-732a-eb08-f5bc-4cd7a66af95d" executionId="d0fb866d-be5a-478d-93b1-b6b3c9e2ff1a" testListId="8c84fa94-04c1-424b-9868-57a2d4851a1d" />
    <TestEntry testId="a4ae2f7a-bc59-f21f-0330-4520bbb34ec8" executionId="cebfe90e-df79-4ea4-b1f8-2d9477386a3f" testListId="8c84fa94-04c1-424b-9868-57a2d4851a1d" />
    <TestEntry testId="c1d8227b-f44f-4db1-97da-6595d5433cbe" executionId="47966424-4fff-4c51-a6c9-2148f3d9248b" testListId="8c84fa94-04c1-424b-9868-57a2d4851a1d" />
    <TestEntry testId="baf4c8f9-72bd-e9a1-3899-5f643a41cbac" executionId="4f253f13-f731-4f9a-badf-bafdac79366c" testListId="8c84fa94-04c1-424b-9868-57a2d4851a1d" />
    <TestEntry testId="1df2cd5e-05cd-0340-279c-bf437d1b1fa6" executionId="d4889f77-18a9-4ecb-90e4-07b0cc638a0e" testListId="8c84fa94-04c1-424b-9868-57a2d4851a1d" />
    <TestEntry testId="af9c61a0-f313-c3c8-1027-5c796a206b57" executionId="b6d58a5a-53f5-4f2b-b65d-f3c3eb38c353" testListId="8c84fa94-04c1-424b-9868-57a2d4851a1d" />
    <TestEntry testId="3d7d1584-1c63-ac50-bc50-de50031518c4" executionId="e3421262-ffec-4314-bf60-8d2e39f45ee0" testListId="8c84fa94-04c1-424b-9868-57a2d4851a1d" />
    <TestEntry testId="0edd46c6-0864-a084-7845-f3ab5a58d5e8" executionId="5c9d121a-2838-40fd-b3e5-95f740f0d6c1" testListId="8c84fa94-04c1-424b-9868-57a2d4851a1d" />
    <TestEntry testId="cbb366c6-732e-4def-9a11-8dd886c0022f" executionId="b39c6d4f-9ac8-4691-a546-15b94c8d2d82" testListId="8c84fa94-04c1-424b-9868-57a2d4851a1d" />
    <TestEntry testId="1ca2fccd-4727-4051-5830-7ec18c4d7263" executionId="d9543295-5254-49ee-90d8-ae0b9fc7c6f2" testListId="8c84fa94-04c1-424b-9868-57a2d4851a1d" />
    <TestEntry testId="4744dcc3-4bcc-ce0e-885e-9c28396a533f" executionId="a36e3228-4905-4534-9145-05a414560246" testListId="8c84fa94-04c1-424b-9868-57a2d4851a1d" />
    <TestEntry testId="8082022e-9ba0-4329-7312-ea4cd2cb3ab8" executionId="446249df-b501-4d9b-a32d-eb8f05de37f2" testListId="8c84fa94-04c1-424b-9868-57a2d4851a1d" />
    <TestEntry testId="d4549c3c-9899-20a6-9260-01b385ff068d" executionId="33fcb32b-9009-4584-b210-b5072b47b8c2" testListId="8c84fa94-04c1-424b-9868-57a2d4851a1d" />
    <TestEntry testId="baa9a9c2-82c6-dfe0-e3fa-3cd1e3e7ccba" executionId="9128eb3f-d562-4fd7-8221-2328276fe288" testListId="8c84fa94-04c1-424b-9868-57a2d4851a1d" />
    <TestEntry testId="b5297abf-74a9-3001-95eb-a1a261572d42" executionId="387727d4-a3df-49b9-8b06-5fa7a32f83f3" testListId="8c84fa94-04c1-424b-9868-57a2d4851a1d" />
    <TestEntry testId="26ff1520-2742-f4bc-a1c3-8e5cdfc6dc23" executionId="0f017bf8-0f29-4a56-95a0-48b8b0e654d5" testListId="8c84fa94-04c1-424b-9868-57a2d4851a1d" />
    <TestEntry testId="703d9bbb-ee8a-2635-69c5-fc611c620eee" executionId="13951385-f652-4b24-8d9e-f75d27fe858a" testListId="8c84fa94-04c1-424b-9868-57a2d4851a1d" />
    <TestEntry testId="3e520c80-0f62-a07e-65c9-318f860f601b" executionId="d19f026f-7376-4a10-861c-f8fd2fe98ed1" testListId="8c84fa94-04c1-424b-9868-57a2d4851a1d" />
    <TestEntry testId="9335201e-0849-2837-cc1d-4fb4bfd54e5d" executionId="f900786a-bd63-4404-be2d-1ced172441a4" testListId="8c84fa94-04c1-424b-9868-57a2d4851a1d" />
    <TestEntry testId="2f4488dd-19dd-82ed-e8ad-8944a67ad6c6" executionId="0642e691-7e15-4cdc-b09c-6d0007602a0d" testListId="8c84fa94-04c1-424b-9868-57a2d4851a1d" />
  </TestEntries>
  <TestLists>
    <TestList name="Results Not in a List" id="8c84fa94-04c1-424b-9868-57a2d4851a1d" />
    <TestList name="All Loaded Results" id="19431567-8539-422a-85d7-44ee4e166bda" />
  </TestLists>
  <ResultSummary outcome="Failed">
    <Counters total="106" executed="106" passed="21" failed="85" error="0" timeout="0" aborted="0" inconclusive="0" passedButRunAborted="0" notRunnable="0" notExecuted="0" disconnected="0" warning="0" completed="0" inProgress="0" pending="0" />
  </ResultSummary>
</TestRun>