<?xml version="1.0" encoding="UTF-8"?>
<TestRun id="d1f27253-63cf-4409-9615-600393f7b4fa" name="E0046636@ISSCR3523 2016-08-15 09:57:40" runUser="ISS\E0046636" xmlns="http://microsoft.com/schemas/VisualStudio/TeamTest/2010">
  <Times creation="2016-08-15T09:57:40.3316979+08:00" queuing="2016-08-15T09:57:40.3316979+08:00" start="2016-08-15T09:57:40.3628991+08:00" finish="2016-08-15T09:57:40.5033045+08:00" />
  <TestSettings name="default" id="484c10f3-881e-4bac-8ab9-5ff954068563">
    <Execution>
      <TestTypeSpecific />
    </Execution>
    <Deployment runDeploymentRoot="E0046636_ISSCR3523 2016-08-15 09_57_40" />
    <Properties />
  </TestSettings>
  <Results>
    <UnitTestResult executionId="9cba9a3b-29ea-4e06-82d1-85ff3c363e46" testId="928f0289-fc26-87c9-cbcc-7860f04c41e5" testName="ExB1_TestWithZero" computerName="ISSCR3523" duration="00:00:00.0033964" startTime="2016-08-15T09:57:40.2692955+08:00" endTime="2016-08-15T09:57:40.3004967+08:00" testType="13cdc9d9-ddb5-4fa4-a97d-d965ccfc6d4b" outcome="Passed" testListId="8c84fa94-04c1-424b-9868-57a2d4851a1d" relativeResultsDirectory="9cba9a3b-29ea-4e06-82d1-85ff3c363e46" />
    <UnitTestResult executionId="7f2f1f87-4926-4b15-a222-79e33c3fcb7e" testId="cf3fce46-434f-4b13-6b4c-ced354dd07f6" testName="ExB1_TestWithRandomNumber" computerName="ISSCR3523" duration="00:00:00.0001002" startTime="2016-08-15T09:57:40.3160973+08:00" endTime="2016-08-15T09:57:40.3160973+08:00" testType="13cdc9d9-ddb5-4fa4-a97d-d965ccfc6d4b" outcome="Passed" testListId="8c84fa94-04c1-424b-9868-57a2d4851a1d" relativeResultsDirectory="7f2f1f87-4926-4b15-a222-79e33c3fcb7e" />
  </Results>
  <TestDefinitions>
    <UnitTest name="ExB1_TestWithZero" storage="d:\csexercises\exercisestest\bin\debug\exercisestest.dll" id="928f0289-fc26-87c9-cbcc-7860f04c41e5">
      <Execution id="9cba9a3b-29ea-4e06-82d1-85ff3c363e46" />
      <TestMethod codeBase="d:\CSExercises\ExercisesTest\bin\Debug\ExercisesTest.dll" adapterTypeName="Microsoft.VisualStudio.TestTools.TestTypes.Unit.UnitTestAdapter" className="ExercisesTest.ExB1Test" name="ExB1_TestWithZero" />
    </UnitTest>
    <UnitTest name="ExB1_TestWithRandomNumber" storage="d:\csexercises\exercisestest\bin\debug\exercisestest.dll" id="cf3fce46-434f-4b13-6b4c-ced354dd07f6">
      <Execution id="7f2f1f87-4926-4b15-a222-79e33c3fcb7e" />
      <TestMethod codeBase="d:\CSExercises\ExercisesTest\bin\Debug\ExercisesTest.dll" adapterTypeName="Microsoft.VisualStudio.TestTools.TestTypes.Unit.UnitTestAdapter" className="ExercisesTest.ExB1Test" name="ExB1_TestWithRandomNumber" />
    </UnitTest>
  </TestDefinitions>
  <TestEntries>
    <TestEntry testId="928f0289-fc26-87c9-cbcc-7860f04c41e5" executionId="9cba9a3b-29ea-4e06-82d1-85ff3c363e46" testListId="8c84fa94-04c1-424b-9868-57a2d4851a1d" />
    <TestEntry testId="cf3fce46-434f-4b13-6b4c-ced354dd07f6" executionId="7f2f1f87-4926-4b15-a222-79e33c3fcb7e" testListId="8c84fa94-04c1-424b-9868-57a2d4851a1d" />
  </TestEntries>
  <TestLists>
    <TestList name="Results Not in a List" id="8c84fa94-04c1-424b-9868-57a2d4851a1d" />
    <TestList name="All Loaded Results" id="19431567-8539-422a-85d7-44ee4e166bda" />
  </TestLists>
  <ResultSummary outcome="Completed">
    <Counters total="2" executed="2" passed="2" failed="0" error="0" timeout="0" aborted="0" inconclusive="0" passedButRunAborted="0" notRunnable="0" notExecuted="0" disconnected="0" warning="0" completed="0" inProgress="0" pending="0" />
  </ResultSummary>
</TestRun>